[2024-07-09T09:39:25.706+0000] {taskinstance.py:1979} INFO - Dependencies all met for dep_context=non-requeueable deps ti=<TaskInstance: customer_metrics.load_customer_transactions_raw manual__2024-07-09T09:39:16.724470+00:00 [queued]>
[2024-07-09T09:39:25.715+0000] {taskinstance.py:1979} INFO - Dependencies all met for dep_context=requeueable deps ti=<TaskInstance: customer_metrics.load_customer_transactions_raw manual__2024-07-09T09:39:16.724470+00:00 [queued]>
[2024-07-09T09:39:25.715+0000] {taskinstance.py:2193} INFO - Starting attempt 1 of 1
[2024-07-09T09:39:25.730+0000] {taskinstance.py:2214} INFO - Executing <Task(AirbyteTriggerSyncOperator): load_customer_transactions_raw> on 2024-07-09 09:39:16.724470+00:00
[2024-07-09T09:39:25.736+0000] {standard_task_runner.py:60} INFO - Started process 1904 to run task
[2024-07-09T09:39:25.739+0000] {standard_task_runner.py:87} INFO - Running: ['airflow', 'tasks', 'run', 'customer_metrics', 'load_customer_transactions_raw', 'manual__2024-07-09T09:39:16.724470+00:00', '--job-id', '143', '--raw', '--subdir', 'DAGS_FOLDER/customer_metrics.py', '--cfg-path', '/tmp/tmp5sksktx2']
[2024-07-09T09:39:25.741+0000] {standard_task_runner.py:88} INFO - Job 143: Subtask load_customer_transactions_raw
[2024-07-09T09:39:25.789+0000] {task_command.py:423} INFO - Running <TaskInstance: customer_metrics.load_customer_transactions_raw manual__2024-07-09T09:39:16.724470+00:00 [running]> on host 3726baa263d6
[2024-07-09T09:39:25.864+0000] {taskinstance.py:2510} INFO - Exporting env vars: AIRFLOW_CTX_DAG_OWNER='airflow' AIRFLOW_CTX_DAG_ID='customer_metrics' AIRFLOW_CTX_TASK_ID='load_customer_transactions_raw' AIRFLOW_CTX_EXECUTION_DATE='2024-07-09T09:39:16.724470+00:00' AIRFLOW_CTX_TRY_NUMBER='1' AIRFLOW_CTX_DAG_RUN_ID='manual__2024-07-09T09:39:16.724470+00:00'
[2024-07-09T09:39:25.873+0000] {base.py:83} INFO - Using connection ID 'airbyte' for task execution.
[2024-07-09T09:39:31.738+0000] {airbyte.py:86} INFO - Job 125 was submitted to Airbyte Server
[2024-07-09T09:39:31.738+0000] {airbyte.py:88} INFO - Waiting for job 125 to complete
[2024-07-09T09:39:34.758+0000] {base.py:83} INFO - Using connection ID 'airbyte' for task execution.
[2024-07-09T09:39:37.807+0000] {base.py:83} INFO - Using connection ID 'airbyte' for task execution.
[2024-07-09T09:39:40.831+0000] {base.py:83} INFO - Using connection ID 'airbyte' for task execution.
[2024-07-09T09:39:43.853+0000] {base.py:83} INFO - Using connection ID 'airbyte' for task execution.
[2024-07-09T09:39:46.882+0000] {base.py:83} INFO - Using connection ID 'airbyte' for task execution.
[2024-07-09T09:39:46.900+0000] {airbyte.py:112} INFO - Job 125 completed successfully
[2024-07-09T09:39:46.938+0000] {taskinstance.py:1149} INFO - Marking task as SUCCESS. dag_id=customer_metrics, task_id=load_customer_transactions_raw, execution_date=20240709T093916, start_date=20240709T093925, end_date=20240709T093946
[2024-07-09T09:39:46.984+0000] {local_task_job_runner.py:234} INFO - Task exited with return code 0
[2024-07-09T09:39:47.022+0000] {taskinstance.py:3309} INFO - 1 downstream tasks scheduled from follow-on schedule check
