[2024-07-09T09:01:48.283+0000] {taskinstance.py:1979} INFO - Dependencies all met for dep_context=non-requeueable deps ti=<TaskInstance: customer_metrics.publish.labeled_transactions_run manual__2024-07-09T08:59:26.285847+00:00 [queued]>
[2024-07-09T09:01:48.292+0000] {taskinstance.py:1979} INFO - Dependencies all met for dep_context=requeueable deps ti=<TaskInstance: customer_metrics.publish.labeled_transactions_run manual__2024-07-09T08:59:26.285847+00:00 [queued]>
[2024-07-09T09:01:48.293+0000] {taskinstance.py:2193} INFO - Starting attempt 1 of 1
[2024-07-09T09:01:48.308+0000] {taskinstance.py:2214} INFO - Executing <Task(DbtRunLocalOperator): publish.labeled_transactions_run> on 2024-07-09 08:59:26.285847+00:00
[2024-07-09T09:01:48.314+0000] {standard_task_runner.py:60} INFO - Started process 769 to run task
[2024-07-09T09:01:48.318+0000] {standard_task_runner.py:87} INFO - Running: ['airflow', 'tasks', 'run', 'customer_metrics', 'publish.labeled_transactions_run', 'manual__2024-07-09T08:59:26.285847+00:00', '--job-id', '55', '--raw', '--subdir', 'DAGS_FOLDER/customer_metrics.py', '--cfg-path', '/tmp/tmpi3j3612s']
[2024-07-09T09:01:48.320+0000] {standard_task_runner.py:88} INFO - Job 55: Subtask publish.labeled_transactions_run
[2024-07-09T09:01:48.373+0000] {task_command.py:423} INFO - Running <TaskInstance: customer_metrics.publish.labeled_transactions_run manual__2024-07-09T08:59:26.285847+00:00 [running]> on host 3726baa263d6
[2024-07-09T09:01:48.458+0000] {taskinstance.py:2510} INFO - Exporting env vars: AIRFLOW_CTX_DAG_OWNER='airflow' AIRFLOW_CTX_DAG_ID='customer_metrics' AIRFLOW_CTX_TASK_ID='publish.labeled_transactions_run' AIRFLOW_CTX_EXECUTION_DATE='2024-07-09T08:59:26.285847+00:00' AIRFLOW_CTX_TRY_NUMBER='1' AIRFLOW_CTX_DAG_RUN_ID='manual__2024-07-09T08:59:26.285847+00:00'
[2024-07-09T09:01:48.461+0000] {local.py:202} INFO - Cloning project to writable temp directory /tmp/tmpoiyyrfe4 from /opt/airflow/include/dbt/fraud
[2024-07-09T09:01:48.465+0000] {config.py:253} INFO - Using user-supplied profiles.yml at /opt/airflow/include/dbt/fraud/profiles.yml
[2024-07-09T09:01:48.465+0000] {local.py:235} INFO - Trying to run the command:
 ['/home/airflow/.local/bin/dbt', 'run', '--models', 'labeled_transactions', '--profiles-dir', '/opt/airflow/include/dbt/fraud', '--profile', 'fraud', '--target', 'dev']
From /tmp/tmpoiyyrfe4
[2024-07-09T09:01:48.466+0000] {local.py:236} INFO - Using environment variables keys: dict_keys(['AIRFLOW_CTX_DAG_OWNER', 'AIRFLOW_CTX_DAG_ID', 'AIRFLOW_CTX_TASK_ID', 'AIRFLOW_CTX_EXECUTION_DATE', 'AIRFLOW_CTX_TRY_NUMBER', 'AIRFLOW_CTX_DAG_RUN_ID'])
[2024-07-09T09:01:48.467+0000] {subprocess.py:60} INFO - Tmp dir root location: 
 /tmp
[2024-07-09T09:01:48.467+0000] {subprocess.py:73} INFO - Running command: ['/home/airflow/.local/bin/dbt', 'run', '--models', 'labeled_transactions', '--profiles-dir', '/opt/airflow/include/dbt/fraud', '--profile', 'fraud', '--target', 'dev']
[2024-07-09T09:01:48.477+0000] {subprocess.py:84} INFO - Command output:
[2024-07-09T09:01:49.836+0000] {subprocess.py:94} INFO - [0m09:01:49  Running with dbt=1.8.1
[2024-07-09T09:01:50.777+0000] {subprocess.py:94} INFO - [0m09:01:50  Registered adapter: snowflake=1.8.2
[2024-07-09T09:01:50.815+0000] {subprocess.py:94} INFO - [0m09:01:50  Unable to do partial parsing because saved manifest not found. Starting full parse.
[2024-07-09T09:01:52.243+0000] {subprocess.py:94} INFO - [0m09:01:52  Found 3 models, 444 macros
[2024-07-09T09:01:52.244+0000] {subprocess.py:94} INFO - [0m09:01:52
[2024-07-09T09:01:53.299+0000] {subprocess.py:94} INFO - [0m09:01:53  Concurrency: 1 threads (target='dev')
[2024-07-09T09:01:53.300+0000] {subprocess.py:94} INFO - [0m09:01:53
[2024-07-09T09:01:53.311+0000] {subprocess.py:94} INFO - [0m09:01:53  1 of 1 START sql table model prod.labeled_transactions ......................... [RUN]
[2024-07-09T09:01:54.071+0000] {subprocess.py:94} INFO - [0m09:01:54  1 of 1 OK created sql table model prod.labeled_transactions .................... [[32mSUCCESS 1[0m in 0.76s]
[2024-07-09T09:01:54.075+0000] {subprocess.py:94} INFO - [0m09:01:54
[2024-07-09T09:01:54.076+0000] {subprocess.py:94} INFO - [0m09:01:54  Finished running 1 table model in 0 hours 0 minutes and 1.83 seconds (1.83s).
[2024-07-09T09:01:54.109+0000] {subprocess.py:94} INFO - [0m09:01:54
[2024-07-09T09:01:54.111+0000] {subprocess.py:94} INFO - [0m09:01:54  [32mCompleted successfully[0m
[2024-07-09T09:01:54.111+0000] {subprocess.py:94} INFO - [0m09:01:54
[2024-07-09T09:01:54.112+0000] {subprocess.py:94} INFO - [0m09:01:54  Done. PASS=1 WARN=0 ERROR=0 SKIP=0 TOTAL=1
[2024-07-09T09:01:55.646+0000] {subprocess.py:98} INFO - Command exited with return code 0
[2024-07-09T09:01:55.659+0000] {local.py:138} WARNING - Artifact schema version: https://schemas.getdbt.com/dbt/manifest/v12.json is above dbt-ol supported version 7. This might cause errors.
[2024-07-09T09:01:55.660+0000] {local.py:138} WARNING - Artifact schema version: https://schemas.getdbt.com/dbt/run-results/v6.json is above dbt-ol supported version 5. This might cause errors.
[2024-07-09T09:01:55.668+0000] {local.py:252} INFO - Inlets: []
[2024-07-09T09:01:55.669+0000] {local.py:253} INFO - Outlets: [Dataset(uri='snowflake://wn29403.ap-southeast-3.aws/AIRBYTE_DATABASE.prod.labeled_transactions', extra=None)]
[2024-07-09T09:01:55.670+0000] {dag.py:3047} INFO - Sync 1 DAGs
[2024-07-09T09:01:55.700+0000] {dag.py:3834} INFO - Setting next_dagrun for customer_metrics to 2024-07-09 00:00:00+00:00, run_after=2024-07-10 00:00:00+00:00
[2024-07-09T09:01:55.737+0000] {local.py:371} INFO - [0m09:01:54  Done. PASS=1 WARN=0 ERROR=0 SKIP=0 TOTAL=1
[2024-07-09T09:01:55.743+0000] {logging_mixin.py:188} WARNING - /home/airflow/.local/lib/python3.8/site-packages/airflow/models/baseoperator.py:1469 RemovedInAirflow3Warning: Passing 'execution_date' to 'TaskInstance.xcom_push()' is deprecated.
[2024-07-09T09:01:55.773+0000] {taskinstance.py:1149} INFO - Marking task as SUCCESS. dag_id=customer_metrics, task_id=publish.labeled_transactions_run, execution_date=20240709T085926, start_date=20240709T090148, end_date=20240709T090155
[2024-07-09T09:01:55.844+0000] {local_task_job_runner.py:234} INFO - Task exited with return code 0
[2024-07-09T09:01:55.862+0000] {taskinstance.py:3309} INFO - 0 downstream tasks scheduled from follow-on schedule check
