[2024-07-09T09:35:12.921+0000] {taskinstance.py:1979} INFO - Dependencies all met for dep_context=non-requeueable deps ti=<TaskInstance: customer_metrics.load_labeled_transactions_raw manual__2024-07-09T09:35:02.454752+00:00 [queued]>
[2024-07-09T09:35:12.929+0000] {taskinstance.py:1979} INFO - Dependencies all met for dep_context=requeueable deps ti=<TaskInstance: customer_metrics.load_labeled_transactions_raw manual__2024-07-09T09:35:02.454752+00:00 [queued]>
[2024-07-09T09:35:12.931+0000] {taskinstance.py:2193} INFO - Starting attempt 1 of 1
[2024-07-09T09:35:12.945+0000] {taskinstance.py:2214} INFO - Executing <Task(AirbyteTriggerSyncOperator): load_labeled_transactions_raw> on 2024-07-09 09:35:02.454752+00:00
[2024-07-09T09:35:12.953+0000] {standard_task_runner.py:60} INFO - Started process 1092 to run task
[2024-07-09T09:35:12.956+0000] {standard_task_runner.py:87} INFO - Running: ['airflow', 'tasks', 'run', 'customer_metrics', 'load_labeled_transactions_raw', 'manual__2024-07-09T09:35:02.454752+00:00', '--job-id', '136', '--raw', '--subdir', 'DAGS_FOLDER/customer_metrics.py', '--cfg-path', '/tmp/tmpcvntcwdw']
[2024-07-09T09:35:12.958+0000] {standard_task_runner.py:88} INFO - Job 136: Subtask load_labeled_transactions_raw
[2024-07-09T09:35:13.009+0000] {task_command.py:423} INFO - Running <TaskInstance: customer_metrics.load_labeled_transactions_raw manual__2024-07-09T09:35:02.454752+00:00 [running]> on host 3726baa263d6
[2024-07-09T09:35:13.092+0000] {taskinstance.py:2510} INFO - Exporting env vars: AIRFLOW_CTX_DAG_OWNER='airflow' AIRFLOW_CTX_DAG_ID='customer_metrics' AIRFLOW_CTX_TASK_ID='load_labeled_transactions_raw' AIRFLOW_CTX_EXECUTION_DATE='2024-07-09T09:35:02.454752+00:00' AIRFLOW_CTX_TRY_NUMBER='1' AIRFLOW_CTX_DAG_RUN_ID='manual__2024-07-09T09:35:02.454752+00:00'
[2024-07-09T09:35:13.101+0000] {base.py:83} INFO - Using connection ID 'airbyte' for task execution.
[2024-07-09T09:35:13.651+0000] {airbyte.py:86} INFO - Job 122 was submitted to Airbyte Server
[2024-07-09T09:35:13.652+0000] {airbyte.py:88} INFO - Waiting for job 122 to complete
[2024-07-09T09:35:16.669+0000] {base.py:83} INFO - Using connection ID 'airbyte' for task execution.
[2024-07-09T09:35:19.715+0000] {base.py:83} INFO - Using connection ID 'airbyte' for task execution.
[2024-07-09T09:35:22.743+0000] {base.py:83} INFO - Using connection ID 'airbyte' for task execution.
[2024-07-09T09:35:25.765+0000] {base.py:83} INFO - Using connection ID 'airbyte' for task execution.
[2024-07-09T09:35:25.779+0000] {airbyte.py:112} INFO - Job 122 completed successfully
[2024-07-09T09:35:25.806+0000] {taskinstance.py:1149} INFO - Marking task as SUCCESS. dag_id=customer_metrics, task_id=load_labeled_transactions_raw, execution_date=20240709T093502, start_date=20240709T093512, end_date=20240709T093525
[2024-07-09T09:35:25.832+0000] {local_task_job_runner.py:234} INFO - Task exited with return code 0
[2024-07-09T09:35:25.856+0000] {taskinstance.py:3309} INFO - 0 downstream tasks scheduled from follow-on schedule check
