[2024-07-09T08:42:16.170+0000] {taskinstance.py:1979} INFO - Dependencies all met for dep_context=non-requeueable deps ti=<TaskInstance: customer_metrics.load_labeled_transactions_raw manual__2024-07-09T08:42:05.120238+00:00 [queued]>
[2024-07-09T08:42:16.179+0000] {taskinstance.py:1979} INFO - Dependencies all met for dep_context=requeueable deps ti=<TaskInstance: customer_metrics.load_labeled_transactions_raw manual__2024-07-09T08:42:05.120238+00:00 [queued]>
[2024-07-09T08:42:16.179+0000] {taskinstance.py:2193} INFO - Starting attempt 1 of 1
[2024-07-09T08:42:16.195+0000] {taskinstance.py:2214} INFO - Executing <Task(AirbyteTriggerSyncOperator): load_labeled_transactions_raw> on 2024-07-09 08:42:05.120238+00:00
[2024-07-09T08:42:16.200+0000] {standard_task_runner.py:60} INFO - Started process 1663 to run task
[2024-07-09T08:42:16.204+0000] {standard_task_runner.py:87} INFO - Running: ['airflow', 'tasks', 'run', 'customer_metrics', 'load_labeled_transactions_raw', 'manual__2024-07-09T08:42:05.120238+00:00', '--job-id', '39', '--raw', '--subdir', 'DAGS_FOLDER/customer_metrics.py', '--cfg-path', '/tmp/tmpq9245hlb']
[2024-07-09T08:42:16.206+0000] {standard_task_runner.py:88} INFO - Job 39: Subtask load_labeled_transactions_raw
[2024-07-09T08:42:16.262+0000] {task_command.py:423} INFO - Running <TaskInstance: customer_metrics.load_labeled_transactions_raw manual__2024-07-09T08:42:05.120238+00:00 [running]> on host 3726baa263d6
[2024-07-09T08:42:16.343+0000] {taskinstance.py:2510} INFO - Exporting env vars: AIRFLOW_CTX_DAG_OWNER='airflow' AIRFLOW_CTX_DAG_ID='customer_metrics' AIRFLOW_CTX_TASK_ID='load_labeled_transactions_raw' AIRFLOW_CTX_EXECUTION_DATE='2024-07-09T08:42:05.120238+00:00' AIRFLOW_CTX_TRY_NUMBER='1' AIRFLOW_CTX_DAG_RUN_ID='manual__2024-07-09T08:42:05.120238+00:00'
[2024-07-09T08:42:16.354+0000] {base.py:83} INFO - Using connection ID 'airbyte' for task execution.
[2024-07-09T08:42:26.441+0000] {airbyte.py:86} INFO - Job 67 was submitted to Airbyte Server
[2024-07-09T08:42:26.442+0000] {airbyte.py:88} INFO - Waiting for job 67 to complete
[2024-07-09T08:42:29.454+0000] {base.py:83} INFO - Using connection ID 'airbyte' for task execution.
[2024-07-09T08:42:32.515+0000] {base.py:83} INFO - Using connection ID 'airbyte' for task execution.
[2024-07-09T08:42:35.544+0000] {base.py:83} INFO - Using connection ID 'airbyte' for task execution.
[2024-07-09T08:42:38.566+0000] {base.py:83} INFO - Using connection ID 'airbyte' for task execution.
[2024-07-09T08:42:38.585+0000] {airbyte.py:112} INFO - Job 67 completed successfully
[2024-07-09T08:42:38.615+0000] {taskinstance.py:1149} INFO - Marking task as SUCCESS. dag_id=customer_metrics, task_id=load_labeled_transactions_raw, execution_date=20240709T084205, start_date=20240709T084216, end_date=20240709T084238
[2024-07-09T08:42:38.643+0000] {local_task_job_runner.py:234} INFO - Task exited with return code 0
[2024-07-09T08:42:38.665+0000] {taskinstance.py:3309} INFO - 0 downstream tasks scheduled from follow-on schedule check
