[2024-07-09T08:42:54.140+0000] {taskinstance.py:1979} INFO - Dependencies all met for dep_context=non-requeueable deps ti=<TaskInstance: customer_metrics.write_to_staging manual__2024-07-09T08:42:05.120238+00:00 [queued]>
[2024-07-09T08:42:54.149+0000] {taskinstance.py:1979} INFO - Dependencies all met for dep_context=requeueable deps ti=<TaskInstance: customer_metrics.write_to_staging manual__2024-07-09T08:42:05.120238+00:00 [queued]>
[2024-07-09T08:42:54.150+0000] {taskinstance.py:2193} INFO - Starting attempt 1 of 1
[2024-07-09T08:42:54.164+0000] {taskinstance.py:2214} INFO - Executing <Task(AirbyteTriggerSyncOperator): write_to_staging> on 2024-07-09 08:42:05.120238+00:00
[2024-07-09T08:42:54.171+0000] {standard_task_runner.py:60} INFO - Started process 1759 to run task
[2024-07-09T08:42:54.174+0000] {standard_task_runner.py:87} INFO - Running: ['airflow', 'tasks', 'run', 'customer_metrics', 'write_to_staging', 'manual__2024-07-09T08:42:05.120238+00:00', '--job-id', '40', '--raw', '--subdir', 'DAGS_FOLDER/customer_metrics.py', '--cfg-path', '/tmp/tmpjksdqbgx']
[2024-07-09T08:42:54.176+0000] {standard_task_runner.py:88} INFO - Job 40: Subtask write_to_staging
[2024-07-09T08:42:54.223+0000] {task_command.py:423} INFO - Running <TaskInstance: customer_metrics.write_to_staging manual__2024-07-09T08:42:05.120238+00:00 [running]> on host 3726baa263d6
[2024-07-09T08:42:54.300+0000] {taskinstance.py:2510} INFO - Exporting env vars: AIRFLOW_CTX_DAG_OWNER='airflow' AIRFLOW_CTX_DAG_ID='customer_metrics' AIRFLOW_CTX_TASK_ID='write_to_staging' AIRFLOW_CTX_EXECUTION_DATE='2024-07-09T08:42:05.120238+00:00' AIRFLOW_CTX_TRY_NUMBER='1' AIRFLOW_CTX_DAG_RUN_ID='manual__2024-07-09T08:42:05.120238+00:00'
[2024-07-09T08:42:54.310+0000] {base.py:83} INFO - Using connection ID 'airbyte' for task execution.
[2024-07-09T08:42:55.087+0000] {airbyte.py:86} INFO - Job 69 was submitted to Airbyte Server
[2024-07-09T08:42:55.088+0000] {airbyte.py:88} INFO - Waiting for job 69 to complete
[2024-07-09T08:42:58.101+0000] {base.py:83} INFO - Using connection ID 'airbyte' for task execution.
[2024-07-09T08:43:01.127+0000] {base.py:83} INFO - Using connection ID 'airbyte' for task execution.
[2024-07-09T08:43:04.157+0000] {base.py:83} INFO - Using connection ID 'airbyte' for task execution.
[2024-07-09T08:43:07.189+0000] {base.py:83} INFO - Using connection ID 'airbyte' for task execution.
[2024-07-09T08:43:10.214+0000] {base.py:83} INFO - Using connection ID 'airbyte' for task execution.
[2024-07-09T08:43:13.238+0000] {base.py:83} INFO - Using connection ID 'airbyte' for task execution.
[2024-07-09T08:43:13.255+0000] {airbyte.py:112} INFO - Job 69 completed successfully
[2024-07-09T08:43:13.280+0000] {taskinstance.py:1149} INFO - Marking task as SUCCESS. dag_id=customer_metrics, task_id=write_to_staging, execution_date=20240709T084205, start_date=20240709T084254, end_date=20240709T084313
[2024-07-09T08:43:13.339+0000] {local_task_job_runner.py:234} INFO - Task exited with return code 0
[2024-07-09T08:43:13.366+0000] {taskinstance.py:3309} INFO - 1 downstream tasks scheduled from follow-on schedule check
