[2024-07-09T09:04:18.082+0000] {taskinstance.py:1979} INFO - Dependencies all met for dep_context=non-requeueable deps ti=<TaskInstance: customer_metrics.load_customer_transactions_raw manual__2024-07-09T09:04:08.631974+00:00 [queued]>
[2024-07-09T09:04:18.093+0000] {taskinstance.py:1979} INFO - Dependencies all met for dep_context=requeueable deps ti=<TaskInstance: customer_metrics.load_customer_transactions_raw manual__2024-07-09T09:04:08.631974+00:00 [queued]>
[2024-07-09T09:04:18.094+0000] {taskinstance.py:2193} INFO - Starting attempt 1 of 1
[2024-07-09T09:04:18.109+0000] {taskinstance.py:2214} INFO - Executing <Task(AirbyteTriggerSyncOperator): load_customer_transactions_raw> on 2024-07-09 09:04:08.631974+00:00
[2024-07-09T09:04:18.115+0000] {standard_task_runner.py:60} INFO - Started process 1191 to run task
[2024-07-09T09:04:18.118+0000] {standard_task_runner.py:87} INFO - Running: ['airflow', 'tasks', 'run', 'customer_metrics', 'load_customer_transactions_raw', 'manual__2024-07-09T09:04:08.631974+00:00', '--job-id', '56', '--raw', '--subdir', 'DAGS_FOLDER/customer_metrics.py', '--cfg-path', '/tmp/tmpebe3c5hf']
[2024-07-09T09:04:18.120+0000] {standard_task_runner.py:88} INFO - Job 56: Subtask load_customer_transactions_raw
[2024-07-09T09:04:18.167+0000] {task_command.py:423} INFO - Running <TaskInstance: customer_metrics.load_customer_transactions_raw manual__2024-07-09T09:04:08.631974+00:00 [running]> on host 3726baa263d6
[2024-07-09T09:04:18.235+0000] {taskinstance.py:2510} INFO - Exporting env vars: AIRFLOW_CTX_DAG_OWNER='airflow' AIRFLOW_CTX_DAG_ID='customer_metrics' AIRFLOW_CTX_TASK_ID='load_customer_transactions_raw' AIRFLOW_CTX_EXECUTION_DATE='2024-07-09T09:04:08.631974+00:00' AIRFLOW_CTX_TRY_NUMBER='1' AIRFLOW_CTX_DAG_RUN_ID='manual__2024-07-09T09:04:08.631974+00:00'
[2024-07-09T09:04:18.244+0000] {base.py:83} INFO - Using connection ID 'airbyte' for task execution.
[2024-07-09T09:04:18.895+0000] {airbyte.py:86} INFO - Job 74 was submitted to Airbyte Server
[2024-07-09T09:04:18.896+0000] {airbyte.py:88} INFO - Waiting for job 74 to complete
[2024-07-09T09:04:21.918+0000] {base.py:83} INFO - Using connection ID 'airbyte' for task execution.
[2024-07-09T09:04:24.948+0000] {base.py:83} INFO - Using connection ID 'airbyte' for task execution.
[2024-07-09T09:04:27.973+0000] {base.py:83} INFO - Using connection ID 'airbyte' for task execution.
[2024-07-09T09:04:31.001+0000] {base.py:83} INFO - Using connection ID 'airbyte' for task execution.
[2024-07-09T09:04:34.027+0000] {base.py:83} INFO - Using connection ID 'airbyte' for task execution.
[2024-07-09T09:04:34.038+0000] {airbyte.py:112} INFO - Job 74 completed successfully
[2024-07-09T09:04:34.067+0000] {taskinstance.py:1149} INFO - Marking task as SUCCESS. dag_id=customer_metrics, task_id=load_customer_transactions_raw, execution_date=20240709T090408, start_date=20240709T090418, end_date=20240709T090434
[2024-07-09T09:04:34.129+0000] {local_task_job_runner.py:234} INFO - Task exited with return code 0
[2024-07-09T09:04:34.161+0000] {taskinstance.py:3309} INFO - 1 downstream tasks scheduled from follow-on schedule check
