[2024-07-09T09:01:48.119+0000] {taskinstance.py:1979} INFO - Dependencies all met for dep_context=non-requeueable deps ti=<TaskInstance: customer_metrics.publish.customer_transactions_run manual__2024-07-09T08:59:26.285847+00:00 [queued]>
[2024-07-09T09:01:48.129+0000] {taskinstance.py:1979} INFO - Dependencies all met for dep_context=requeueable deps ti=<TaskInstance: customer_metrics.publish.customer_transactions_run manual__2024-07-09T08:59:26.285847+00:00 [queued]>
[2024-07-09T09:01:48.130+0000] {taskinstance.py:2193} INFO - Starting attempt 1 of 1
[2024-07-09T09:01:48.144+0000] {taskinstance.py:2214} INFO - Executing <Task(DbtRunLocalOperator): publish.customer_transactions_run> on 2024-07-09 08:59:26.285847+00:00
[2024-07-09T09:01:48.152+0000] {standard_task_runner.py:60} INFO - Started process 767 to run task
[2024-07-09T09:01:48.157+0000] {standard_task_runner.py:87} INFO - Running: ['airflow', 'tasks', 'run', 'customer_metrics', 'publish.customer_transactions_run', 'manual__2024-07-09T08:59:26.285847+00:00', '--job-id', '54', '--raw', '--subdir', 'DAGS_FOLDER/customer_metrics.py', '--cfg-path', '/tmp/tmpdn4qkrq0']
[2024-07-09T09:01:48.159+0000] {standard_task_runner.py:88} INFO - Job 54: Subtask publish.customer_transactions_run
[2024-07-09T09:01:48.217+0000] {task_command.py:423} INFO - Running <TaskInstance: customer_metrics.publish.customer_transactions_run manual__2024-07-09T08:59:26.285847+00:00 [running]> on host 3726baa263d6
[2024-07-09T09:01:48.299+0000] {taskinstance.py:2510} INFO - Exporting env vars: AIRFLOW_CTX_DAG_OWNER='airflow' AIRFLOW_CTX_DAG_ID='customer_metrics' AIRFLOW_CTX_TASK_ID='publish.customer_transactions_run' AIRFLOW_CTX_EXECUTION_DATE='2024-07-09T08:59:26.285847+00:00' AIRFLOW_CTX_TRY_NUMBER='1' AIRFLOW_CTX_DAG_RUN_ID='manual__2024-07-09T08:59:26.285847+00:00'
[2024-07-09T09:01:48.302+0000] {local.py:202} INFO - Cloning project to writable temp directory /tmp/tmphj7jnhmu from /opt/airflow/include/dbt/fraud
[2024-07-09T09:01:48.307+0000] {config.py:253} INFO - Using user-supplied profiles.yml at /opt/airflow/include/dbt/fraud/profiles.yml
[2024-07-09T09:01:48.307+0000] {local.py:235} INFO - Trying to run the command:
 ['/home/airflow/.local/bin/dbt', 'run', '--models', 'customer_transactions', '--profiles-dir', '/opt/airflow/include/dbt/fraud', '--profile', 'fraud', '--target', 'dev']
From /tmp/tmphj7jnhmu
[2024-07-09T09:01:48.308+0000] {local.py:236} INFO - Using environment variables keys: dict_keys(['AIRFLOW_CTX_DAG_OWNER', 'AIRFLOW_CTX_DAG_ID', 'AIRFLOW_CTX_TASK_ID', 'AIRFLOW_CTX_EXECUTION_DATE', 'AIRFLOW_CTX_TRY_NUMBER', 'AIRFLOW_CTX_DAG_RUN_ID'])
[2024-07-09T09:01:48.309+0000] {subprocess.py:60} INFO - Tmp dir root location: 
 /tmp
[2024-07-09T09:01:48.309+0000] {subprocess.py:73} INFO - Running command: ['/home/airflow/.local/bin/dbt', 'run', '--models', 'customer_transactions', '--profiles-dir', '/opt/airflow/include/dbt/fraud', '--profile', 'fraud', '--target', 'dev']
[2024-07-09T09:01:48.321+0000] {subprocess.py:84} INFO - Command output:
[2024-07-09T09:01:49.662+0000] {subprocess.py:94} INFO - [0m09:01:49  Running with dbt=1.8.1
[2024-07-09T09:01:50.656+0000] {subprocess.py:94} INFO - [0m09:01:50  Registered adapter: snowflake=1.8.2
[2024-07-09T09:01:50.694+0000] {subprocess.py:94} INFO - [0m09:01:50  Unable to do partial parsing because saved manifest not found. Starting full parse.
[2024-07-09T09:01:52.057+0000] {subprocess.py:94} INFO - [0m09:01:52  Found 3 models, 444 macros
[2024-07-09T09:01:52.058+0000] {subprocess.py:94} INFO - [0m09:01:52
[2024-07-09T09:01:53.433+0000] {subprocess.py:94} INFO - [0m09:01:53  Concurrency: 1 threads (target='dev')
[2024-07-09T09:01:53.435+0000] {subprocess.py:94} INFO - [0m09:01:53
[2024-07-09T09:01:53.444+0000] {subprocess.py:94} INFO - [0m09:01:53  1 of 1 START sql table model prod.customer_transactions ........................ [RUN]
[2024-07-09T09:01:54.152+0000] {subprocess.py:94} INFO - [0m09:01:54  1 of 1 OK created sql table model prod.customer_transactions ................... [[32mSUCCESS 1[0m in 0.71s]
[2024-07-09T09:01:54.155+0000] {subprocess.py:94} INFO - [0m09:01:54
[2024-07-09T09:01:54.155+0000] {subprocess.py:94} INFO - [0m09:01:54  Finished running 1 table model in 0 hours 0 minutes and 2.10 seconds (2.10s).
[2024-07-09T09:01:54.186+0000] {subprocess.py:94} INFO - [0m09:01:54
[2024-07-09T09:01:54.187+0000] {subprocess.py:94} INFO - [0m09:01:54  [32mCompleted successfully[0m
[2024-07-09T09:01:54.188+0000] {subprocess.py:94} INFO - [0m09:01:54
[2024-07-09T09:01:54.188+0000] {subprocess.py:94} INFO - [0m09:01:54  Done. PASS=1 WARN=0 ERROR=0 SKIP=0 TOTAL=1
[2024-07-09T09:01:55.698+0000] {subprocess.py:98} INFO - Command exited with return code 0
[2024-07-09T09:01:55.712+0000] {local.py:138} WARNING - Artifact schema version: https://schemas.getdbt.com/dbt/manifest/v12.json is above dbt-ol supported version 7. This might cause errors.
[2024-07-09T09:01:55.713+0000] {local.py:138} WARNING - Artifact schema version: https://schemas.getdbt.com/dbt/run-results/v6.json is above dbt-ol supported version 5. This might cause errors.
[2024-07-09T09:01:55.721+0000] {local.py:252} INFO - Inlets: []
[2024-07-09T09:01:55.722+0000] {local.py:253} INFO - Outlets: [Dataset(uri='snowflake://wn29403.ap-southeast-3.aws/AIRBYTE_DATABASE.prod.customer_transactions', extra=None)]
[2024-07-09T09:01:55.723+0000] {dag.py:3047} INFO - Sync 1 DAGs
[2024-07-09T09:01:55.751+0000] {dag.py:3834} INFO - Setting next_dagrun for customer_metrics to 2024-07-09 00:00:00+00:00, run_after=2024-07-10 00:00:00+00:00
[2024-07-09T09:01:55.783+0000] {local.py:371} INFO - [0m09:01:54  Done. PASS=1 WARN=0 ERROR=0 SKIP=0 TOTAL=1
[2024-07-09T09:01:55.790+0000] {logging_mixin.py:188} WARNING - /home/airflow/.local/lib/python3.8/site-packages/airflow/models/baseoperator.py:1469 RemovedInAirflow3Warning: Passing 'execution_date' to 'TaskInstance.xcom_push()' is deprecated.
[2024-07-09T09:01:55.821+0000] {taskinstance.py:1149} INFO - Marking task as SUCCESS. dag_id=customer_metrics, task_id=publish.customer_transactions_run, execution_date=20240709T085926, start_date=20240709T090148, end_date=20240709T090155
[2024-07-09T09:01:55.888+0000] {local_task_job_runner.py:234} INFO - Task exited with return code 0
[2024-07-09T09:01:55.907+0000] {taskinstance.py:3309} INFO - 0 downstream tasks scheduled from follow-on schedule check
