[2024-07-09T09:17:29.308+0000] {taskinstance.py:1979} INFO - Dependencies all met for dep_context=non-requeueable deps ti=<TaskInstance: customer_metrics.write_to_staging manual__2024-07-09T09:16:46.766778+00:00 [queued]>
[2024-07-09T09:17:29.320+0000] {taskinstance.py:1979} INFO - Dependencies all met for dep_context=requeueable deps ti=<TaskInstance: customer_metrics.write_to_staging manual__2024-07-09T09:16:46.766778+00:00 [queued]>
[2024-07-09T09:17:29.321+0000] {taskinstance.py:2193} INFO - Starting attempt 1 of 1
[2024-07-09T09:17:29.338+0000] {taskinstance.py:2214} INFO - Executing <Task(AirbyteTriggerSyncOperator): write_to_staging> on 2024-07-09 09:16:46.766778+00:00
[2024-07-09T09:17:29.348+0000] {standard_task_runner.py:60} INFO - Started process 856 to run task
[2024-07-09T09:17:29.351+0000] {standard_task_runner.py:87} INFO - Running: ['airflow', 'tasks', 'run', 'customer_metrics', 'write_to_staging', 'manual__2024-07-09T09:16:46.766778+00:00', '--job-id', '88', '--raw', '--subdir', 'DAGS_FOLDER/customer_metrics.py', '--cfg-path', '/tmp/tmpu7_6a3nd']
[2024-07-09T09:17:29.354+0000] {standard_task_runner.py:88} INFO - Job 88: Subtask write_to_staging
[2024-07-09T09:17:29.419+0000] {task_command.py:423} INFO - Running <TaskInstance: customer_metrics.write_to_staging manual__2024-07-09T09:16:46.766778+00:00 [running]> on host 3726baa263d6
[2024-07-09T09:17:29.509+0000] {taskinstance.py:2510} INFO - Exporting env vars: AIRFLOW_CTX_DAG_OWNER='airflow' AIRFLOW_CTX_DAG_ID='customer_metrics' AIRFLOW_CTX_TASK_ID='write_to_staging' AIRFLOW_CTX_EXECUTION_DATE='2024-07-09T09:16:46.766778+00:00' AIRFLOW_CTX_TRY_NUMBER='1' AIRFLOW_CTX_DAG_RUN_ID='manual__2024-07-09T09:16:46.766778+00:00'
[2024-07-09T09:17:29.521+0000] {base.py:83} INFO - Using connection ID 'airbyte' for task execution.
[2024-07-09T09:17:35.764+0000] {airbyte.py:86} INFO - Job 85 was submitted to Airbyte Server
[2024-07-09T09:17:35.764+0000] {airbyte.py:88} INFO - Waiting for job 85 to complete
[2024-07-09T09:17:38.775+0000] {base.py:83} INFO - Using connection ID 'airbyte' for task execution.
[2024-07-09T09:17:41.802+0000] {base.py:83} INFO - Using connection ID 'airbyte' for task execution.
[2024-07-09T09:17:44.823+0000] {base.py:83} INFO - Using connection ID 'airbyte' for task execution.
[2024-07-09T09:17:47.858+0000] {base.py:83} INFO - Using connection ID 'airbyte' for task execution.
[2024-07-09T09:17:50.889+0000] {base.py:83} INFO - Using connection ID 'airbyte' for task execution.
[2024-07-09T09:17:53.911+0000] {base.py:83} INFO - Using connection ID 'airbyte' for task execution.
[2024-07-09T09:17:53.937+0000] {airbyte.py:112} INFO - Job 85 completed successfully
[2024-07-09T09:17:53.968+0000] {taskinstance.py:1149} INFO - Marking task as SUCCESS. dag_id=customer_metrics, task_id=write_to_staging, execution_date=20240709T091646, start_date=20240709T091729, end_date=20240709T091753
[2024-07-09T09:17:54.006+0000] {local_task_job_runner.py:234} INFO - Task exited with return code 0
[2024-07-09T09:17:54.031+0000] {taskinstance.py:3309} INFO - 1 downstream tasks scheduled from follow-on schedule check
