[2024-07-09T09:09:29.485+0000] {taskinstance.py:1979} INFO - Dependencies all met for dep_context=non-requeueable deps ti=<TaskInstance: customer_metrics.load_customer_transactions_raw manual__2024-07-09T09:09:20.209974+00:00 [queued]>
[2024-07-09T09:09:29.493+0000] {taskinstance.py:1979} INFO - Dependencies all met for dep_context=requeueable deps ti=<TaskInstance: customer_metrics.load_customer_transactions_raw manual__2024-07-09T09:09:20.209974+00:00 [queued]>
[2024-07-09T09:09:29.493+0000] {taskinstance.py:2193} INFO - Starting attempt 1 of 1
[2024-07-09T09:09:29.507+0000] {taskinstance.py:2214} INFO - Executing <Task(AirbyteTriggerSyncOperator): load_customer_transactions_raw> on 2024-07-09 09:09:20.209974+00:00
[2024-07-09T09:09:29.513+0000] {standard_task_runner.py:60} INFO - Started process 2312 to run task
[2024-07-09T09:09:29.515+0000] {standard_task_runner.py:87} INFO - Running: ['airflow', 'tasks', 'run', 'customer_metrics', 'load_customer_transactions_raw', 'manual__2024-07-09T09:09:20.209974+00:00', '--job-id', '69', '--raw', '--subdir', 'DAGS_FOLDER/customer_metrics.py', '--cfg-path', '/tmp/tmp1atqd1zo']
[2024-07-09T09:09:29.517+0000] {standard_task_runner.py:88} INFO - Job 69: Subtask load_customer_transactions_raw
[2024-07-09T09:09:29.572+0000] {task_command.py:423} INFO - Running <TaskInstance: customer_metrics.load_customer_transactions_raw manual__2024-07-09T09:09:20.209974+00:00 [running]> on host 3726baa263d6
[2024-07-09T09:09:29.651+0000] {taskinstance.py:2510} INFO - Exporting env vars: AIRFLOW_CTX_DAG_OWNER='airflow' AIRFLOW_CTX_DAG_ID='customer_metrics' AIRFLOW_CTX_TASK_ID='load_customer_transactions_raw' AIRFLOW_CTX_EXECUTION_DATE='2024-07-09T09:09:20.209974+00:00' AIRFLOW_CTX_TRY_NUMBER='1' AIRFLOW_CTX_DAG_RUN_ID='manual__2024-07-09T09:09:20.209974+00:00'
[2024-07-09T09:09:29.661+0000] {base.py:83} INFO - Using connection ID 'airbyte' for task execution.
[2024-07-09T09:09:31.680+0000] {airbyte.py:86} INFO - Job 80 was submitted to Airbyte Server
[2024-07-09T09:09:31.681+0000] {airbyte.py:88} INFO - Waiting for job 80 to complete
[2024-07-09T09:09:34.707+0000] {base.py:83} INFO - Using connection ID 'airbyte' for task execution.
[2024-07-09T09:09:37.754+0000] {base.py:83} INFO - Using connection ID 'airbyte' for task execution.
[2024-07-09T09:09:40.775+0000] {base.py:83} INFO - Using connection ID 'airbyte' for task execution.
[2024-07-09T09:09:43.791+0000] {base.py:83} INFO - Using connection ID 'airbyte' for task execution.
[2024-07-09T09:09:46.812+0000] {base.py:83} INFO - Using connection ID 'airbyte' for task execution.
[2024-07-09T09:09:46.821+0000] {airbyte.py:112} INFO - Job 80 completed successfully
[2024-07-09T09:09:46.846+0000] {taskinstance.py:1149} INFO - Marking task as SUCCESS. dag_id=customer_metrics, task_id=load_customer_transactions_raw, execution_date=20240709T090920, start_date=20240709T090929, end_date=20240709T090946
[2024-07-09T09:09:46.874+0000] {local_task_job_runner.py:234} INFO - Task exited with return code 0
[2024-07-09T09:09:46.901+0000] {taskinstance.py:3309} INFO - 1 downstream tasks scheduled from follow-on schedule check
