[2024-07-09T11:01:12.254+0000] {taskinstance.py:1979} INFO - Dependencies all met for dep_context=non-requeueable deps ti=<TaskInstance: customer_metrics.write_to_staging manual__2024-07-09T10:59:55.341383+00:00 [queued]>
[2024-07-09T11:01:12.266+0000] {taskinstance.py:1979} INFO - Dependencies all met for dep_context=requeueable deps ti=<TaskInstance: customer_metrics.write_to_staging manual__2024-07-09T10:59:55.341383+00:00 [queued]>
[2024-07-09T11:01:12.268+0000] {taskinstance.py:2193} INFO - Starting attempt 1 of 1
[2024-07-09T11:01:12.285+0000] {taskinstance.py:2214} INFO - Executing <Task(AirbyteTriggerSyncOperator): write_to_staging> on 2024-07-09 10:59:55.341383+00:00
[2024-07-09T11:01:12.294+0000] {standard_task_runner.py:60} INFO - Started process 4674 to run task
[2024-07-09T11:01:12.298+0000] {standard_task_runner.py:87} INFO - Running: ['airflow', 'tasks', 'run', 'customer_metrics', 'write_to_staging', 'manual__2024-07-09T10:59:55.341383+00:00', '--job-id', '181', '--raw', '--subdir', 'DAGS_FOLDER/customer_metrics.py', '--cfg-path', '/tmp/tmp2kg9tnyk']
[2024-07-09T11:01:12.302+0000] {standard_task_runner.py:88} INFO - Job 181: Subtask write_to_staging
[2024-07-09T11:01:12.418+0000] {task_command.py:423} INFO - Running <TaskInstance: customer_metrics.write_to_staging manual__2024-07-09T10:59:55.341383+00:00 [running]> on host 428c62206da4
[2024-07-09T11:01:12.546+0000] {taskinstance.py:2510} INFO - Exporting env vars: AIRFLOW_CTX_DAG_OWNER='airflow' AIRFLOW_CTX_DAG_ID='customer_metrics' AIRFLOW_CTX_TASK_ID='write_to_staging' AIRFLOW_CTX_EXECUTION_DATE='2024-07-09T10:59:55.341383+00:00' AIRFLOW_CTX_TRY_NUMBER='1' AIRFLOW_CTX_DAG_RUN_ID='manual__2024-07-09T10:59:55.341383+00:00'
[2024-07-09T11:01:12.560+0000] {base.py:83} INFO - Using connection ID 'airbyte' for task execution.
[2024-07-09T11:01:13.792+0000] {airbyte.py:86} INFO - Job 138 was submitted to Airbyte Server
[2024-07-09T11:01:13.793+0000] {airbyte.py:88} INFO - Waiting for job 138 to complete
[2024-07-09T11:01:16.812+0000] {base.py:83} INFO - Using connection ID 'airbyte' for task execution.
[2024-07-09T11:01:19.851+0000] {base.py:83} INFO - Using connection ID 'airbyte' for task execution.
[2024-07-09T11:01:22.894+0000] {base.py:83} INFO - Using connection ID 'airbyte' for task execution.
[2024-07-09T11:01:25.941+0000] {base.py:83} INFO - Using connection ID 'airbyte' for task execution.
[2024-07-09T11:01:29.005+0000] {base.py:83} INFO - Using connection ID 'airbyte' for task execution.
[2024-07-09T11:01:32.039+0000] {base.py:83} INFO - Using connection ID 'airbyte' for task execution.
[2024-07-09T11:01:35.071+0000] {base.py:83} INFO - Using connection ID 'airbyte' for task execution.
[2024-07-09T11:01:38.106+0000] {base.py:83} INFO - Using connection ID 'airbyte' for task execution.
[2024-07-09T11:01:38.133+0000] {airbyte.py:112} INFO - Job 138 completed successfully
[2024-07-09T11:01:38.179+0000] {taskinstance.py:1149} INFO - Marking task as SUCCESS. dag_id=customer_metrics, task_id=write_to_staging, execution_date=20240709T105955, start_date=20240709T110112, end_date=20240709T110138
[2024-07-09T11:01:38.227+0000] {local_task_job_runner.py:234} INFO - Task exited with return code 0
[2024-07-09T11:01:38.273+0000] {taskinstance.py:3309} INFO - 1 downstream tasks scheduled from follow-on schedule check
