[2024-07-09T10:17:15.137+0000] {taskinstance.py:1979} INFO - Dependencies all met for dep_context=non-requeueable deps ti=<TaskInstance: customer_metrics.load_customer_transactions_raw manual__2024-07-09T10:17:03.161498+00:00 [queued]>
[2024-07-09T10:17:15.146+0000] {taskinstance.py:1979} INFO - Dependencies all met for dep_context=requeueable deps ti=<TaskInstance: customer_metrics.load_customer_transactions_raw manual__2024-07-09T10:17:03.161498+00:00 [queued]>
[2024-07-09T10:17:15.146+0000] {taskinstance.py:2193} INFO - Starting attempt 1 of 1
[2024-07-09T10:17:15.160+0000] {taskinstance.py:2214} INFO - Executing <Task(AirbyteTriggerSyncOperator): load_customer_transactions_raw> on 2024-07-09 10:17:03.161498+00:00
[2024-07-09T10:17:15.167+0000] {standard_task_runner.py:60} INFO - Started process 422 to run task
[2024-07-09T10:17:15.169+0000] {standard_task_runner.py:87} INFO - Running: ['airflow', 'tasks', 'run', 'customer_metrics', 'load_customer_transactions_raw', 'manual__2024-07-09T10:17:03.161498+00:00', '--job-id', '170', '--raw', '--subdir', 'DAGS_FOLDER/customer_metrics.py', '--cfg-path', '/tmp/tmpr70b3mou']
[2024-07-09T10:17:15.171+0000] {standard_task_runner.py:88} INFO - Job 170: Subtask load_customer_transactions_raw
[2024-07-09T10:17:15.228+0000] {task_command.py:423} INFO - Running <TaskInstance: customer_metrics.load_customer_transactions_raw manual__2024-07-09T10:17:03.161498+00:00 [running]> on host 428c62206da4
[2024-07-09T10:17:15.311+0000] {taskinstance.py:2510} INFO - Exporting env vars: AIRFLOW_CTX_DAG_OWNER='airflow' AIRFLOW_CTX_DAG_ID='customer_metrics' AIRFLOW_CTX_TASK_ID='load_customer_transactions_raw' AIRFLOW_CTX_EXECUTION_DATE='2024-07-09T10:17:03.161498+00:00' AIRFLOW_CTX_TRY_NUMBER='1' AIRFLOW_CTX_DAG_RUN_ID='manual__2024-07-09T10:17:03.161498+00:00'
[2024-07-09T10:17:15.323+0000] {base.py:83} INFO - Using connection ID 'airbyte' for task execution.
[2024-07-09T10:17:23.438+0000] {airbyte.py:86} INFO - Job 134 was submitted to Airbyte Server
[2024-07-09T10:17:23.438+0000] {airbyte.py:88} INFO - Waiting for job 134 to complete
[2024-07-09T10:17:26.459+0000] {base.py:83} INFO - Using connection ID 'airbyte' for task execution.
[2024-07-09T10:17:29.633+0000] {base.py:83} INFO - Using connection ID 'airbyte' for task execution.
[2024-07-09T10:17:32.781+0000] {base.py:83} INFO - Using connection ID 'airbyte' for task execution.
[2024-07-09T10:17:35.829+0000] {base.py:83} INFO - Using connection ID 'airbyte' for task execution.
[2024-07-09T10:17:38.862+0000] {base.py:83} INFO - Using connection ID 'airbyte' for task execution.
[2024-07-09T10:17:41.906+0000] {base.py:83} INFO - Using connection ID 'airbyte' for task execution.
[2024-07-09T10:17:44.973+0000] {base.py:83} INFO - Using connection ID 'airbyte' for task execution.
[2024-07-09T10:17:45.037+0000] {airbyte.py:112} INFO - Job 134 completed successfully
[2024-07-09T10:17:45.074+0000] {taskinstance.py:1149} INFO - Marking task as SUCCESS. dag_id=customer_metrics, task_id=load_customer_transactions_raw, execution_date=20240709T101703, start_date=20240709T101715, end_date=20240709T101745
[2024-07-09T10:17:45.131+0000] {local_task_job_runner.py:234} INFO - Task exited with return code 0
[2024-07-09T10:17:45.170+0000] {taskinstance.py:3309} INFO - 1 downstream tasks scheduled from follow-on schedule check
