[2024-07-09T09:04:43.795+0000] {taskinstance.py:1979} INFO - Dependencies all met for dep_context=non-requeueable deps ti=<TaskInstance: customer_metrics.write_to_staging manual__2024-07-09T09:04:08.631974+00:00 [queued]>
[2024-07-09T09:04:43.804+0000] {taskinstance.py:1979} INFO - Dependencies all met for dep_context=requeueable deps ti=<TaskInstance: customer_metrics.write_to_staging manual__2024-07-09T09:04:08.631974+00:00 [queued]>
[2024-07-09T09:04:43.805+0000] {taskinstance.py:2193} INFO - Starting attempt 1 of 1
[2024-07-09T09:04:43.819+0000] {taskinstance.py:2214} INFO - Executing <Task(AirbyteTriggerSyncOperator): write_to_staging> on 2024-07-09 09:04:08.631974+00:00
[2024-07-09T09:04:43.826+0000] {standard_task_runner.py:60} INFO - Started process 1265 to run task
[2024-07-09T09:04:43.829+0000] {standard_task_runner.py:87} INFO - Running: ['airflow', 'tasks', 'run', 'customer_metrics', 'write_to_staging', 'manual__2024-07-09T09:04:08.631974+00:00', '--job-id', '58', '--raw', '--subdir', 'DAGS_FOLDER/customer_metrics.py', '--cfg-path', '/tmp/tmpiklel5jw']
[2024-07-09T09:04:43.831+0000] {standard_task_runner.py:88} INFO - Job 58: Subtask write_to_staging
[2024-07-09T09:04:43.878+0000] {task_command.py:423} INFO - Running <TaskInstance: customer_metrics.write_to_staging manual__2024-07-09T09:04:08.631974+00:00 [running]> on host 3726baa263d6
[2024-07-09T09:04:43.957+0000] {taskinstance.py:2510} INFO - Exporting env vars: AIRFLOW_CTX_DAG_OWNER='airflow' AIRFLOW_CTX_DAG_ID='customer_metrics' AIRFLOW_CTX_TASK_ID='write_to_staging' AIRFLOW_CTX_EXECUTION_DATE='2024-07-09T09:04:08.631974+00:00' AIRFLOW_CTX_TRY_NUMBER='1' AIRFLOW_CTX_DAG_RUN_ID='manual__2024-07-09T09:04:08.631974+00:00'
[2024-07-09T09:04:43.967+0000] {base.py:83} INFO - Using connection ID 'airbyte' for task execution.
[2024-07-09T09:04:50.652+0000] {airbyte.py:86} INFO - Job 75 was submitted to Airbyte Server
[2024-07-09T09:04:50.653+0000] {airbyte.py:88} INFO - Waiting for job 75 to complete
[2024-07-09T09:04:53.668+0000] {base.py:83} INFO - Using connection ID 'airbyte' for task execution.
[2024-07-09T09:04:56.694+0000] {base.py:83} INFO - Using connection ID 'airbyte' for task execution.
[2024-07-09T09:04:59.724+0000] {base.py:83} INFO - Using connection ID 'airbyte' for task execution.
[2024-07-09T09:05:02.753+0000] {base.py:83} INFO - Using connection ID 'airbyte' for task execution.
[2024-07-09T09:05:05.795+0000] {base.py:83} INFO - Using connection ID 'airbyte' for task execution.
[2024-07-09T09:05:08.828+0000] {base.py:83} INFO - Using connection ID 'airbyte' for task execution.
[2024-07-09T09:05:11.853+0000] {base.py:83} INFO - Using connection ID 'airbyte' for task execution.
[2024-07-09T09:05:11.868+0000] {airbyte.py:112} INFO - Job 75 completed successfully
[2024-07-09T09:05:11.897+0000] {taskinstance.py:1149} INFO - Marking task as SUCCESS. dag_id=customer_metrics, task_id=write_to_staging, execution_date=20240709T090408, start_date=20240709T090443, end_date=20240709T090511
[2024-07-09T09:05:11.927+0000] {local_task_job_runner.py:234} INFO - Task exited with return code 0
[2024-07-09T09:05:11.954+0000] {taskinstance.py:3309} INFO - 1 downstream tasks scheduled from follow-on schedule check
