[2024-07-09T11:00:12.495+0000] {taskinstance.py:1979} INFO - Dependencies all met for dep_context=non-requeueable deps ti=<TaskInstance: customer_metrics.load_labeled_transactions_raw manual__2024-07-09T10:59:55.341383+00:00 [queued]>
[2024-07-09T11:00:12.511+0000] {taskinstance.py:1979} INFO - Dependencies all met for dep_context=requeueable deps ti=<TaskInstance: customer_metrics.load_labeled_transactions_raw manual__2024-07-09T10:59:55.341383+00:00 [queued]>
[2024-07-09T11:00:12.512+0000] {taskinstance.py:2193} INFO - Starting attempt 1 of 1
[2024-07-09T11:00:12.540+0000] {taskinstance.py:2214} INFO - Executing <Task(AirbyteTriggerSyncOperator): load_labeled_transactions_raw> on 2024-07-09 10:59:55.341383+00:00
[2024-07-09T11:00:12.556+0000] {standard_task_runner.py:60} INFO - Started process 4535 to run task
[2024-07-09T11:00:12.561+0000] {standard_task_runner.py:87} INFO - Running: ['airflow', 'tasks', 'run', 'customer_metrics', 'load_labeled_transactions_raw', 'manual__2024-07-09T10:59:55.341383+00:00', '--job-id', '179', '--raw', '--subdir', 'DAGS_FOLDER/customer_metrics.py', '--cfg-path', '/tmp/tmplmqmcfu1']
[2024-07-09T11:00:12.566+0000] {standard_task_runner.py:88} INFO - Job 179: Subtask load_labeled_transactions_raw
[2024-07-09T11:00:12.649+0000] {task_command.py:423} INFO - Running <TaskInstance: customer_metrics.load_labeled_transactions_raw manual__2024-07-09T10:59:55.341383+00:00 [running]> on host 428c62206da4
[2024-07-09T11:00:12.783+0000] {taskinstance.py:2510} INFO - Exporting env vars: AIRFLOW_CTX_DAG_OWNER='airflow' AIRFLOW_CTX_DAG_ID='customer_metrics' AIRFLOW_CTX_TASK_ID='load_labeled_transactions_raw' AIRFLOW_CTX_EXECUTION_DATE='2024-07-09T10:59:55.341383+00:00' AIRFLOW_CTX_TRY_NUMBER='1' AIRFLOW_CTX_DAG_RUN_ID='manual__2024-07-09T10:59:55.341383+00:00'
[2024-07-09T11:00:12.797+0000] {base.py:83} INFO - Using connection ID 'airbyte' for task execution.
[2024-07-09T11:00:16.183+0000] {airbyte.py:86} INFO - Job 136 was submitted to Airbyte Server
[2024-07-09T11:00:16.184+0000] {airbyte.py:88} INFO - Waiting for job 136 to complete
[2024-07-09T11:00:19.203+0000] {base.py:83} INFO - Using connection ID 'airbyte' for task execution.
[2024-07-09T11:00:22.332+0000] {base.py:83} INFO - Using connection ID 'airbyte' for task execution.
[2024-07-09T11:00:25.396+0000] {base.py:83} INFO - Using connection ID 'airbyte' for task execution.
[2024-07-09T11:00:28.471+0000] {base.py:83} INFO - Using connection ID 'airbyte' for task execution.
[2024-07-09T11:00:31.608+0000] {base.py:83} INFO - Using connection ID 'airbyte' for task execution.
[2024-07-09T11:00:34.760+0000] {base.py:83} INFO - Using connection ID 'airbyte' for task execution.
[2024-07-09T11:00:37.808+0000] {base.py:83} INFO - Using connection ID 'airbyte' for task execution.
[2024-07-09T11:00:37.854+0000] {airbyte.py:112} INFO - Job 136 completed successfully
[2024-07-09T11:00:37.917+0000] {taskinstance.py:1149} INFO - Marking task as SUCCESS. dag_id=customer_metrics, task_id=load_labeled_transactions_raw, execution_date=20240709T105955, start_date=20240709T110012, end_date=20240709T110037
[2024-07-09T11:00:37.983+0000] {local_task_job_runner.py:234} INFO - Task exited with return code 0
[2024-07-09T11:00:38.040+0000] {taskinstance.py:3309} INFO - 0 downstream tasks scheduled from follow-on schedule check
