[2024-07-09T09:08:33.866+0000] {taskinstance.py:1979} INFO - Dependencies all met for dep_context=non-requeueable deps ti=<TaskInstance: customer_metrics.load_customer_transactions_raw manual__2024-07-09T09:08:24.416870+00:00 [queued]>
[2024-07-09T09:08:33.874+0000] {taskinstance.py:1979} INFO - Dependencies all met for dep_context=requeueable deps ti=<TaskInstance: customer_metrics.load_customer_transactions_raw manual__2024-07-09T09:08:24.416870+00:00 [queued]>
[2024-07-09T09:08:33.875+0000] {taskinstance.py:2193} INFO - Starting attempt 1 of 1
[2024-07-09T09:08:33.888+0000] {taskinstance.py:2214} INFO - Executing <Task(AirbyteTriggerSyncOperator): load_customer_transactions_raw> on 2024-07-09 09:08:24.416870+00:00
[2024-07-09T09:08:33.894+0000] {standard_task_runner.py:60} INFO - Started process 2015 to run task
[2024-07-09T09:08:33.898+0000] {standard_task_runner.py:87} INFO - Running: ['airflow', 'tasks', 'run', 'customer_metrics', 'load_customer_transactions_raw', 'manual__2024-07-09T09:08:24.416870+00:00', '--job-id', '65', '--raw', '--subdir', 'DAGS_FOLDER/customer_metrics.py', '--cfg-path', '/tmp/tmpseapn_w0']
[2024-07-09T09:08:33.904+0000] {standard_task_runner.py:88} INFO - Job 65: Subtask load_customer_transactions_raw
[2024-07-09T09:08:33.961+0000] {task_command.py:423} INFO - Running <TaskInstance: customer_metrics.load_customer_transactions_raw manual__2024-07-09T09:08:24.416870+00:00 [running]> on host 3726baa263d6
[2024-07-09T09:08:34.047+0000] {taskinstance.py:2510} INFO - Exporting env vars: AIRFLOW_CTX_DAG_OWNER='airflow' AIRFLOW_CTX_DAG_ID='customer_metrics' AIRFLOW_CTX_TASK_ID='load_customer_transactions_raw' AIRFLOW_CTX_EXECUTION_DATE='2024-07-09T09:08:24.416870+00:00' AIRFLOW_CTX_TRY_NUMBER='1' AIRFLOW_CTX_DAG_RUN_ID='manual__2024-07-09T09:08:24.416870+00:00'
[2024-07-09T09:08:34.057+0000] {base.py:83} INFO - Using connection ID 'airbyte' for task execution.
[2024-07-09T09:08:34.686+0000] {airbyte.py:86} INFO - Job 77 was submitted to Airbyte Server
[2024-07-09T09:08:34.686+0000] {airbyte.py:88} INFO - Waiting for job 77 to complete
[2024-07-09T09:08:37.707+0000] {base.py:83} INFO - Using connection ID 'airbyte' for task execution.
[2024-07-09T09:08:40.771+0000] {base.py:83} INFO - Using connection ID 'airbyte' for task execution.
[2024-07-09T09:08:43.799+0000] {base.py:83} INFO - Using connection ID 'airbyte' for task execution.
[2024-07-09T09:08:46.821+0000] {base.py:83} INFO - Using connection ID 'airbyte' for task execution.
[2024-07-09T09:08:49.844+0000] {base.py:83} INFO - Using connection ID 'airbyte' for task execution.
[2024-07-09T09:08:49.855+0000] {airbyte.py:112} INFO - Job 77 completed successfully
[2024-07-09T09:08:49.884+0000] {taskinstance.py:1149} INFO - Marking task as SUCCESS. dag_id=customer_metrics, task_id=load_customer_transactions_raw, execution_date=20240709T090824, start_date=20240709T090833, end_date=20240709T090849
[2024-07-09T09:08:49.915+0000] {local_task_job_runner.py:234} INFO - Task exited with return code 0
[2024-07-09T09:08:49.946+0000] {taskinstance.py:3309} INFO - 1 downstream tasks scheduled from follow-on schedule check
