[2024-07-09T10:18:37.137+0000] {taskinstance.py:1979} INFO - Dependencies all met for dep_context=non-requeueable deps ti=<TaskInstance: customer_metrics.audit_customer_transactions manual__2024-07-09T10:17:03.161498+00:00 [queued]>
[2024-07-09T10:18:37.148+0000] {taskinstance.py:1979} INFO - Dependencies all met for dep_context=requeueable deps ti=<TaskInstance: customer_metrics.audit_customer_transactions manual__2024-07-09T10:17:03.161498+00:00 [queued]>
[2024-07-09T10:18:37.149+0000] {taskinstance.py:2193} INFO - Starting attempt 1 of 1
[2024-07-09T10:18:37.167+0000] {taskinstance.py:2214} INFO - Executing <Task(_PythonExternalDecoratedOperator): audit_customer_transactions> on 2024-07-09 10:17:03.161498+00:00
[2024-07-09T10:18:37.176+0000] {standard_task_runner.py:60} INFO - Started process 695 to run task
[2024-07-09T10:18:37.179+0000] {standard_task_runner.py:87} INFO - Running: ['airflow', 'tasks', 'run', 'customer_metrics', 'audit_customer_transactions', 'manual__2024-07-09T10:17:03.161498+00:00', '--job-id', '173', '--raw', '--subdir', 'DAGS_FOLDER/customer_metrics.py', '--cfg-path', '/tmp/tmpnufs8o6e']
[2024-07-09T10:18:37.182+0000] {standard_task_runner.py:88} INFO - Job 173: Subtask audit_customer_transactions
[2024-07-09T10:18:37.242+0000] {task_command.py:423} INFO - Running <TaskInstance: customer_metrics.audit_customer_transactions manual__2024-07-09T10:17:03.161498+00:00 [running]> on host 428c62206da4
[2024-07-09T10:18:37.329+0000] {taskinstance.py:2510} INFO - Exporting env vars: AIRFLOW_CTX_DAG_OWNER='airflow' AIRFLOW_CTX_DAG_ID='customer_metrics' AIRFLOW_CTX_TASK_ID='audit_customer_transactions' AIRFLOW_CTX_EXECUTION_DATE='2024-07-09T10:17:03.161498+00:00' AIRFLOW_CTX_TRY_NUMBER='1' AIRFLOW_CTX_DAG_RUN_ID='manual__2024-07-09T10:17:03.161498+00:00'
[2024-07-09T10:18:37.371+0000] {python.py:913} WARNING - When checking for Airflow installed in virtual environment got Command '['/opt/airflow/soda_venv/bin/python', '-c', 'from airflow import __version__; print(__version__)']' returned non-zero exit status 1.
[2024-07-09T10:18:37.373+0000] {python.py:914} WARNING - This means that Airflow is not properly installed by  /opt/airflow/soda_venv/bin/python. Airflow context keys will not be available. Please Install Airflow 2.8.2 in your environment to access them.
[2024-07-09T10:18:37.437+0000] {process_utils.py:182} INFO - Executing cmd: /opt/airflow/soda_venv/bin/python /tmp/venv-call8eswfauy/script.py /tmp/venv-call8eswfauy/script.in /tmp/venv-call8eswfauy/script.out /tmp/venv-call8eswfauy/string_args.txt /tmp/venv-call8eswfauy/termination.log
[2024-07-09T10:18:37.455+0000] {process_utils.py:186} INFO - Output:
[2024-07-09T10:18:41.975+0000] {process_utils.py:190} INFO - Running Soda Scan ...
[2024-07-09T10:18:41.976+0000] {process_utils.py:190} INFO - INFO   | Soda Core 3.2.2
[2024-07-09T10:18:41.977+0000] {process_utils.py:190} INFO - DEBUG  | Reading configuration file "include/soda/configuration.yml"
[2024-07-09T10:18:41.985+0000] {process_utils.py:190} INFO - DEBUG  | Reading SodaCL file "include/soda/checks/tables/labeled_transactions.yml"
[2024-07-09T10:18:41.992+0000] {process_utils.py:190} INFO - DEBUG  | Reading SodaCL file "include/soda/checks/tables/customer_transactions.yml"
[2024-07-09T10:18:41.994+0000] {process_utils.py:190} INFO - DEBUG  | Scan execution starts
[2024-07-09T10:18:42.001+0000] {process_utils.py:190} INFO - DEBUG  | Query staging.customer_transactions.aggregation[0]:
[2024-07-09T10:18:42.002+0000] {process_utils.py:190} INFO - SELECT
[2024-07-09T10:18:42.002+0000] {process_utils.py:190} INFO -   COUNT(*),
[2024-07-09T10:18:42.003+0000] {process_utils.py:190} INFO -   COUNT(CASE WHEN transaction_id IS NULL THEN 1 END),
[2024-07-09T10:18:42.003+0000] {process_utils.py:190} INFO -   COUNT(CASE WHEN user_id IS NULL THEN 1 END),
[2024-07-09T10:18:42.003+0000] {process_utils.py:190} INFO -   COUNT(CASE WHEN transaction_date IS NULL THEN 1 END),
[2024-07-09T10:18:42.004+0000] {process_utils.py:190} INFO -   COUNT(CASE WHEN amount IS NULL THEN 1 END)
[2024-07-09T10:18:42.005+0000] {process_utils.py:190} INFO - FROM AIRBYTE_DATABASE.STAGING.customer_transactions
[2024-07-09T10:18:42.005+0000] {process_utils.py:190} INFO - DEBUG  | Query staging.customer_transactions.transaction_id.duplicate_count:
[2024-07-09T10:18:42.006+0000] {process_utils.py:190} INFO - 
[2024-07-09T10:18:42.007+0000] {process_utils.py:190} INFO - WITH frequencies AS (
[2024-07-09T10:18:42.007+0000] {process_utils.py:190} INFO -     SELECT COUNT(*) AS frequency
[2024-07-09T10:18:42.008+0000] {process_utils.py:190} INFO -     FROM AIRBYTE_DATABASE.STAGING.customer_transactions
[2024-07-09T10:18:42.008+0000] {process_utils.py:190} INFO -     WHERE transaction_id IS NOT NULL
[2024-07-09T10:18:42.009+0000] {process_utils.py:190} INFO -     GROUP BY transaction_id)
[2024-07-09T10:18:42.009+0000] {process_utils.py:190} INFO - SELECT COUNT(*)
[2024-07-09T10:18:42.010+0000] {process_utils.py:190} INFO - FROM frequencies
[2024-07-09T10:18:42.010+0000] {process_utils.py:190} INFO - WHERE frequency > 1
[2024-07-09T10:18:42.010+0000] {process_utils.py:190} INFO - DEBUG  | Query staging.customer_transactions.duplicate_count[transaction_id].failed_rows.aggregated:
[2024-07-09T10:18:42.011+0000] {process_utils.py:190} INFO - 
[2024-07-09T10:18:42.011+0000] {process_utils.py:190} INFO - WITH frequencies AS (
[2024-07-09T10:18:42.012+0000] {process_utils.py:190} INFO -     SELECT transaction_id, COUNT(*) AS frequency
[2024-07-09T10:18:42.012+0000] {process_utils.py:190} INFO -     FROM AIRBYTE_DATABASE.STAGING.customer_transactions
[2024-07-09T10:18:42.013+0000] {process_utils.py:190} INFO -     WHERE transaction_id IS NOT NULL
[2024-07-09T10:18:42.014+0000] {process_utils.py:190} INFO -     GROUP BY transaction_id)
[2024-07-09T10:18:42.014+0000] {process_utils.py:190} INFO - SELECT *
[2024-07-09T10:18:42.015+0000] {process_utils.py:190} INFO - FROM frequencies
[2024-07-09T10:18:42.015+0000] {process_utils.py:190} INFO - WHERE frequency > 1
[2024-07-09T10:18:42.015+0000] {process_utils.py:190} INFO - ORDER BY frequency DESC
[2024-07-09T10:18:42.016+0000] {process_utils.py:190} INFO - LIMIT 100
[2024-07-09T10:18:42.016+0000] {process_utils.py:190} INFO - DEBUG  | Query staging.customer_transactions.schema[customer_transactions]:
[2024-07-09T10:18:42.017+0000] {process_utils.py:190} INFO - SELECT column_name, data_type, is_nullable
[2024-07-09T10:18:42.017+0000] {process_utils.py:190} INFO - FROM information_schema.columns
[2024-07-09T10:18:42.017+0000] {process_utils.py:190} INFO - WHERE upper(table_name) = 'CUSTOMER_TRANSACTIONS'
[2024-07-09T10:18:42.018+0000] {process_utils.py:190} INFO -   AND upper(table_catalog) = 'AIRBYTE_DATABASE'
[2024-07-09T10:18:42.018+0000] {process_utils.py:190} INFO -   AND upper(table_schema) = 'STAGING'
[2024-07-09T10:18:42.019+0000] {process_utils.py:190} INFO - ORDER BY ORDINAL_POSITION
[2024-07-09T10:18:42.020+0000] {process_utils.py:190} INFO - INFO   | Scan summary:
[2024-07-09T10:18:42.021+0000] {process_utils.py:190} INFO - DEBUG  | 4/4 queries OK
[2024-07-09T10:18:42.021+0000] {process_utils.py:190} INFO - DEBUG  |   staging.customer_transactions.aggregation[0] [OK] 0:00:00.116199
[2024-07-09T10:18:42.022+0000] {process_utils.py:190} INFO - DEBUG  |   staging.customer_transactions.transaction_id.duplicate_count [OK] 0:00:00.083998
[2024-07-09T10:18:42.022+0000] {process_utils.py:190} INFO - DEBUG  |   staging.customer_transactions.duplicate_count[transaction_id].failed_rows.aggregated [OK] 0:00:00.059663
[2024-07-09T10:18:42.022+0000] {process_utils.py:190} INFO - DEBUG  |   staging.customer_transactions.schema[customer_transactions] [OK] 0:00:00.863076
[2024-07-09T10:18:42.023+0000] {process_utils.py:190} INFO - INFO   | 14/14 checks PASSED:
[2024-07-09T10:18:42.024+0000] {process_utils.py:190} INFO - INFO   |     customer_transactions in staging
[2024-07-09T10:18:42.024+0000] {process_utils.py:190} INFO - INFO   |       Table is empty [include/soda/checks/tables/labeled_transactions.yml] [PASSED]
[2024-07-09T10:18:42.025+0000] {process_utils.py:190} INFO - INFO   |         check_value: 382
[2024-07-09T10:18:42.025+0000] {process_utils.py:190} INFO - INFO   |       Schema Check [include/soda/checks/tables/labeled_transactions.yml] [PASSED]
[2024-07-09T10:18:42.026+0000] {process_utils.py:190} INFO - INFO   |         schema_measured = [_AIRBYTE_RAW_ID TEXT, _AIRBYTE_EXTRACTED_AT TIMESTAMP_TZ, _AIRBYTE_META VARIANT, AMOUNT FLOAT, USER_ID NUMBER, TRANSACTION_ID NUMBER, TRANSACTION_DATE TEXT, _AB_SOURCE_FILE_URL TEXT, _AB_SOURCE_FILE_LAST_MODIFIED TEXT]
[2024-07-09T10:18:42.026+0000] {process_utils.py:190} INFO - INFO   |       Table is empty [include/soda/checks/tables/customer_transactions.yml] [PASSED]
[2024-07-09T10:18:42.027+0000] {process_utils.py:190} INFO - INFO   |         check_value: 382
[2024-07-09T10:18:42.027+0000] {process_utils.py:190} INFO - INFO   |       Schema Check [include/soda/checks/tables/customer_transactions.yml] [PASSED]
[2024-07-09T10:18:42.027+0000] {process_utils.py:190} INFO - INFO   |         schema_measured = [_AIRBYTE_RAW_ID TEXT, _AIRBYTE_EXTRACTED_AT TIMESTAMP_TZ, _AIRBYTE_META VARIANT, AMOUNT FLOAT, USER_ID NUMBER, TRANSACTION_ID NUMBER, TRANSACTION_DATE TEXT, _AB_SOURCE_FILE_URL TEXT, _AB_SOURCE_FILE_LAST_MODIFIED TEXT]
[2024-07-09T10:18:42.028+0000] {process_utils.py:190} INFO - INFO   |       Duplicate transaction IDs [include/soda/checks/tables/labeled_transactions.yml] [PASSED]
[2024-07-09T10:18:42.028+0000] {process_utils.py:190} INFO - INFO   |         check_value: 0
[2024-07-09T10:18:42.029+0000] {process_utils.py:190} INFO - INFO   |       Transaction IDs cannot be null [include/soda/checks/tables/labeled_transactions.yml] [PASSED]
[2024-07-09T10:18:42.029+0000] {process_utils.py:190} INFO - INFO   |         check_value: 0
[2024-07-09T10:18:42.029+0000] {process_utils.py:190} INFO - INFO   |       Duplicate transaction ids [include/soda/checks/tables/customer_transactions.yml] [PASSED]
[2024-07-09T10:18:42.030+0000] {process_utils.py:190} INFO - INFO   |         check_value: 0
[2024-07-09T10:18:42.030+0000] {process_utils.py:190} INFO - INFO   |       Transactions ids missing in customer_transactions [include/soda/checks/tables/customer_transactions.yml] [PASSED]
[2024-07-09T10:18:42.030+0000] {process_utils.py:190} INFO - INFO   |         check_value: 0
[2024-07-09T10:18:42.031+0000] {process_utils.py:190} INFO - INFO   |       User IDs cannot be null [include/soda/checks/tables/labeled_transactions.yml] [PASSED]
[2024-07-09T10:18:42.032+0000] {process_utils.py:190} INFO - INFO   |         check_value: 0
[2024-07-09T10:18:42.032+0000] {process_utils.py:190} INFO - INFO   |       User ids missing in customer_transactions [include/soda/checks/tables/customer_transactions.yml] [PASSED]
[2024-07-09T10:18:42.033+0000] {process_utils.py:190} INFO - INFO   |         check_value: 0
[2024-07-09T10:18:42.034+0000] {process_utils.py:190} INFO - INFO   |       Transaction date cannot be null [include/soda/checks/tables/labeled_transactions.yml] [PASSED]
[2024-07-09T10:18:42.034+0000] {process_utils.py:190} INFO - INFO   |         check_value: 0
[2024-07-09T10:18:42.035+0000] {process_utils.py:190} INFO - INFO   |       transaction_date missing in customer_transactions [include/soda/checks/tables/customer_transactions.yml] [PASSED]
[2024-07-09T10:18:42.036+0000] {process_utils.py:190} INFO - INFO   |         check_value: 0
[2024-07-09T10:18:42.036+0000] {process_utils.py:190} INFO - INFO   |       Amount cannot be null [include/soda/checks/tables/labeled_transactions.yml] [PASSED]
[2024-07-09T10:18:42.037+0000] {process_utils.py:190} INFO - INFO   |         check_value: 0
[2024-07-09T10:18:42.038+0000] {process_utils.py:190} INFO - INFO   |       amount missing in customer_transactions [include/soda/checks/tables/customer_transactions.yml] [PASSED]
[2024-07-09T10:18:42.038+0000] {process_utils.py:190} INFO - INFO   |         check_value: 0
[2024-07-09T10:18:42.039+0000] {process_utils.py:190} INFO - INFO   | All is good. No failures. No warnings. No errors.
[2024-07-09T10:18:42.136+0000] {python.py:202} INFO - Done. Returned value was: None
[2024-07-09T10:18:42.149+0000] {taskinstance.py:1149} INFO - Marking task as SUCCESS. dag_id=customer_metrics, task_id=audit_customer_transactions, execution_date=20240709T101703, start_date=20240709T101837, end_date=20240709T101842
[2024-07-09T10:18:42.176+0000] {local_task_job_runner.py:234} INFO - Task exited with return code 0
[2024-07-09T10:18:42.203+0000] {taskinstance.py:3309} INFO - 1 downstream tasks scheduled from follow-on schedule check
