[2024-07-09T09:44:41.305+0000] {taskinstance.py:1979} INFO - Dependencies all met for dep_context=non-requeueable deps ti=<TaskInstance: customer_metrics.load_customer_transactions_raw manual__2024-07-09T09:44:31.700438+00:00 [queued]>
[2024-07-09T09:44:41.312+0000] {taskinstance.py:1979} INFO - Dependencies all met for dep_context=requeueable deps ti=<TaskInstance: customer_metrics.load_customer_transactions_raw manual__2024-07-09T09:44:31.700438+00:00 [queued]>
[2024-07-09T09:44:41.313+0000] {taskinstance.py:2193} INFO - Starting attempt 1 of 1
[2024-07-09T09:44:41.329+0000] {taskinstance.py:2214} INFO - Executing <Task(AirbyteTriggerSyncOperator): load_customer_transactions_raw> on 2024-07-09 09:44:31.700438+00:00
[2024-07-09T09:44:41.334+0000] {standard_task_runner.py:60} INFO - Started process 2792 to run task
[2024-07-09T09:44:41.337+0000] {standard_task_runner.py:87} INFO - Running: ['airflow', 'tasks', 'run', 'customer_metrics', 'load_customer_transactions_raw', 'manual__2024-07-09T09:44:31.700438+00:00', '--job-id', '151', '--raw', '--subdir', 'DAGS_FOLDER/customer_metrics.py', '--cfg-path', '/tmp/tmpz8_1q6om']
[2024-07-09T09:44:41.339+0000] {standard_task_runner.py:88} INFO - Job 151: Subtask load_customer_transactions_raw
[2024-07-09T09:44:41.387+0000] {task_command.py:423} INFO - Running <TaskInstance: customer_metrics.load_customer_transactions_raw manual__2024-07-09T09:44:31.700438+00:00 [running]> on host 3726baa263d6
[2024-07-09T09:44:41.466+0000] {taskinstance.py:2510} INFO - Exporting env vars: AIRFLOW_CTX_DAG_OWNER='airflow' AIRFLOW_CTX_DAG_ID='customer_metrics' AIRFLOW_CTX_TASK_ID='load_customer_transactions_raw' AIRFLOW_CTX_EXECUTION_DATE='2024-07-09T09:44:31.700438+00:00' AIRFLOW_CTX_TRY_NUMBER='1' AIRFLOW_CTX_DAG_RUN_ID='manual__2024-07-09T09:44:31.700438+00:00'
[2024-07-09T09:44:41.475+0000] {base.py:83} INFO - Using connection ID 'airbyte' for task execution.
[2024-07-09T09:44:42.034+0000] {airbyte.py:86} INFO - Job 127 was submitted to Airbyte Server
[2024-07-09T09:44:42.035+0000] {airbyte.py:88} INFO - Waiting for job 127 to complete
[2024-07-09T09:44:45.062+0000] {base.py:83} INFO - Using connection ID 'airbyte' for task execution.
[2024-07-09T09:44:48.093+0000] {base.py:83} INFO - Using connection ID 'airbyte' for task execution.
[2024-07-09T09:44:51.112+0000] {base.py:83} INFO - Using connection ID 'airbyte' for task execution.
[2024-07-09T09:44:54.130+0000] {base.py:83} INFO - Using connection ID 'airbyte' for task execution.
[2024-07-09T09:44:57.155+0000] {base.py:83} INFO - Using connection ID 'airbyte' for task execution.
[2024-07-09T09:44:57.169+0000] {airbyte.py:112} INFO - Job 127 completed successfully
[2024-07-09T09:44:57.199+0000] {taskinstance.py:1149} INFO - Marking task as SUCCESS. dag_id=customer_metrics, task_id=load_customer_transactions_raw, execution_date=20240709T094431, start_date=20240709T094441, end_date=20240709T094457
[2024-07-09T09:44:57.240+0000] {local_task_job_runner.py:234} INFO - Task exited with return code 0
[2024-07-09T09:44:57.272+0000] {taskinstance.py:3309} INFO - 1 downstream tasks scheduled from follow-on schedule check
