[2024-07-09T04:43:06.503+0000] {taskinstance.py:1979} INFO - Dependencies all met for dep_context=non-requeueable deps ti=<TaskInstance: customer_metrics.load_customer_transactions_raw scheduled__2024-07-08T00:00:00+00:00 [queued]>
[2024-07-09T04:43:06.511+0000] {taskinstance.py:1979} INFO - Dependencies all met for dep_context=requeueable deps ti=<TaskInstance: customer_metrics.load_customer_transactions_raw scheduled__2024-07-08T00:00:00+00:00 [queued]>
[2024-07-09T04:43:06.512+0000] {taskinstance.py:2193} INFO - Starting attempt 1 of 1
[2024-07-09T04:43:06.525+0000] {taskinstance.py:2214} INFO - Executing <Task(AirbyteTriggerSyncOperator): load_customer_transactions_raw> on 2024-07-08 00:00:00+00:00
[2024-07-09T04:43:06.531+0000] {standard_task_runner.py:60} INFO - Started process 459 to run task
[2024-07-09T04:43:06.533+0000] {standard_task_runner.py:87} INFO - Running: ['airflow', 'tasks', 'run', 'customer_metrics', 'load_customer_transactions_raw', 'scheduled__2024-07-08T00:00:00+00:00', '--job-id', '21', '--raw', '--subdir', 'DAGS_FOLDER/customer_metrics.py', '--cfg-path', '/tmp/tmphbquwa3m']
[2024-07-09T04:43:06.534+0000] {standard_task_runner.py:88} INFO - Job 21: Subtask load_customer_transactions_raw
[2024-07-09T04:43:06.584+0000] {task_command.py:423} INFO - Running <TaskInstance: customer_metrics.load_customer_transactions_raw scheduled__2024-07-08T00:00:00+00:00 [running]> on host 3726baa263d6
[2024-07-09T04:43:06.667+0000] {taskinstance.py:2510} INFO - Exporting env vars: AIRFLOW_CTX_DAG_OWNER='airflow' AIRFLOW_CTX_DAG_ID='customer_metrics' AIRFLOW_CTX_TASK_ID='load_customer_transactions_raw' AIRFLOW_CTX_EXECUTION_DATE='2024-07-08T00:00:00+00:00' AIRFLOW_CTX_TRY_NUMBER='1' AIRFLOW_CTX_DAG_RUN_ID='scheduled__2024-07-08T00:00:00+00:00'
[2024-07-09T04:43:06.678+0000] {base.py:83} INFO - Using connection ID 'airbyte' for task execution.
[2024-07-09T04:43:13.550+0000] {airbyte.py:86} INFO - Job 62 was submitted to Airbyte Server
[2024-07-09T04:43:13.551+0000] {airbyte.py:88} INFO - Waiting for job 62 to complete
[2024-07-09T04:43:16.576+0000] {base.py:83} INFO - Using connection ID 'airbyte' for task execution.
[2024-07-09T04:43:19.716+0000] {base.py:83} INFO - Using connection ID 'airbyte' for task execution.
[2024-07-09T04:43:22.804+0000] {base.py:83} INFO - Using connection ID 'airbyte' for task execution.
[2024-07-09T04:43:25.836+0000] {base.py:83} INFO - Using connection ID 'airbyte' for task execution.
[2024-07-09T04:43:28.869+0000] {base.py:83} INFO - Using connection ID 'airbyte' for task execution.
[2024-07-09T04:43:31.927+0000] {base.py:83} INFO - Using connection ID 'airbyte' for task execution.
[2024-07-09T04:43:31.952+0000] {airbyte.py:112} INFO - Job 62 completed successfully
[2024-07-09T04:43:31.976+0000] {taskinstance.py:1149} INFO - Marking task as SUCCESS. dag_id=customer_metrics, task_id=load_customer_transactions_raw, execution_date=20240708T000000, start_date=20240709T044306, end_date=20240709T044331
[2024-07-09T04:43:32.025+0000] {local_task_job_runner.py:234} INFO - Task exited with return code 0
[2024-07-09T04:43:32.066+0000] {taskinstance.py:3309} INFO - 0 downstream tasks scheduled from follow-on schedule check
[2024-07-09T09:16:57.382+0000] {taskinstance.py:1979} INFO - Dependencies all met for dep_context=non-requeueable deps ti=<TaskInstance: customer_metrics.load_customer_transactions_raw scheduled__2024-07-08T00:00:00+00:00 [queued]>
[2024-07-09T09:16:57.393+0000] {taskinstance.py:1979} INFO - Dependencies all met for dep_context=requeueable deps ti=<TaskInstance: customer_metrics.load_customer_transactions_raw scheduled__2024-07-08T00:00:00+00:00 [queued]>
[2024-07-09T09:16:57.394+0000] {taskinstance.py:2193} INFO - Starting attempt 1 of 1
[2024-07-09T09:16:57.413+0000] {taskinstance.py:2214} INFO - Executing <Task(AirbyteTriggerSyncOperator): load_customer_transactions_raw> on 2024-07-08 00:00:00+00:00
[2024-07-09T09:16:57.420+0000] {standard_task_runner.py:60} INFO - Started process 726 to run task
[2024-07-09T09:16:57.424+0000] {standard_task_runner.py:87} INFO - Running: ['airflow', 'tasks', 'run', 'customer_metrics', 'load_customer_transactions_raw', 'scheduled__2024-07-08T00:00:00+00:00', '--job-id', '87', '--raw', '--subdir', 'DAGS_FOLDER/customer_metrics.py', '--cfg-path', '/tmp/tmp_ar34rrp']
[2024-07-09T09:16:57.426+0000] {standard_task_runner.py:88} INFO - Job 87: Subtask load_customer_transactions_raw
[2024-07-09T09:16:57.481+0000] {task_command.py:423} INFO - Running <TaskInstance: customer_metrics.load_customer_transactions_raw scheduled__2024-07-08T00:00:00+00:00 [running]> on host 3726baa263d6
[2024-07-09T09:16:57.562+0000] {taskinstance.py:2510} INFO - Exporting env vars: AIRFLOW_CTX_DAG_OWNER='airflow' AIRFLOW_CTX_DAG_ID='customer_metrics' AIRFLOW_CTX_TASK_ID='load_customer_transactions_raw' AIRFLOW_CTX_EXECUTION_DATE='2024-07-08T00:00:00+00:00' AIRFLOW_CTX_TRY_NUMBER='1' AIRFLOW_CTX_DAG_RUN_ID='scheduled__2024-07-08T00:00:00+00:00'
[2024-07-09T09:16:57.573+0000] {base.py:83} INFO - Using connection ID 'airbyte' for task execution.
[2024-07-09T09:17:00.865+0000] {airbyte.py:86} INFO - Job 84 was submitted to Airbyte Server
[2024-07-09T09:17:00.866+0000] {airbyte.py:88} INFO - Waiting for job 84 to complete
[2024-07-09T09:17:03.894+0000] {base.py:83} INFO - Using connection ID 'airbyte' for task execution.
[2024-07-09T09:17:07.082+0000] {base.py:83} INFO - Using connection ID 'airbyte' for task execution.
[2024-07-09T09:17:10.151+0000] {base.py:83} INFO - Using connection ID 'airbyte' for task execution.
[2024-07-09T09:17:13.188+0000] {base.py:83} INFO - Using connection ID 'airbyte' for task execution.
[2024-07-09T09:17:16.221+0000] {base.py:83} INFO - Using connection ID 'airbyte' for task execution.
[2024-07-09T09:17:19.263+0000] {base.py:83} INFO - Using connection ID 'airbyte' for task execution.
[2024-07-09T09:17:19.287+0000] {airbyte.py:112} INFO - Job 84 completed successfully
[2024-07-09T09:17:19.312+0000] {taskinstance.py:1149} INFO - Marking task as SUCCESS. dag_id=customer_metrics, task_id=load_customer_transactions_raw, execution_date=20240708T000000, start_date=20240709T091657, end_date=20240709T091719
[2024-07-09T09:17:19.343+0000] {local_task_job_runner.py:234} INFO - Task exited with return code 0
[2024-07-09T09:17:19.368+0000] {taskinstance.py:3309} INFO - 1 downstream tasks scheduled from follow-on schedule check
[2024-07-09T09:59:56.983+0000] {taskinstance.py:1979} INFO - Dependencies all met for dep_context=non-requeueable deps ti=<TaskInstance: customer_metrics.load_customer_transactions_raw scheduled__2024-07-08T00:00:00+00:00 [queued]>
[2024-07-09T09:59:56.994+0000] {taskinstance.py:1979} INFO - Dependencies all met for dep_context=requeueable deps ti=<TaskInstance: customer_metrics.load_customer_transactions_raw scheduled__2024-07-08T00:00:00+00:00 [queued]>
[2024-07-09T09:59:56.995+0000] {taskinstance.py:2193} INFO - Starting attempt 1 of 1
[2024-07-09T09:59:57.013+0000] {taskinstance.py:2214} INFO - Executing <Task(AirbyteTriggerSyncOperator): load_customer_transactions_raw> on 2024-07-08 00:00:00+00:00
[2024-07-09T09:59:57.021+0000] {standard_task_runner.py:60} INFO - Started process 4599 to run task
[2024-07-09T09:59:57.025+0000] {standard_task_runner.py:87} INFO - Running: ['airflow', 'tasks', 'run', 'customer_metrics', 'load_customer_transactions_raw', 'scheduled__2024-07-08T00:00:00+00:00', '--job-id', '159', '--raw', '--subdir', 'DAGS_FOLDER/customer_metrics.py', '--cfg-path', '/tmp/tmpgdw_2hkz']
[2024-07-09T09:59:57.028+0000] {standard_task_runner.py:88} INFO - Job 159: Subtask load_customer_transactions_raw
[2024-07-09T09:59:57.091+0000] {task_command.py:423} INFO - Running <TaskInstance: customer_metrics.load_customer_transactions_raw scheduled__2024-07-08T00:00:00+00:00 [running]> on host 3726baa263d6
[2024-07-09T09:59:57.179+0000] {taskinstance.py:2510} INFO - Exporting env vars: AIRFLOW_CTX_DAG_OWNER='airflow' AIRFLOW_CTX_DAG_ID='customer_metrics' AIRFLOW_CTX_TASK_ID='load_customer_transactions_raw' AIRFLOW_CTX_EXECUTION_DATE='2024-07-08T00:00:00+00:00' AIRFLOW_CTX_TRY_NUMBER='1' AIRFLOW_CTX_DAG_RUN_ID='scheduled__2024-07-08T00:00:00+00:00'
[2024-07-09T09:59:57.189+0000] {base.py:83} INFO - Using connection ID 'airbyte' for task execution.
[2024-07-09T09:59:57.964+0000] {airbyte.py:86} INFO - Job 131 was submitted to Airbyte Server
[2024-07-09T09:59:57.965+0000] {airbyte.py:88} INFO - Waiting for job 131 to complete
[2024-07-09T10:00:00.991+0000] {base.py:83} INFO - Using connection ID 'airbyte' for task execution.
[2024-07-09T10:00:04.024+0000] {base.py:83} INFO - Using connection ID 'airbyte' for task execution.
[2024-07-09T10:00:07.058+0000] {base.py:83} INFO - Using connection ID 'airbyte' for task execution.
[2024-07-09T10:00:10.080+0000] {base.py:83} INFO - Using connection ID 'airbyte' for task execution.
[2024-07-09T10:00:13.099+0000] {base.py:83} INFO - Using connection ID 'airbyte' for task execution.
[2024-07-09T10:00:16.127+0000] {base.py:83} INFO - Using connection ID 'airbyte' for task execution.
[2024-07-09T10:00:16.140+0000] {airbyte.py:112} INFO - Job 131 completed successfully
[2024-07-09T10:00:16.166+0000] {taskinstance.py:1149} INFO - Marking task as SUCCESS. dag_id=customer_metrics, task_id=load_customer_transactions_raw, execution_date=20240708T000000, start_date=20240709T095956, end_date=20240709T100016
[2024-07-09T10:00:16.208+0000] {local_task_job_runner.py:234} INFO - Task exited with return code 0
[2024-07-09T10:00:16.241+0000] {taskinstance.py:3309} INFO - 1 downstream tasks scheduled from follow-on schedule check
