[2024-07-09T11:00:14.566+0000] {taskinstance.py:1979} INFO - Dependencies all met for dep_context=non-requeueable deps ti=<TaskInstance: customer_metrics.load_customer_transactions_raw manual__2024-07-09T10:59:55.341383+00:00 [queued]>
[2024-07-09T11:00:14.592+0000] {taskinstance.py:1979} INFO - Dependencies all met for dep_context=requeueable deps ti=<TaskInstance: customer_metrics.load_customer_transactions_raw manual__2024-07-09T10:59:55.341383+00:00 [queued]>
[2024-07-09T11:00:14.594+0000] {taskinstance.py:2193} INFO - Starting attempt 1 of 1
[2024-07-09T11:00:14.636+0000] {taskinstance.py:2214} INFO - Executing <Task(AirbyteTriggerSyncOperator): load_customer_transactions_raw> on 2024-07-09 10:59:55.341383+00:00
[2024-07-09T11:00:14.649+0000] {standard_task_runner.py:60} INFO - Started process 4538 to run task
[2024-07-09T11:00:14.655+0000] {standard_task_runner.py:87} INFO - Running: ['airflow', 'tasks', 'run', 'customer_metrics', 'load_customer_transactions_raw', 'manual__2024-07-09T10:59:55.341383+00:00', '--job-id', '180', '--raw', '--subdir', 'DAGS_FOLDER/customer_metrics.py', '--cfg-path', '/tmp/tmpw30syd46']
[2024-07-09T11:00:14.659+0000] {standard_task_runner.py:88} INFO - Job 180: Subtask load_customer_transactions_raw
[2024-07-09T11:00:14.765+0000] {task_command.py:423} INFO - Running <TaskInstance: customer_metrics.load_customer_transactions_raw manual__2024-07-09T10:59:55.341383+00:00 [running]> on host 428c62206da4
[2024-07-09T11:00:14.919+0000] {taskinstance.py:2510} INFO - Exporting env vars: AIRFLOW_CTX_DAG_OWNER='airflow' AIRFLOW_CTX_DAG_ID='customer_metrics' AIRFLOW_CTX_TASK_ID='load_customer_transactions_raw' AIRFLOW_CTX_EXECUTION_DATE='2024-07-09T10:59:55.341383+00:00' AIRFLOW_CTX_TRY_NUMBER='1' AIRFLOW_CTX_DAG_RUN_ID='manual__2024-07-09T10:59:55.341383+00:00'
[2024-07-09T11:00:14.942+0000] {base.py:83} INFO - Using connection ID 'airbyte' for task execution.
[2024-07-09T11:00:16.145+0000] {airbyte.py:86} INFO - Job 137 was submitted to Airbyte Server
[2024-07-09T11:00:16.167+0000] {airbyte.py:88} INFO - Waiting for job 137 to complete
[2024-07-09T11:00:19.188+0000] {base.py:83} INFO - Using connection ID 'airbyte' for task execution.
[2024-07-09T11:00:22.319+0000] {base.py:83} INFO - Using connection ID 'airbyte' for task execution.
[2024-07-09T11:00:25.384+0000] {base.py:83} INFO - Using connection ID 'airbyte' for task execution.
[2024-07-09T11:00:28.469+0000] {base.py:83} INFO - Using connection ID 'airbyte' for task execution.
[2024-07-09T11:00:31.608+0000] {base.py:83} INFO - Using connection ID 'airbyte' for task execution.
[2024-07-09T11:00:34.787+0000] {base.py:83} INFO - Using connection ID 'airbyte' for task execution.
[2024-07-09T11:00:37.844+0000] {base.py:83} INFO - Using connection ID 'airbyte' for task execution.
[2024-07-09T11:00:40.941+0000] {base.py:83} INFO - Using connection ID 'airbyte' for task execution.
[2024-07-09T11:00:43.998+0000] {base.py:83} INFO - Using connection ID 'airbyte' for task execution.
[2024-07-09T11:00:47.069+0000] {base.py:83} INFO - Using connection ID 'airbyte' for task execution.
[2024-07-09T11:00:50.112+0000] {base.py:83} INFO - Using connection ID 'airbyte' for task execution.
[2024-07-09T11:00:53.153+0000] {base.py:83} INFO - Using connection ID 'airbyte' for task execution.
[2024-07-09T11:00:53.175+0000] {airbyte.py:112} INFO - Job 137 completed successfully
[2024-07-09T11:00:53.218+0000] {taskinstance.py:1149} INFO - Marking task as SUCCESS. dag_id=customer_metrics, task_id=load_customer_transactions_raw, execution_date=20240709T105955, start_date=20240709T110014, end_date=20240709T110053
[2024-07-09T11:00:53.272+0000] {local_task_job_runner.py:234} INFO - Task exited with return code 0
[2024-07-09T11:00:53.339+0000] {taskinstance.py:3309} INFO - 1 downstream tasks scheduled from follow-on schedule check
