[2024-07-09T04:44:10.772+0000] {taskinstance.py:1979} INFO - Dependencies all met for dep_context=non-requeueable deps ti=<TaskInstance: customer_metrics.airbyte_job_complete scheduled__2024-07-08T00:00:00+00:00 [queued]>
[2024-07-09T04:44:10.783+0000] {taskinstance.py:1979} INFO - Dependencies all met for dep_context=requeueable deps ti=<TaskInstance: customer_metrics.airbyte_job_complete scheduled__2024-07-08T00:00:00+00:00 [queued]>
[2024-07-09T04:44:10.784+0000] {taskinstance.py:2193} INFO - Starting attempt 1 of 1
[2024-07-09T04:44:10.801+0000] {taskinstance.py:2214} INFO - Executing <Task(_PythonDecoratedOperator): airbyte_job_complete> on 2024-07-08 00:00:00+00:00
[2024-07-09T04:44:10.810+0000] {standard_task_runner.py:60} INFO - Started process 623 to run task
[2024-07-09T04:44:10.813+0000] {standard_task_runner.py:87} INFO - Running: ['airflow', 'tasks', 'run', 'customer_metrics', 'airbyte_job_complete', 'scheduled__2024-07-08T00:00:00+00:00', '--job-id', '24', '--raw', '--subdir', 'DAGS_FOLDER/customer_metrics.py', '--cfg-path', '/tmp/tmpzphw0hx6']
[2024-07-09T04:44:10.815+0000] {standard_task_runner.py:88} INFO - Job 24: Subtask airbyte_job_complete
[2024-07-09T04:44:10.866+0000] {task_command.py:423} INFO - Running <TaskInstance: customer_metrics.airbyte_job_complete scheduled__2024-07-08T00:00:00+00:00 [running]> on host 3726baa263d6
[2024-07-09T04:44:10.941+0000] {taskinstance.py:2510} INFO - Exporting env vars: AIRFLOW_CTX_DAG_OWNER='airflow' AIRFLOW_CTX_DAG_ID='customer_metrics' AIRFLOW_CTX_TASK_ID='airbyte_job_complete' AIRFLOW_CTX_EXECUTION_DATE='2024-07-08T00:00:00+00:00' AIRFLOW_CTX_TRY_NUMBER='1' AIRFLOW_CTX_DAG_RUN_ID='scheduled__2024-07-08T00:00:00+00:00'
[2024-07-09T04:44:10.942+0000] {logging_mixin.py:188} INFO - All Airbyte jobs are complete
[2024-07-09T04:44:10.943+0000] {python.py:202} INFO - Done. Returned value was: None
[2024-07-09T04:44:10.951+0000] {taskinstance.py:1149} INFO - Marking task as SUCCESS. dag_id=customer_metrics, task_id=airbyte_job_complete, execution_date=20240708T000000, start_date=20240709T044410, end_date=20240709T044410
[2024-07-09T04:44:10.986+0000] {local_task_job_runner.py:234} INFO - Task exited with return code 0
[2024-07-09T04:44:11.012+0000] {taskinstance.py:3309} INFO - 2 downstream tasks scheduled from follow-on schedule check
[2024-07-09T09:18:04.859+0000] {taskinstance.py:1979} INFO - Dependencies all met for dep_context=non-requeueable deps ti=<TaskInstance: customer_metrics.airbyte_job_complete scheduled__2024-07-08T00:00:00+00:00 [queued]>
[2024-07-09T09:18:04.868+0000] {taskinstance.py:1979} INFO - Dependencies all met for dep_context=requeueable deps ti=<TaskInstance: customer_metrics.airbyte_job_complete scheduled__2024-07-08T00:00:00+00:00 [queued]>
[2024-07-09T09:18:04.868+0000] {taskinstance.py:2193} INFO - Starting attempt 1 of 1
[2024-07-09T09:18:04.880+0000] {taskinstance.py:2214} INFO - Executing <Task(_PythonDecoratedOperator): airbyte_job_complete> on 2024-07-08 00:00:00+00:00
[2024-07-09T09:18:04.887+0000] {standard_task_runner.py:60} INFO - Started process 991 to run task
[2024-07-09T09:18:04.890+0000] {standard_task_runner.py:87} INFO - Running: ['airflow', 'tasks', 'run', 'customer_metrics', 'airbyte_job_complete', 'scheduled__2024-07-08T00:00:00+00:00', '--job-id', '91', '--raw', '--subdir', 'DAGS_FOLDER/customer_metrics.py', '--cfg-path', '/tmp/tmpgyh8jouk']
[2024-07-09T09:18:04.892+0000] {standard_task_runner.py:88} INFO - Job 91: Subtask airbyte_job_complete
[2024-07-09T09:18:04.939+0000] {task_command.py:423} INFO - Running <TaskInstance: customer_metrics.airbyte_job_complete scheduled__2024-07-08T00:00:00+00:00 [running]> on host 3726baa263d6
[2024-07-09T09:18:05.012+0000] {taskinstance.py:2510} INFO - Exporting env vars: AIRFLOW_CTX_DAG_OWNER='airflow' AIRFLOW_CTX_DAG_ID='customer_metrics' AIRFLOW_CTX_TASK_ID='airbyte_job_complete' AIRFLOW_CTX_EXECUTION_DATE='2024-07-08T00:00:00+00:00' AIRFLOW_CTX_TRY_NUMBER='1' AIRFLOW_CTX_DAG_RUN_ID='scheduled__2024-07-08T00:00:00+00:00'
[2024-07-09T09:18:05.043+0000] {logging_mixin.py:188} INFO - All Airbyte jobs are complete
[2024-07-09T09:18:05.044+0000] {python.py:202} INFO - Done. Returned value was: None
[2024-07-09T09:18:05.056+0000] {taskinstance.py:1149} INFO - Marking task as SUCCESS. dag_id=customer_metrics, task_id=airbyte_job_complete, execution_date=20240708T000000, start_date=20240709T091804, end_date=20240709T091805
[2024-07-09T09:18:05.103+0000] {local_task_job_runner.py:234} INFO - Task exited with return code 0
[2024-07-09T09:18:05.127+0000] {taskinstance.py:3309} INFO - 1 downstream tasks scheduled from follow-on schedule check
[2024-07-09T10:00:56.137+0000] {taskinstance.py:1979} INFO - Dependencies all met for dep_context=non-requeueable deps ti=<TaskInstance: customer_metrics.airbyte_job_complete scheduled__2024-07-08T00:00:00+00:00 [queued]>
[2024-07-09T10:00:56.148+0000] {taskinstance.py:1979} INFO - Dependencies all met for dep_context=requeueable deps ti=<TaskInstance: customer_metrics.airbyte_job_complete scheduled__2024-07-08T00:00:00+00:00 [queued]>
[2024-07-09T10:00:56.149+0000] {taskinstance.py:2193} INFO - Starting attempt 1 of 1
[2024-07-09T10:00:56.164+0000] {taskinstance.py:2214} INFO - Executing <Task(_PythonDecoratedOperator): airbyte_job_complete> on 2024-07-08 00:00:00+00:00
[2024-07-09T10:00:56.174+0000] {standard_task_runner.py:60} INFO - Started process 4744 to run task
[2024-07-09T10:00:56.177+0000] {standard_task_runner.py:87} INFO - Running: ['airflow', 'tasks', 'run', 'customer_metrics', 'airbyte_job_complete', 'scheduled__2024-07-08T00:00:00+00:00', '--job-id', '164', '--raw', '--subdir', 'DAGS_FOLDER/customer_metrics.py', '--cfg-path', '/tmp/tmp8_av0jta']
[2024-07-09T10:00:56.180+0000] {standard_task_runner.py:88} INFO - Job 164: Subtask airbyte_job_complete
[2024-07-09T10:00:56.248+0000] {task_command.py:423} INFO - Running <TaskInstance: customer_metrics.airbyte_job_complete scheduled__2024-07-08T00:00:00+00:00 [running]> on host 3726baa263d6
[2024-07-09T10:00:56.335+0000] {taskinstance.py:2510} INFO - Exporting env vars: AIRFLOW_CTX_DAG_OWNER='airflow' AIRFLOW_CTX_DAG_ID='customer_metrics' AIRFLOW_CTX_TASK_ID='airbyte_job_complete' AIRFLOW_CTX_EXECUTION_DATE='2024-07-08T00:00:00+00:00' AIRFLOW_CTX_TRY_NUMBER='1' AIRFLOW_CTX_DAG_RUN_ID='scheduled__2024-07-08T00:00:00+00:00'
[2024-07-09T10:00:56.337+0000] {logging_mixin.py:188} INFO - All Airbyte jobs are complete
[2024-07-09T10:00:56.338+0000] {python.py:202} INFO - Done. Returned value was: None
[2024-07-09T10:00:56.349+0000] {taskinstance.py:1149} INFO - Marking task as SUCCESS. dag_id=customer_metrics, task_id=airbyte_job_complete, execution_date=20240708T000000, start_date=20240709T100056, end_date=20240709T100056
[2024-07-09T10:00:56.391+0000] {local_task_job_runner.py:234} INFO - Task exited with return code 0
[2024-07-09T10:00:56.426+0000] {taskinstance.py:3309} INFO - 2 downstream tasks scheduled from follow-on schedule check
