[2024-07-09T09:46:06.347+0000] {taskinstance.py:1979} INFO - Dependencies all met for dep_context=non-requeueable deps ti=<TaskInstance: customer_metrics.publish.customer_metrics_run manual__2024-07-09T09:44:31.700438+00:00 [queued]>
[2024-07-09T09:46:06.356+0000] {taskinstance.py:1979} INFO - Dependencies all met for dep_context=requeueable deps ti=<TaskInstance: customer_metrics.publish.customer_metrics_run manual__2024-07-09T09:44:31.700438+00:00 [queued]>
[2024-07-09T09:46:06.357+0000] {taskinstance.py:2193} INFO - Starting attempt 1 of 1
[2024-07-09T09:46:06.371+0000] {taskinstance.py:2214} INFO - Executing <Task(DbtRunLocalOperator): publish.customer_metrics_run> on 2024-07-09 09:44:31.700438+00:00
[2024-07-09T09:46:06.378+0000] {standard_task_runner.py:60} INFO - Started process 3142 to run task
[2024-07-09T09:46:06.382+0000] {standard_task_runner.py:87} INFO - Running: ['airflow', 'tasks', 'run', 'customer_metrics', 'publish.customer_metrics_run', 'manual__2024-07-09T09:44:31.700438+00:00', '--job-id', '156', '--raw', '--subdir', 'DAGS_FOLDER/customer_metrics.py', '--cfg-path', '/tmp/tmp2i4vfeqt']
[2024-07-09T09:46:06.384+0000] {standard_task_runner.py:88} INFO - Job 156: Subtask publish.customer_metrics_run
[2024-07-09T09:46:06.437+0000] {task_command.py:423} INFO - Running <TaskInstance: customer_metrics.publish.customer_metrics_run manual__2024-07-09T09:44:31.700438+00:00 [running]> on host 3726baa263d6
[2024-07-09T09:46:06.520+0000] {taskinstance.py:2510} INFO - Exporting env vars: AIRFLOW_CTX_DAG_OWNER='airflow' AIRFLOW_CTX_DAG_ID='customer_metrics' AIRFLOW_CTX_TASK_ID='publish.customer_metrics_run' AIRFLOW_CTX_EXECUTION_DATE='2024-07-09T09:44:31.700438+00:00' AIRFLOW_CTX_TRY_NUMBER='1' AIRFLOW_CTX_DAG_RUN_ID='manual__2024-07-09T09:44:31.700438+00:00'
[2024-07-09T09:46:06.523+0000] {local.py:202} INFO - Cloning project to writable temp directory /tmp/tmp7ptsja1y from /opt/airflow/include/dbt/fraud
[2024-07-09T09:46:06.528+0000] {config.py:253} INFO - Using user-supplied profiles.yml at /opt/airflow/include/dbt/fraud/profiles.yml
[2024-07-09T09:46:06.531+0000] {local.py:235} INFO - Trying to run the command:
 ['/home/airflow/.local/bin/dbt', 'run', '--models', 'customer_metrics', '--profiles-dir', '/opt/airflow/include/dbt/fraud', '--profile', 'fraud', '--target', 'dev']
From /tmp/tmp7ptsja1y
[2024-07-09T09:46:06.532+0000] {local.py:236} INFO - Using environment variables keys: dict_keys(['AIRFLOW_CTX_DAG_OWNER', 'AIRFLOW_CTX_DAG_ID', 'AIRFLOW_CTX_TASK_ID', 'AIRFLOW_CTX_EXECUTION_DATE', 'AIRFLOW_CTX_TRY_NUMBER', 'AIRFLOW_CTX_DAG_RUN_ID'])
[2024-07-09T09:46:06.533+0000] {subprocess.py:60} INFO - Tmp dir root location: 
 /tmp
[2024-07-09T09:46:06.534+0000] {subprocess.py:73} INFO - Running command: ['/home/airflow/.local/bin/dbt', 'run', '--models', 'customer_metrics', '--profiles-dir', '/opt/airflow/include/dbt/fraud', '--profile', 'fraud', '--target', 'dev']
[2024-07-09T09:46:06.550+0000] {subprocess.py:84} INFO - Command output:
[2024-07-09T09:46:07.873+0000] {subprocess.py:94} INFO - [0m09:46:07  Running with dbt=1.8.1
[2024-07-09T09:46:08.740+0000] {subprocess.py:94} INFO - [0m09:46:08  Registered adapter: snowflake=1.8.2
[2024-07-09T09:46:08.768+0000] {subprocess.py:94} INFO - [0m09:46:08  Unable to do partial parsing because saved manifest not found. Starting full parse.
[2024-07-09T09:46:09.995+0000] {subprocess.py:94} INFO - [0m09:46:09  Found 3 models, 444 macros
[2024-07-09T09:46:09.996+0000] {subprocess.py:94} INFO - [0m09:46:09
[2024-07-09T09:46:11.106+0000] {subprocess.py:94} INFO - [0m09:46:11  Concurrency: 1 threads (target='dev')
[2024-07-09T09:46:11.107+0000] {subprocess.py:94} INFO - [0m09:46:11
[2024-07-09T09:46:11.114+0000] {subprocess.py:94} INFO - [0m09:46:11  1 of 1 START sql table model prod.customer_metrics ............................. [RUN]
[2024-07-09T09:46:11.902+0000] {subprocess.py:94} INFO - [0m09:46:11  1 of 1 OK created sql table model prod.customer_metrics ........................ [[32mSUCCESS 1[0m in 0.79s]
[2024-07-09T09:46:11.904+0000] {subprocess.py:94} INFO - [0m09:46:11
[2024-07-09T09:46:11.905+0000] {subprocess.py:94} INFO - [0m09:46:11  Finished running 1 table model in 0 hours 0 minutes and 1.91 seconds (1.91s).
[2024-07-09T09:46:11.936+0000] {subprocess.py:94} INFO - [0m09:46:11
[2024-07-09T09:46:11.937+0000] {subprocess.py:94} INFO - [0m09:46:11  [32mCompleted successfully[0m
[2024-07-09T09:46:11.938+0000] {subprocess.py:94} INFO - [0m09:46:11
[2024-07-09T09:46:11.938+0000] {subprocess.py:94} INFO - [0m09:46:11  Done. PASS=1 WARN=0 ERROR=0 SKIP=0 TOTAL=1
[2024-07-09T09:46:13.705+0000] {subprocess.py:98} INFO - Command exited with return code 0
[2024-07-09T09:46:13.720+0000] {local.py:138} WARNING - Artifact schema version: https://schemas.getdbt.com/dbt/manifest/v12.json is above dbt-ol supported version 7. This might cause errors.
[2024-07-09T09:46:13.721+0000] {local.py:138} WARNING - Artifact schema version: https://schemas.getdbt.com/dbt/run-results/v6.json is above dbt-ol supported version 5. This might cause errors.
[2024-07-09T09:46:13.730+0000] {local.py:252} INFO - Inlets: []
[2024-07-09T09:46:13.731+0000] {local.py:253} INFO - Outlets: [Dataset(uri='snowflake://wn29403.ap-southeast-3.aws/AIRBYTE_DATABASE.prod.customer_metrics', extra=None)]
[2024-07-09T09:46:13.732+0000] {dag.py:3047} INFO - Sync 1 DAGs
[2024-07-09T09:46:13.758+0000] {dag.py:3834} INFO - Setting next_dagrun for customer_metrics to 2024-07-09 00:00:00+00:00, run_after=2024-07-10 00:00:00+00:00
[2024-07-09T09:46:13.847+0000] {local.py:371} INFO - [0m09:46:11  Done. PASS=1 WARN=0 ERROR=0 SKIP=0 TOTAL=1
[2024-07-09T09:46:13.853+0000] {logging_mixin.py:188} WARNING - /home/airflow/.local/lib/python3.8/site-packages/airflow/models/baseoperator.py:1469 RemovedInAirflow3Warning: Passing 'execution_date' to 'TaskInstance.xcom_push()' is deprecated.
[2024-07-09T09:46:13.892+0000] {taskinstance.py:1149} INFO - Marking task as SUCCESS. dag_id=customer_metrics, task_id=publish.customer_metrics_run, execution_date=20240709T094431, start_date=20240709T094606, end_date=20240709T094613
[2024-07-09T09:46:13.956+0000] {local_task_job_runner.py:234} INFO - Task exited with return code 0
[2024-07-09T09:46:13.985+0000] {taskinstance.py:3309} INFO - 0 downstream tasks scheduled from follow-on schedule check
