[2024-07-09T09:30:55.533+0000] {taskinstance.py:1979} INFO - Dependencies all met for dep_context=non-requeueable deps ti=<TaskInstance: customer_metrics.load_labeled_transactions_raw manual__2024-07-09T09:30:46.210106+00:00 [queued]>
[2024-07-09T09:30:55.542+0000] {taskinstance.py:1979} INFO - Dependencies all met for dep_context=requeueable deps ti=<TaskInstance: customer_metrics.load_labeled_transactions_raw manual__2024-07-09T09:30:46.210106+00:00 [queued]>
[2024-07-09T09:30:55.542+0000] {taskinstance.py:2193} INFO - Starting attempt 1 of 1
[2024-07-09T09:30:55.555+0000] {taskinstance.py:2214} INFO - Executing <Task(AirbyteTriggerSyncOperator): load_labeled_transactions_raw> on 2024-07-09 09:30:46.210106+00:00
[2024-07-09T09:30:55.560+0000] {standard_task_runner.py:60} INFO - Started process 299 to run task
[2024-07-09T09:30:55.563+0000] {standard_task_runner.py:87} INFO - Running: ['airflow', 'tasks', 'run', 'customer_metrics', 'load_labeled_transactions_raw', 'manual__2024-07-09T09:30:46.210106+00:00', '--job-id', '127', '--raw', '--subdir', 'DAGS_FOLDER/customer_metrics.py', '--cfg-path', '/tmp/tmpvqfgd75b']
[2024-07-09T09:30:55.564+0000] {standard_task_runner.py:88} INFO - Job 127: Subtask load_labeled_transactions_raw
[2024-07-09T09:30:55.612+0000] {task_command.py:423} INFO - Running <TaskInstance: customer_metrics.load_labeled_transactions_raw manual__2024-07-09T09:30:46.210106+00:00 [running]> on host 3726baa263d6
[2024-07-09T09:30:55.683+0000] {taskinstance.py:2510} INFO - Exporting env vars: AIRFLOW_CTX_DAG_OWNER='airflow' AIRFLOW_CTX_DAG_ID='customer_metrics' AIRFLOW_CTX_TASK_ID='load_labeled_transactions_raw' AIRFLOW_CTX_EXECUTION_DATE='2024-07-09T09:30:46.210106+00:00' AIRFLOW_CTX_TRY_NUMBER='1' AIRFLOW_CTX_DAG_RUN_ID='manual__2024-07-09T09:30:46.210106+00:00'
[2024-07-09T09:30:55.691+0000] {base.py:83} INFO - Using connection ID 'airbyte' for task execution.
[2024-07-09T09:30:57.510+0000] {airbyte.py:86} INFO - Job 119 was submitted to Airbyte Server
[2024-07-09T09:30:57.511+0000] {airbyte.py:88} INFO - Waiting for job 119 to complete
[2024-07-09T09:31:00.523+0000] {base.py:83} INFO - Using connection ID 'airbyte' for task execution.
[2024-07-09T09:31:03.607+0000] {base.py:83} INFO - Using connection ID 'airbyte' for task execution.
[2024-07-09T09:31:06.681+0000] {base.py:83} INFO - Using connection ID 'airbyte' for task execution.
[2024-07-09T09:31:09.707+0000] {base.py:83} INFO - Using connection ID 'airbyte' for task execution.
[2024-07-09T09:31:12.730+0000] {base.py:83} INFO - Using connection ID 'airbyte' for task execution.
[2024-07-09T09:31:12.774+0000] {airbyte.py:112} INFO - Job 119 completed successfully
[2024-07-09T09:31:12.804+0000] {taskinstance.py:1149} INFO - Marking task as SUCCESS. dag_id=customer_metrics, task_id=load_labeled_transactions_raw, execution_date=20240709T093046, start_date=20240709T093055, end_date=20240709T093112
[2024-07-09T09:31:12.824+0000] {local_task_job_runner.py:234} INFO - Task exited with return code 0
[2024-07-09T09:31:12.846+0000] {taskinstance.py:3309} INFO - 0 downstream tasks scheduled from follow-on schedule check
