[2024-07-09T09:09:56.108+0000] {taskinstance.py:1979} INFO - Dependencies all met for dep_context=non-requeueable deps ti=<TaskInstance: customer_metrics.write_to_staging manual__2024-07-09T09:09:20.209974+00:00 [queued]>
[2024-07-09T09:09:56.116+0000] {taskinstance.py:1979} INFO - Dependencies all met for dep_context=requeueable deps ti=<TaskInstance: customer_metrics.write_to_staging manual__2024-07-09T09:09:20.209974+00:00 [queued]>
[2024-07-09T09:09:56.117+0000] {taskinstance.py:2193} INFO - Starting attempt 1 of 1
[2024-07-09T09:09:56.132+0000] {taskinstance.py:2214} INFO - Executing <Task(AirbyteTriggerSyncOperator): write_to_staging> on 2024-07-09 09:09:20.209974+00:00
[2024-07-09T09:09:56.138+0000] {standard_task_runner.py:60} INFO - Started process 2562 to run task
[2024-07-09T09:09:56.141+0000] {standard_task_runner.py:87} INFO - Running: ['airflow', 'tasks', 'run', 'customer_metrics', 'write_to_staging', 'manual__2024-07-09T09:09:20.209974+00:00', '--job-id', '74', '--raw', '--subdir', 'DAGS_FOLDER/customer_metrics.py', '--cfg-path', '/tmp/tmp3gmfktjp']
[2024-07-09T09:09:56.143+0000] {standard_task_runner.py:88} INFO - Job 74: Subtask write_to_staging
[2024-07-09T09:09:56.195+0000] {task_command.py:423} INFO - Running <TaskInstance: customer_metrics.write_to_staging manual__2024-07-09T09:09:20.209974+00:00 [running]> on host 3726baa263d6
[2024-07-09T09:09:56.267+0000] {taskinstance.py:2510} INFO - Exporting env vars: AIRFLOW_CTX_DAG_OWNER='airflow' AIRFLOW_CTX_DAG_ID='customer_metrics' AIRFLOW_CTX_TASK_ID='write_to_staging' AIRFLOW_CTX_EXECUTION_DATE='2024-07-09T09:09:20.209974+00:00' AIRFLOW_CTX_TRY_NUMBER='1' AIRFLOW_CTX_DAG_RUN_ID='manual__2024-07-09T09:09:20.209974+00:00'
[2024-07-09T09:09:56.276+0000] {base.py:83} INFO - Using connection ID 'airbyte' for task execution.
[2024-07-09T09:09:56.588+0000] {airbyte.py:86} INFO - Job 82 was submitted to Airbyte Server
[2024-07-09T09:09:56.589+0000] {airbyte.py:88} INFO - Waiting for job 82 to complete
[2024-07-09T09:09:59.601+0000] {base.py:83} INFO - Using connection ID 'airbyte' for task execution.
[2024-07-09T09:10:02.622+0000] {base.py:83} INFO - Using connection ID 'airbyte' for task execution.
[2024-07-09T09:10:05.641+0000] {base.py:83} INFO - Using connection ID 'airbyte' for task execution.
[2024-07-09T09:10:08.661+0000] {base.py:83} INFO - Using connection ID 'airbyte' for task execution.
[2024-07-09T09:10:11.679+0000] {base.py:83} INFO - Using connection ID 'airbyte' for task execution.
[2024-07-09T09:10:14.697+0000] {base.py:83} INFO - Using connection ID 'airbyte' for task execution.
[2024-07-09T09:10:17.719+0000] {base.py:83} INFO - Using connection ID 'airbyte' for task execution.
[2024-07-09T09:10:17.731+0000] {airbyte.py:112} INFO - Job 82 completed successfully
[2024-07-09T09:10:17.756+0000] {taskinstance.py:1149} INFO - Marking task as SUCCESS. dag_id=customer_metrics, task_id=write_to_staging, execution_date=20240709T090920, start_date=20240709T090956, end_date=20240709T091017
[2024-07-09T09:10:17.783+0000] {local_task_job_runner.py:234} INFO - Task exited with return code 0
[2024-07-09T09:10:17.807+0000] {taskinstance.py:3309} INFO - 1 downstream tasks scheduled from follow-on schedule check
