[2024-07-09T04:48:23.569+0000] {taskinstance.py:1979} INFO - Dependencies all met for dep_context=non-requeueable deps ti=<TaskInstance: customer_metrics.write_to_staging manual__2024-07-09T04:47:35.043810+00:00 [queued]>
[2024-07-09T04:48:23.580+0000] {taskinstance.py:1979} INFO - Dependencies all met for dep_context=requeueable deps ti=<TaskInstance: customer_metrics.write_to_staging manual__2024-07-09T04:47:35.043810+00:00 [queued]>
[2024-07-09T04:48:23.581+0000] {taskinstance.py:2193} INFO - Starting attempt 1 of 1
[2024-07-09T04:48:23.597+0000] {taskinstance.py:2214} INFO - Executing <Task(AirbyteTriggerSyncOperator): write_to_staging> on 2024-07-09 04:47:35.043810+00:00
[2024-07-09T04:48:23.605+0000] {standard_task_runner.py:60} INFO - Started process 1229 to run task
[2024-07-09T04:48:23.608+0000] {standard_task_runner.py:87} INFO - Running: ['airflow', 'tasks', 'run', 'customer_metrics', 'write_to_staging', 'manual__2024-07-09T04:47:35.043810+00:00', '--job-id', '29', '--raw', '--subdir', 'DAGS_FOLDER/customer_metrics.py', '--cfg-path', '/tmp/tmpcfamyfsu']
[2024-07-09T04:48:23.611+0000] {standard_task_runner.py:88} INFO - Job 29: Subtask write_to_staging
[2024-07-09T04:48:23.668+0000] {task_command.py:423} INFO - Running <TaskInstance: customer_metrics.write_to_staging manual__2024-07-09T04:47:35.043810+00:00 [running]> on host 3726baa263d6
[2024-07-09T04:48:23.755+0000] {taskinstance.py:2510} INFO - Exporting env vars: AIRFLOW_CTX_DAG_OWNER='airflow' AIRFLOW_CTX_DAG_ID='customer_metrics' AIRFLOW_CTX_TASK_ID='write_to_staging' AIRFLOW_CTX_EXECUTION_DATE='2024-07-09T04:47:35.043810+00:00' AIRFLOW_CTX_TRY_NUMBER='1' AIRFLOW_CTX_DAG_RUN_ID='manual__2024-07-09T04:47:35.043810+00:00'
[2024-07-09T04:48:23.766+0000] {base.py:83} INFO - Using connection ID 'airbyte' for task execution.
[2024-07-09T04:48:29.519+0000] {airbyte.py:86} INFO - Job 66 was submitted to Airbyte Server
[2024-07-09T04:48:29.520+0000] {airbyte.py:88} INFO - Waiting for job 66 to complete
[2024-07-09T04:48:32.533+0000] {base.py:83} INFO - Using connection ID 'airbyte' for task execution.
[2024-07-09T04:48:35.559+0000] {base.py:83} INFO - Using connection ID 'airbyte' for task execution.
[2024-07-09T04:48:38.585+0000] {base.py:83} INFO - Using connection ID 'airbyte' for task execution.
[2024-07-09T04:48:41.615+0000] {base.py:83} INFO - Using connection ID 'airbyte' for task execution.
[2024-07-09T04:48:44.644+0000] {base.py:83} INFO - Using connection ID 'airbyte' for task execution.
[2024-07-09T04:48:47.668+0000] {base.py:83} INFO - Using connection ID 'airbyte' for task execution.
[2024-07-09T04:48:50.695+0000] {base.py:83} INFO - Using connection ID 'airbyte' for task execution.
[2024-07-09T04:48:50.710+0000] {airbyte.py:112} INFO - Job 66 completed successfully
[2024-07-09T04:48:50.741+0000] {taskinstance.py:1149} INFO - Marking task as SUCCESS. dag_id=customer_metrics, task_id=write_to_staging, execution_date=20240709T044735, start_date=20240709T044823, end_date=20240709T044850
[2024-07-09T04:48:50.788+0000] {local_task_job_runner.py:234} INFO - Task exited with return code 0
[2024-07-09T04:48:50.818+0000] {taskinstance.py:3309} INFO - 1 downstream tasks scheduled from follow-on schedule check
