[2024-07-09T10:19:02.180+0000] {taskinstance.py:1979} INFO - Dependencies all met for dep_context=non-requeueable deps ti=<TaskInstance: customer_metrics.publish.customer_transactions_run manual__2024-07-09T10:17:03.161498+00:00 [queued]>
[2024-07-09T10:19:02.190+0000] {taskinstance.py:1979} INFO - Dependencies all met for dep_context=requeueable deps ti=<TaskInstance: customer_metrics.publish.customer_transactions_run manual__2024-07-09T10:17:03.161498+00:00 [queued]>
[2024-07-09T10:19:02.191+0000] {taskinstance.py:2193} INFO - Starting attempt 1 of 1
[2024-07-09T10:19:02.206+0000] {taskinstance.py:2214} INFO - Executing <Task(DbtRunLocalOperator): publish.customer_transactions_run> on 2024-07-09 10:17:03.161498+00:00
[2024-07-09T10:19:02.215+0000] {standard_task_runner.py:60} INFO - Started process 943 to run task
[2024-07-09T10:19:02.218+0000] {standard_task_runner.py:87} INFO - Running: ['airflow', 'tasks', 'run', 'customer_metrics', 'publish.customer_transactions_run', 'manual__2024-07-09T10:17:03.161498+00:00', '--job-id', '177', '--raw', '--subdir', 'DAGS_FOLDER/customer_metrics.py', '--cfg-path', '/tmp/tmpp6c81jq1']
[2024-07-09T10:19:02.220+0000] {standard_task_runner.py:88} INFO - Job 177: Subtask publish.customer_transactions_run
[2024-07-09T10:19:02.276+0000] {task_command.py:423} INFO - Running <TaskInstance: customer_metrics.publish.customer_transactions_run manual__2024-07-09T10:17:03.161498+00:00 [running]> on host 428c62206da4
[2024-07-09T10:19:02.365+0000] {taskinstance.py:2510} INFO - Exporting env vars: AIRFLOW_CTX_DAG_OWNER='airflow' AIRFLOW_CTX_DAG_ID='customer_metrics' AIRFLOW_CTX_TASK_ID='publish.customer_transactions_run' AIRFLOW_CTX_EXECUTION_DATE='2024-07-09T10:17:03.161498+00:00' AIRFLOW_CTX_TRY_NUMBER='1' AIRFLOW_CTX_DAG_RUN_ID='manual__2024-07-09T10:17:03.161498+00:00'
[2024-07-09T10:19:02.368+0000] {local.py:202} INFO - Cloning project to writable temp directory /tmp/tmpn5iqy85d from /opt/airflow/include/dbt/fraud
[2024-07-09T10:19:02.371+0000] {config.py:253} INFO - Using user-supplied profiles.yml at /opt/airflow/include/dbt/fraud/profiles.yml
[2024-07-09T10:19:02.372+0000] {local.py:235} INFO - Trying to run the command:
 ['/home/airflow/.local/bin/dbt', 'run', '--models', 'customer_transactions', '--profiles-dir', '/opt/airflow/include/dbt/fraud', '--profile', 'fraud', '--target', 'dev']
From /tmp/tmpn5iqy85d
[2024-07-09T10:19:02.372+0000] {local.py:236} INFO - Using environment variables keys: dict_keys(['AIRFLOW_CTX_DAG_OWNER', 'AIRFLOW_CTX_DAG_ID', 'AIRFLOW_CTX_TASK_ID', 'AIRFLOW_CTX_EXECUTION_DATE', 'AIRFLOW_CTX_TRY_NUMBER', 'AIRFLOW_CTX_DAG_RUN_ID'])
[2024-07-09T10:19:02.373+0000] {subprocess.py:60} INFO - Tmp dir root location: 
 /tmp
[2024-07-09T10:19:02.374+0000] {subprocess.py:73} INFO - Running command: ['/home/airflow/.local/bin/dbt', 'run', '--models', 'customer_transactions', '--profiles-dir', '/opt/airflow/include/dbt/fraud', '--profile', 'fraud', '--target', 'dev']
[2024-07-09T10:19:02.388+0000] {subprocess.py:84} INFO - Command output:
[2024-07-09T10:19:03.694+0000] {subprocess.py:94} INFO - [0m10:19:03  Running with dbt=1.8.1
[2024-07-09T10:19:04.779+0000] {subprocess.py:94} INFO - [0m10:19:04  Registered adapter: snowflake=1.8.2
[2024-07-09T10:19:04.815+0000] {subprocess.py:94} INFO - [0m10:19:04  Unable to do partial parsing because saved manifest not found. Starting full parse.
[2024-07-09T10:19:06.187+0000] {subprocess.py:94} INFO - [0m10:19:06  Found 3 models, 444 macros
[2024-07-09T10:19:06.188+0000] {subprocess.py:94} INFO - [0m10:19:06
[2024-07-09T10:19:07.041+0000] {subprocess.py:94} INFO - [0m10:19:07  Concurrency: 1 threads (target='dev')
[2024-07-09T10:19:07.042+0000] {subprocess.py:94} INFO - [0m10:19:07
[2024-07-09T10:19:07.052+0000] {subprocess.py:94} INFO - [0m10:19:07  1 of 1 START sql table model prod.customer_transactions ........................ [RUN]
[2024-07-09T10:19:07.830+0000] {subprocess.py:94} INFO - [0m10:19:07  1 of 1 OK created sql table model prod.customer_transactions ................... [[32mSUCCESS 1[0m in 0.77s]
[2024-07-09T10:19:07.833+0000] {subprocess.py:94} INFO - [0m10:19:07
[2024-07-09T10:19:07.834+0000] {subprocess.py:94} INFO - [0m10:19:07  Finished running 1 table model in 0 hours 0 minutes and 1.64 seconds (1.64s).
[2024-07-09T10:19:07.873+0000] {subprocess.py:94} INFO - [0m10:19:07
[2024-07-09T10:19:07.874+0000] {subprocess.py:94} INFO - [0m10:19:07  [32mCompleted successfully[0m
[2024-07-09T10:19:07.876+0000] {subprocess.py:94} INFO - [0m10:19:07
[2024-07-09T10:19:07.876+0000] {subprocess.py:94} INFO - [0m10:19:07  Done. PASS=1 WARN=0 ERROR=0 SKIP=0 TOTAL=1
[2024-07-09T10:19:09.761+0000] {subprocess.py:98} INFO - Command exited with return code 0
[2024-07-09T10:19:09.773+0000] {local.py:138} WARNING - Artifact schema version: https://schemas.getdbt.com/dbt/manifest/v12.json is above dbt-ol supported version 7. This might cause errors.
[2024-07-09T10:19:09.775+0000] {local.py:138} WARNING - Artifact schema version: https://schemas.getdbt.com/dbt/run-results/v6.json is above dbt-ol supported version 5. This might cause errors.
[2024-07-09T10:19:09.782+0000] {local.py:252} INFO - Inlets: []
[2024-07-09T10:19:09.783+0000] {local.py:253} INFO - Outlets: [Dataset(uri='snowflake://wn29403.ap-southeast-3.aws/AIRBYTE_DATABASE.prod.customer_transactions', extra=None)]
[2024-07-09T10:19:09.784+0000] {dag.py:3047} INFO - Sync 1 DAGs
[2024-07-09T10:19:09.819+0000] {dag.py:3834} INFO - Setting next_dagrun for customer_metrics to 2024-07-09 00:00:00+00:00, run_after=2024-07-10 00:00:00+00:00
[2024-07-09T10:19:09.865+0000] {local.py:371} INFO - [0m10:19:07  Done. PASS=1 WARN=0 ERROR=0 SKIP=0 TOTAL=1
[2024-07-09T10:19:09.871+0000] {logging_mixin.py:188} WARNING - /home/airflow/.local/lib/python3.8/site-packages/airflow/models/baseoperator.py:1469 RemovedInAirflow3Warning: Passing 'execution_date' to 'TaskInstance.xcom_push()' is deprecated.
[2024-07-09T10:19:09.898+0000] {taskinstance.py:1149} INFO - Marking task as SUCCESS. dag_id=customer_metrics, task_id=publish.customer_transactions_run, execution_date=20240709T101703, start_date=20240709T101902, end_date=20240709T101909
[2024-07-09T10:19:09.956+0000] {local_task_job_runner.py:234} INFO - Task exited with return code 0
[2024-07-09T10:19:09.978+0000] {taskinstance.py:3309} INFO - 0 downstream tasks scheduled from follow-on schedule check
