[2024-07-09T09:18:24.358+0000] {taskinstance.py:1979} INFO - Dependencies all met for dep_context=non-requeueable deps ti=<TaskInstance: customer_metrics.publish.customer_transactions_run scheduled__2024-07-08T00:00:00+00:00 [queued]>
[2024-07-09T09:18:24.367+0000] {taskinstance.py:1979} INFO - Dependencies all met for dep_context=requeueable deps ti=<TaskInstance: customer_metrics.publish.customer_transactions_run scheduled__2024-07-08T00:00:00+00:00 [queued]>
[2024-07-09T09:18:24.368+0000] {taskinstance.py:2193} INFO - Starting attempt 1 of 1
[2024-07-09T09:18:24.383+0000] {taskinstance.py:2214} INFO - Executing <Task(DbtRunLocalOperator): publish.customer_transactions_run> on 2024-07-08 00:00:00+00:00
[2024-07-09T09:18:24.389+0000] {standard_task_runner.py:60} INFO - Started process 1236 to run task
[2024-07-09T09:18:24.392+0000] {standard_task_runner.py:87} INFO - Running: ['airflow', 'tasks', 'run', 'customer_metrics', 'publish.customer_transactions_run', 'scheduled__2024-07-08T00:00:00+00:00', '--job-id', '96', '--raw', '--subdir', 'DAGS_FOLDER/customer_metrics.py', '--cfg-path', '/tmp/tmpqvlowxak']
[2024-07-09T09:18:24.394+0000] {standard_task_runner.py:88} INFO - Job 96: Subtask publish.customer_transactions_run
[2024-07-09T09:18:24.444+0000] {task_command.py:423} INFO - Running <TaskInstance: customer_metrics.publish.customer_transactions_run scheduled__2024-07-08T00:00:00+00:00 [running]> on host 3726baa263d6
[2024-07-09T09:18:24.527+0000] {taskinstance.py:2510} INFO - Exporting env vars: AIRFLOW_CTX_DAG_OWNER='airflow' AIRFLOW_CTX_DAG_ID='customer_metrics' AIRFLOW_CTX_TASK_ID='publish.customer_transactions_run' AIRFLOW_CTX_EXECUTION_DATE='2024-07-08T00:00:00+00:00' AIRFLOW_CTX_TRY_NUMBER='1' AIRFLOW_CTX_DAG_RUN_ID='scheduled__2024-07-08T00:00:00+00:00'
[2024-07-09T09:18:24.529+0000] {local.py:202} INFO - Cloning project to writable temp directory /tmp/tmphtqsdabl from /opt/airflow/include/dbt/fraud
[2024-07-09T09:18:24.535+0000] {config.py:253} INFO - Using user-supplied profiles.yml at /opt/airflow/include/dbt/fraud/profiles.yml
[2024-07-09T09:18:24.536+0000] {local.py:235} INFO - Trying to run the command:
 ['/home/airflow/.local/bin/dbt', 'run', '--models', 'customer_transactions', '--profiles-dir', '/opt/airflow/include/dbt/fraud', '--profile', 'fraud', '--target', 'dev']
From /tmp/tmphtqsdabl
[2024-07-09T09:18:24.536+0000] {local.py:236} INFO - Using environment variables keys: dict_keys(['AIRFLOW_CTX_DAG_OWNER', 'AIRFLOW_CTX_DAG_ID', 'AIRFLOW_CTX_TASK_ID', 'AIRFLOW_CTX_EXECUTION_DATE', 'AIRFLOW_CTX_TRY_NUMBER', 'AIRFLOW_CTX_DAG_RUN_ID'])
[2024-07-09T09:18:24.537+0000] {subprocess.py:60} INFO - Tmp dir root location: 
 /tmp
[2024-07-09T09:18:24.537+0000] {subprocess.py:73} INFO - Running command: ['/home/airflow/.local/bin/dbt', 'run', '--models', 'customer_transactions', '--profiles-dir', '/opt/airflow/include/dbt/fraud', '--profile', 'fraud', '--target', 'dev']
[2024-07-09T09:18:24.548+0000] {subprocess.py:84} INFO - Command output:
[2024-07-09T09:18:25.996+0000] {subprocess.py:94} INFO - [0m09:18:25  Running with dbt=1.8.1
[2024-07-09T09:18:27.051+0000] {subprocess.py:94} INFO - [0m09:18:27  Registered adapter: snowflake=1.8.2
[2024-07-09T09:18:27.091+0000] {subprocess.py:94} INFO - [0m09:18:27  Unable to do partial parsing because saved manifest not found. Starting full parse.
[2024-07-09T09:18:28.453+0000] {subprocess.py:94} INFO - [0m09:18:28  Found 3 models, 444 macros
[2024-07-09T09:18:28.455+0000] {subprocess.py:94} INFO - [0m09:18:28
[2024-07-09T09:18:29.221+0000] {subprocess.py:94} INFO - [0m09:18:29  Concurrency: 1 threads (target='dev')
[2024-07-09T09:18:29.223+0000] {subprocess.py:94} INFO - [0m09:18:29
[2024-07-09T09:18:29.229+0000] {subprocess.py:94} INFO - [0m09:18:29  1 of 1 START sql table model prod.customer_transactions ........................ [RUN]
[2024-07-09T09:18:29.903+0000] {subprocess.py:94} INFO - [0m09:18:29  1 of 1 OK created sql table model prod.customer_transactions ................... [[32mSUCCESS 1[0m in 0.67s]
[2024-07-09T09:18:29.905+0000] {subprocess.py:94} INFO - [0m09:18:29
[2024-07-09T09:18:29.906+0000] {subprocess.py:94} INFO - [0m09:18:29  Finished running 1 table model in 0 hours 0 minutes and 1.45 seconds (1.45s).
[2024-07-09T09:18:29.938+0000] {subprocess.py:94} INFO - [0m09:18:29
[2024-07-09T09:18:29.939+0000] {subprocess.py:94} INFO - [0m09:18:29  [32mCompleted successfully[0m
[2024-07-09T09:18:29.940+0000] {subprocess.py:94} INFO - [0m09:18:29
[2024-07-09T09:18:29.943+0000] {subprocess.py:94} INFO - [0m09:18:29  Done. PASS=1 WARN=0 ERROR=0 SKIP=0 TOTAL=1
[2024-07-09T09:18:31.344+0000] {subprocess.py:98} INFO - Command exited with return code 0
[2024-07-09T09:18:31.365+0000] {local.py:138} WARNING - Artifact schema version: https://schemas.getdbt.com/dbt/manifest/v12.json is above dbt-ol supported version 7. This might cause errors.
[2024-07-09T09:18:31.366+0000] {local.py:138} WARNING - Artifact schema version: https://schemas.getdbt.com/dbt/run-results/v6.json is above dbt-ol supported version 5. This might cause errors.
[2024-07-09T09:18:31.376+0000] {local.py:252} INFO - Inlets: []
[2024-07-09T09:18:31.377+0000] {local.py:253} INFO - Outlets: [Dataset(uri='snowflake://wn29403.ap-southeast-3.aws/AIRBYTE_DATABASE.prod.customer_transactions', extra=None)]
[2024-07-09T09:18:31.379+0000] {dag.py:3047} INFO - Sync 1 DAGs
[2024-07-09T09:18:31.417+0000] {dag.py:3834} INFO - Setting next_dagrun for customer_metrics to 2024-07-09 00:00:00+00:00, run_after=2024-07-10 00:00:00+00:00
[2024-07-09T09:18:31.454+0000] {local.py:371} INFO - [0m09:18:29  Done. PASS=1 WARN=0 ERROR=0 SKIP=0 TOTAL=1
[2024-07-09T09:18:31.461+0000] {logging_mixin.py:188} WARNING - /home/airflow/.local/lib/python3.8/site-packages/airflow/models/baseoperator.py:1469 RemovedInAirflow3Warning: Passing 'execution_date' to 'TaskInstance.xcom_push()' is deprecated.
[2024-07-09T09:18:31.494+0000] {taskinstance.py:1149} INFO - Marking task as SUCCESS. dag_id=customer_metrics, task_id=publish.customer_transactions_run, execution_date=20240708T000000, start_date=20240709T091824, end_date=20240709T091831
[2024-07-09T09:18:31.550+0000] {local_task_job_runner.py:234} INFO - Task exited with return code 0
[2024-07-09T09:18:31.577+0000] {taskinstance.py:3309} INFO - 0 downstream tasks scheduled from follow-on schedule check
