[2024-07-09T09:06:00.162+0000] {taskinstance.py:1979} INFO - Dependencies all met for dep_context=non-requeueable deps ti=<TaskInstance: customer_metrics.publish.customer_metrics_run manual__2024-07-09T09:04:08.631974+00:00 [queued]>
[2024-07-09T09:06:00.172+0000] {taskinstance.py:1979} INFO - Dependencies all met for dep_context=requeueable deps ti=<TaskInstance: customer_metrics.publish.customer_metrics_run manual__2024-07-09T09:04:08.631974+00:00 [queued]>
[2024-07-09T09:06:00.173+0000] {taskinstance.py:2193} INFO - Starting attempt 1 of 1
[2024-07-09T09:06:00.187+0000] {taskinstance.py:2214} INFO - Executing <Task(DbtRunLocalOperator): publish.customer_metrics_run> on 2024-07-09 09:04:08.631974+00:00
[2024-07-09T09:06:00.194+0000] {standard_task_runner.py:60} INFO - Started process 1636 to run task
[2024-07-09T09:06:00.197+0000] {standard_task_runner.py:87} INFO - Running: ['airflow', 'tasks', 'run', 'customer_metrics', 'publish.customer_metrics_run', 'manual__2024-07-09T09:04:08.631974+00:00', '--job-id', '63', '--raw', '--subdir', 'DAGS_FOLDER/customer_metrics.py', '--cfg-path', '/tmp/tmpfmsap66s']
[2024-07-09T09:06:00.199+0000] {standard_task_runner.py:88} INFO - Job 63: Subtask publish.customer_metrics_run
[2024-07-09T09:06:00.250+0000] {task_command.py:423} INFO - Running <TaskInstance: customer_metrics.publish.customer_metrics_run manual__2024-07-09T09:04:08.631974+00:00 [running]> on host 3726baa263d6
[2024-07-09T09:06:00.320+0000] {taskinstance.py:2510} INFO - Exporting env vars: AIRFLOW_CTX_DAG_OWNER='airflow' AIRFLOW_CTX_DAG_ID='customer_metrics' AIRFLOW_CTX_TASK_ID='publish.customer_metrics_run' AIRFLOW_CTX_EXECUTION_DATE='2024-07-09T09:04:08.631974+00:00' AIRFLOW_CTX_TRY_NUMBER='1' AIRFLOW_CTX_DAG_RUN_ID='manual__2024-07-09T09:04:08.631974+00:00'
[2024-07-09T09:06:00.322+0000] {local.py:202} INFO - Cloning project to writable temp directory /tmp/tmpg6f7ohwy from /opt/airflow/include/dbt/fraud
[2024-07-09T09:06:00.324+0000] {config.py:253} INFO - Using user-supplied profiles.yml at /opt/airflow/include/dbt/fraud/profiles.yml
[2024-07-09T09:06:00.325+0000] {local.py:235} INFO - Trying to run the command:
 ['/home/airflow/.local/bin/dbt', 'run', '--models', 'customer_metrics', '--profiles-dir', '/opt/airflow/include/dbt/fraud', '--profile', 'fraud', '--target', 'dev']
From /tmp/tmpg6f7ohwy
[2024-07-09T09:06:00.326+0000] {local.py:236} INFO - Using environment variables keys: dict_keys(['AIRFLOW_CTX_DAG_OWNER', 'AIRFLOW_CTX_DAG_ID', 'AIRFLOW_CTX_TASK_ID', 'AIRFLOW_CTX_EXECUTION_DATE', 'AIRFLOW_CTX_TRY_NUMBER', 'AIRFLOW_CTX_DAG_RUN_ID'])
[2024-07-09T09:06:00.326+0000] {subprocess.py:60} INFO - Tmp dir root location: 
 /tmp
[2024-07-09T09:06:00.327+0000] {subprocess.py:73} INFO - Running command: ['/home/airflow/.local/bin/dbt', 'run', '--models', 'customer_metrics', '--profiles-dir', '/opt/airflow/include/dbt/fraud', '--profile', 'fraud', '--target', 'dev']
[2024-07-09T09:06:00.337+0000] {subprocess.py:84} INFO - Command output:
[2024-07-09T09:06:01.560+0000] {subprocess.py:94} INFO - [0m09:06:01  Running with dbt=1.8.1
[2024-07-09T09:06:02.405+0000] {subprocess.py:94} INFO - [0m09:06:02  Registered adapter: snowflake=1.8.2
[2024-07-09T09:06:02.434+0000] {subprocess.py:94} INFO - [0m09:06:02  Unable to do partial parsing because saved manifest not found. Starting full parse.
[2024-07-09T09:06:03.811+0000] {subprocess.py:94} INFO - [0m09:06:03  Found 3 models, 444 macros
[2024-07-09T09:06:03.814+0000] {subprocess.py:94} INFO - [0m09:06:03
[2024-07-09T09:06:05.469+0000] {subprocess.py:94} INFO - [0m09:06:05  Concurrency: 1 threads (target='dev')
[2024-07-09T09:06:05.470+0000] {subprocess.py:94} INFO - [0m09:06:05
[2024-07-09T09:06:05.477+0000] {subprocess.py:94} INFO - [0m09:06:05  1 of 1 START sql table model prod.customer_metrics ............................. [RUN]
[2024-07-09T09:06:06.344+0000] {subprocess.py:94} INFO - [0m09:06:06  1 of 1 OK created sql table model prod.customer_metrics ........................ [[32mSUCCESS 1[0m in 0.86s]
[2024-07-09T09:06:06.348+0000] {subprocess.py:94} INFO - [0m09:06:06
[2024-07-09T09:06:06.348+0000] {subprocess.py:94} INFO - [0m09:06:06  Finished running 1 table model in 0 hours 0 minutes and 2.53 seconds (2.53s).
[2024-07-09T09:06:06.392+0000] {subprocess.py:94} INFO - [0m09:06:06
[2024-07-09T09:06:06.393+0000] {subprocess.py:94} INFO - [0m09:06:06  [32mCompleted successfully[0m
[2024-07-09T09:06:06.394+0000] {subprocess.py:94} INFO - [0m09:06:06
[2024-07-09T09:06:06.394+0000] {subprocess.py:94} INFO - [0m09:06:06  Done. PASS=1 WARN=0 ERROR=0 SKIP=0 TOTAL=1
[2024-07-09T09:06:07.850+0000] {subprocess.py:98} INFO - Command exited with return code 0
[2024-07-09T09:06:07.864+0000] {local.py:138} WARNING - Artifact schema version: https://schemas.getdbt.com/dbt/manifest/v12.json is above dbt-ol supported version 7. This might cause errors.
[2024-07-09T09:06:07.865+0000] {local.py:138} WARNING - Artifact schema version: https://schemas.getdbt.com/dbt/run-results/v6.json is above dbt-ol supported version 5. This might cause errors.
[2024-07-09T09:06:07.873+0000] {local.py:252} INFO - Inlets: [Dataset(uri='snowflake://wn29403.ap-southeast-3.aws/AIRBYTE_DATABASE.prod.customer_transactions', extra=None), Dataset(uri='snowflake://wn29403.ap-southeast-3.aws/AIRBYTE_DATABASE.prod.labeled_transactions', extra=None)]
[2024-07-09T09:06:07.873+0000] {local.py:253} INFO - Outlets: [Dataset(uri='snowflake://wn29403.ap-southeast-3.aws/AIRBYTE_DATABASE.prod.customer_metrics', extra=None)]
[2024-07-09T09:06:07.874+0000] {dag.py:3047} INFO - Sync 1 DAGs
[2024-07-09T09:06:07.898+0000] {dag.py:3834} INFO - Setting next_dagrun for customer_metrics to 2024-07-09 00:00:00+00:00, run_after=2024-07-10 00:00:00+00:00
[2024-07-09T09:06:07.931+0000] {local.py:371} INFO - [0m09:06:06  Done. PASS=1 WARN=0 ERROR=0 SKIP=0 TOTAL=1
[2024-07-09T09:06:07.939+0000] {logging_mixin.py:188} WARNING - /home/airflow/.local/lib/python3.8/site-packages/airflow/models/baseoperator.py:1469 RemovedInAirflow3Warning: Passing 'execution_date' to 'TaskInstance.xcom_push()' is deprecated.
[2024-07-09T09:06:07.994+0000] {taskinstance.py:1149} INFO - Marking task as SUCCESS. dag_id=customer_metrics, task_id=publish.customer_metrics_run, execution_date=20240709T090408, start_date=20240709T090600, end_date=20240709T090607
[2024-07-09T09:06:08.042+0000] {local_task_job_runner.py:234} INFO - Task exited with return code 0
[2024-07-09T09:06:08.060+0000] {taskinstance.py:3309} INFO - 0 downstream tasks scheduled from follow-on schedule check
