[2024-07-09T09:00:26.507+0000] {taskinstance.py:1979} INFO - Dependencies all met for dep_context=non-requeueable deps ti=<TaskInstance: customer_metrics.write_to_staging manual__2024-07-09T08:59:26.285847+00:00 [queued]>
[2024-07-09T09:00:26.515+0000] {taskinstance.py:1979} INFO - Dependencies all met for dep_context=requeueable deps ti=<TaskInstance: customer_metrics.write_to_staging manual__2024-07-09T08:59:26.285847+00:00 [queued]>
[2024-07-09T09:00:26.516+0000] {taskinstance.py:2193} INFO - Starting attempt 1 of 1
[2024-07-09T09:00:26.530+0000] {taskinstance.py:2214} INFO - Executing <Task(AirbyteTriggerSyncOperator): write_to_staging> on 2024-07-09 08:59:26.285847+00:00
[2024-07-09T09:00:26.536+0000] {standard_task_runner.py:60} INFO - Started process 456 to run task
[2024-07-09T09:00:26.539+0000] {standard_task_runner.py:87} INFO - Running: ['airflow', 'tasks', 'run', 'customer_metrics', 'write_to_staging', 'manual__2024-07-09T08:59:26.285847+00:00', '--job-id', '50', '--raw', '--subdir', 'DAGS_FOLDER/customer_metrics.py', '--cfg-path', '/tmp/tmpisa6nq19']
[2024-07-09T09:00:26.541+0000] {standard_task_runner.py:88} INFO - Job 50: Subtask write_to_staging
[2024-07-09T09:00:26.602+0000] {task_command.py:423} INFO - Running <TaskInstance: customer_metrics.write_to_staging manual__2024-07-09T08:59:26.285847+00:00 [running]> on host 3726baa263d6
[2024-07-09T09:00:26.688+0000] {taskinstance.py:2510} INFO - Exporting env vars: AIRFLOW_CTX_DAG_OWNER='airflow' AIRFLOW_CTX_DAG_ID='customer_metrics' AIRFLOW_CTX_TASK_ID='write_to_staging' AIRFLOW_CTX_EXECUTION_DATE='2024-07-09T08:59:26.285847+00:00' AIRFLOW_CTX_TRY_NUMBER='1' AIRFLOW_CTX_DAG_RUN_ID='manual__2024-07-09T08:59:26.285847+00:00'
[2024-07-09T09:00:26.705+0000] {base.py:83} INFO - Using connection ID 'airbyte' for task execution.
[2024-07-09T09:00:27.181+0000] {airbyte.py:86} INFO - Job 72 was submitted to Airbyte Server
[2024-07-09T09:00:27.182+0000] {airbyte.py:88} INFO - Waiting for job 72 to complete
[2024-07-09T09:00:30.194+0000] {base.py:83} INFO - Using connection ID 'airbyte' for task execution.
[2024-07-09T09:00:33.221+0000] {base.py:83} INFO - Using connection ID 'airbyte' for task execution.
[2024-07-09T09:00:36.249+0000] {base.py:83} INFO - Using connection ID 'airbyte' for task execution.
[2024-07-09T09:00:39.275+0000] {base.py:83} INFO - Using connection ID 'airbyte' for task execution.
[2024-07-09T09:00:42.296+0000] {base.py:83} INFO - Using connection ID 'airbyte' for task execution.
[2024-07-09T09:00:45.322+0000] {base.py:83} INFO - Using connection ID 'airbyte' for task execution.
[2024-07-09T09:00:48.347+0000] {base.py:83} INFO - Using connection ID 'airbyte' for task execution.
[2024-07-09T09:00:51.375+0000] {base.py:83} INFO - Using connection ID 'airbyte' for task execution.
[2024-07-09T09:00:54.406+0000] {base.py:83} INFO - Using connection ID 'airbyte' for task execution.
[2024-07-09T09:00:57.452+0000] {base.py:83} INFO - Using connection ID 'airbyte' for task execution.
[2024-07-09T09:01:00.485+0000] {base.py:83} INFO - Using connection ID 'airbyte' for task execution.
[2024-07-09T09:01:03.519+0000] {base.py:83} INFO - Using connection ID 'airbyte' for task execution.
[2024-07-09T09:01:06.552+0000] {base.py:83} INFO - Using connection ID 'airbyte' for task execution.
[2024-07-09T09:01:09.587+0000] {base.py:83} INFO - Using connection ID 'airbyte' for task execution.
[2024-07-09T09:01:12.616+0000] {base.py:83} INFO - Using connection ID 'airbyte' for task execution.
[2024-07-09T09:01:15.643+0000] {base.py:83} INFO - Using connection ID 'airbyte' for task execution.
[2024-07-09T09:01:15.658+0000] {airbyte.py:112} INFO - Job 72 completed successfully
[2024-07-09T09:01:15.685+0000] {taskinstance.py:1149} INFO - Marking task as SUCCESS. dag_id=customer_metrics, task_id=write_to_staging, execution_date=20240709T085926, start_date=20240709T090026, end_date=20240709T090115
[2024-07-09T09:01:15.738+0000] {local_task_job_runner.py:234} INFO - Task exited with return code 0
[2024-07-09T09:01:15.765+0000] {taskinstance.py:3309} INFO - 1 downstream tasks scheduled from follow-on schedule check
