[2024-07-09T09:10:40.924+0000] {taskinstance.py:1979} INFO - Dependencies all met for dep_context=non-requeueable deps ti=<TaskInstance: customer_metrics.audit_labeled_transactions manual__2024-07-09T09:09:20.209974+00:00 [queued]>
[2024-07-09T09:10:40.932+0000] {taskinstance.py:1979} INFO - Dependencies all met for dep_context=requeueable deps ti=<TaskInstance: customer_metrics.audit_labeled_transactions manual__2024-07-09T09:09:20.209974+00:00 [queued]>
[2024-07-09T09:10:40.933+0000] {taskinstance.py:2193} INFO - Starting attempt 1 of 1
[2024-07-09T09:10:40.946+0000] {taskinstance.py:2214} INFO - Executing <Task(_PythonExternalDecoratedOperator): audit_labeled_transactions> on 2024-07-09 09:09:20.209974+00:00
[2024-07-09T09:10:40.953+0000] {standard_task_runner.py:60} INFO - Started process 2978 to run task
[2024-07-09T09:10:40.956+0000] {standard_task_runner.py:87} INFO - Running: ['airflow', 'tasks', 'run', 'customer_metrics', 'audit_labeled_transactions', 'manual__2024-07-09T09:09:20.209974+00:00', '--job-id', '80', '--raw', '--subdir', 'DAGS_FOLDER/customer_metrics.py', '--cfg-path', '/tmp/tmpn0q9m0s9']
[2024-07-09T09:10:40.958+0000] {standard_task_runner.py:88} INFO - Job 80: Subtask audit_labeled_transactions
[2024-07-09T09:10:41.003+0000] {task_command.py:423} INFO - Running <TaskInstance: customer_metrics.audit_labeled_transactions manual__2024-07-09T09:09:20.209974+00:00 [running]> on host 3726baa263d6
[2024-07-09T09:10:41.077+0000] {taskinstance.py:2510} INFO - Exporting env vars: AIRFLOW_CTX_DAG_OWNER='airflow' AIRFLOW_CTX_DAG_ID='customer_metrics' AIRFLOW_CTX_TASK_ID='audit_labeled_transactions' AIRFLOW_CTX_EXECUTION_DATE='2024-07-09T09:09:20.209974+00:00' AIRFLOW_CTX_TRY_NUMBER='1' AIRFLOW_CTX_DAG_RUN_ID='manual__2024-07-09T09:09:20.209974+00:00'
[2024-07-09T09:10:41.110+0000] {python.py:913} WARNING - When checking for Airflow installed in virtual environment got Command '['/opt/airflow/soda_venv/bin/python', '-c', 'from airflow import __version__; print(__version__)']' returned non-zero exit status 1.
[2024-07-09T09:10:41.111+0000] {python.py:914} WARNING - This means that Airflow is not properly installed by  /opt/airflow/soda_venv/bin/python. Airflow context keys will not be available. Please Install Airflow 2.8.2 in your environment to access them.
[2024-07-09T09:10:41.178+0000] {process_utils.py:182} INFO - Executing cmd: /opt/airflow/soda_venv/bin/python /tmp/venv-calla1cqic4t/script.py /tmp/venv-calla1cqic4t/script.in /tmp/venv-calla1cqic4t/script.out /tmp/venv-calla1cqic4t/string_args.txt /tmp/venv-calla1cqic4t/termination.log
[2024-07-09T09:10:41.190+0000] {process_utils.py:186} INFO - Output:
[2024-07-09T09:10:45.289+0000] {process_utils.py:190} INFO - Running Soda Scan ...
[2024-07-09T09:10:45.290+0000] {process_utils.py:190} INFO - INFO   | Soda Core 3.2.2
[2024-07-09T09:10:45.291+0000] {process_utils.py:190} INFO - DEBUG  | Reading configuration file "include/soda/configuration.yml"
[2024-07-09T09:10:45.292+0000] {process_utils.py:190} INFO - DEBUG  | Reading SodaCL file "include/soda/checks/tables/labeled_transactions.yml"
[2024-07-09T09:10:45.293+0000] {process_utils.py:190} INFO - DEBUG  | Reading SodaCL file "include/soda/checks/tables/customer_transactions.yml"
[2024-07-09T09:10:45.294+0000] {process_utils.py:190} INFO - DEBUG  | Scan execution starts
[2024-07-09T09:10:45.294+0000] {process_utils.py:190} INFO - DEBUG  | Query staging.labeled_transactions.aggregation[0]:
[2024-07-09T09:10:45.295+0000] {process_utils.py:190} INFO - SELECT
[2024-07-09T09:10:45.296+0000] {process_utils.py:190} INFO -   COUNT(*),
[2024-07-09T09:10:45.297+0000] {process_utils.py:190} INFO -   COUNT(CASE WHEN transaction_id IS NULL THEN 1 END),
[2024-07-09T09:10:45.299+0000] {process_utils.py:190} INFO -   COUNT(CASE WHEN is_fraudulent IS NULL THEN 1 END)
[2024-07-09T09:10:45.304+0000] {process_utils.py:190} INFO - FROM AIRBYTE_DATABASE.STAGING.labeled_transactions
[2024-07-09T09:10:45.306+0000] {process_utils.py:190} INFO - DEBUG  | Query staging.labeled_transactions.transaction_id.duplicate_count:
[2024-07-09T09:10:45.307+0000] {process_utils.py:190} INFO - 
[2024-07-09T09:10:45.308+0000] {process_utils.py:190} INFO - WITH frequencies AS (
[2024-07-09T09:10:45.309+0000] {process_utils.py:190} INFO -     SELECT COUNT(*) AS frequency
[2024-07-09T09:10:45.309+0000] {process_utils.py:190} INFO -     FROM AIRBYTE_DATABASE.STAGING.labeled_transactions
[2024-07-09T09:10:45.310+0000] {process_utils.py:190} INFO -     WHERE transaction_id IS NOT NULL
[2024-07-09T09:10:45.310+0000] {process_utils.py:190} INFO -     GROUP BY transaction_id)
[2024-07-09T09:10:45.311+0000] {process_utils.py:190} INFO - SELECT COUNT(*)
[2024-07-09T09:10:45.312+0000] {process_utils.py:190} INFO - FROM frequencies
[2024-07-09T09:10:45.312+0000] {process_utils.py:190} INFO - WHERE frequency > 1
[2024-07-09T09:10:45.313+0000] {process_utils.py:190} INFO - DEBUG  | Query staging.labeled_transactions.duplicate_count[transaction_id].failed_rows.aggregated:
[2024-07-09T09:10:45.313+0000] {process_utils.py:190} INFO - 
[2024-07-09T09:10:45.314+0000] {process_utils.py:190} INFO - WITH frequencies AS (
[2024-07-09T09:10:45.314+0000] {process_utils.py:190} INFO -     SELECT transaction_id, COUNT(*) AS frequency
[2024-07-09T09:10:45.315+0000] {process_utils.py:190} INFO -     FROM AIRBYTE_DATABASE.STAGING.labeled_transactions
[2024-07-09T09:10:45.315+0000] {process_utils.py:190} INFO -     WHERE transaction_id IS NOT NULL
[2024-07-09T09:10:45.316+0000] {process_utils.py:190} INFO -     GROUP BY transaction_id)
[2024-07-09T09:10:45.316+0000] {process_utils.py:190} INFO - SELECT *
[2024-07-09T09:10:45.317+0000] {process_utils.py:190} INFO - FROM frequencies
[2024-07-09T09:10:45.317+0000] {process_utils.py:190} INFO - WHERE frequency > 1
[2024-07-09T09:10:45.318+0000] {process_utils.py:190} INFO - ORDER BY frequency DESC
[2024-07-09T09:10:45.318+0000] {process_utils.py:190} INFO - LIMIT 100
[2024-07-09T09:10:45.319+0000] {process_utils.py:190} INFO - DEBUG  | Query staging.customer_transactions.aggregation[0]:
[2024-07-09T09:10:45.319+0000] {process_utils.py:190} INFO - SELECT
[2024-07-09T09:10:45.320+0000] {process_utils.py:190} INFO -   COUNT(*),
[2024-07-09T09:10:45.321+0000] {process_utils.py:190} INFO -   COUNT(CASE WHEN transaction_id IS NULL THEN 1 END),
[2024-07-09T09:10:45.321+0000] {process_utils.py:190} INFO -   COUNT(CASE WHEN user_id IS NULL THEN 1 END),
[2024-07-09T09:10:45.322+0000] {process_utils.py:190} INFO -   COUNT(CASE WHEN transaction_date IS NULL THEN 1 END),
[2024-07-09T09:10:45.322+0000] {process_utils.py:190} INFO -   COUNT(CASE WHEN amount IS NULL THEN 1 END)
[2024-07-09T09:10:45.323+0000] {process_utils.py:190} INFO - FROM AIRBYTE_DATABASE.STAGING.customer_transactions
[2024-07-09T09:10:45.323+0000] {process_utils.py:190} INFO - DEBUG  | Query staging.customer_transactions.transaction_id.duplicate_count:
[2024-07-09T09:10:45.324+0000] {process_utils.py:190} INFO - 
[2024-07-09T09:10:45.324+0000] {process_utils.py:190} INFO - WITH frequencies AS (
[2024-07-09T09:10:45.325+0000] {process_utils.py:190} INFO -     SELECT COUNT(*) AS frequency
[2024-07-09T09:10:45.325+0000] {process_utils.py:190} INFO -     FROM AIRBYTE_DATABASE.STAGING.customer_transactions
[2024-07-09T09:10:45.326+0000] {process_utils.py:190} INFO -     WHERE transaction_id IS NOT NULL
[2024-07-09T09:10:45.326+0000] {process_utils.py:190} INFO -     GROUP BY transaction_id)
[2024-07-09T09:10:45.326+0000] {process_utils.py:190} INFO - SELECT COUNT(*)
[2024-07-09T09:10:45.327+0000] {process_utils.py:190} INFO - FROM frequencies
[2024-07-09T09:10:45.328+0000] {process_utils.py:190} INFO - WHERE frequency > 1
[2024-07-09T09:10:45.328+0000] {process_utils.py:190} INFO - DEBUG  | Query staging.customer_transactions.duplicate_count[transaction_id].failed_rows.aggregated:
[2024-07-09T09:10:45.329+0000] {process_utils.py:190} INFO - 
[2024-07-09T09:10:45.329+0000] {process_utils.py:190} INFO - WITH frequencies AS (
[2024-07-09T09:10:45.330+0000] {process_utils.py:190} INFO -     SELECT transaction_id, COUNT(*) AS frequency
[2024-07-09T09:10:45.330+0000] {process_utils.py:190} INFO -     FROM AIRBYTE_DATABASE.STAGING.customer_transactions
[2024-07-09T09:10:45.331+0000] {process_utils.py:190} INFO -     WHERE transaction_id IS NOT NULL
[2024-07-09T09:10:45.331+0000] {process_utils.py:190} INFO -     GROUP BY transaction_id)
[2024-07-09T09:10:45.331+0000] {process_utils.py:190} INFO - SELECT *
[2024-07-09T09:10:45.332+0000] {process_utils.py:190} INFO - FROM frequencies
[2024-07-09T09:10:45.332+0000] {process_utils.py:190} INFO - WHERE frequency > 1
[2024-07-09T09:10:45.332+0000] {process_utils.py:190} INFO - ORDER BY frequency DESC
[2024-07-09T09:10:45.333+0000] {process_utils.py:190} INFO - LIMIT 100
[2024-07-09T09:10:45.333+0000] {process_utils.py:190} INFO - DEBUG  | Query staging.labeled_transactions.schema[labeled_transactions]:
[2024-07-09T09:10:45.334+0000] {process_utils.py:190} INFO - SELECT column_name, data_type, is_nullable
[2024-07-09T09:10:45.334+0000] {process_utils.py:190} INFO - FROM information_schema.columns
[2024-07-09T09:10:45.335+0000] {process_utils.py:190} INFO - WHERE upper(table_name) = 'LABELED_TRANSACTIONS'
[2024-07-09T09:10:45.335+0000] {process_utils.py:190} INFO -   AND upper(table_catalog) = 'AIRBYTE_DATABASE'
[2024-07-09T09:10:45.336+0000] {process_utils.py:190} INFO -   AND upper(table_schema) = 'STAGING'
[2024-07-09T09:10:45.336+0000] {process_utils.py:190} INFO - ORDER BY ORDINAL_POSITION
[2024-07-09T09:10:45.337+0000] {process_utils.py:190} INFO - DEBUG  | Query staging.reference[transaction_id]:
[2024-07-09T09:10:45.337+0000] {process_utils.py:190} INFO - 
[2024-07-09T09:10:45.338+0000] {process_utils.py:190} INFO - SELECT COUNT(*)
[2024-07-09T09:10:45.338+0000] {process_utils.py:190} INFO -     FROM AIRBYTE_DATABASE.STAGING.labeled_transactions  SOURCE
[2024-07-09T09:10:45.339+0000] {process_utils.py:190} INFO -     LEFT JOIN AIRBYTE_DATABASE.STAGING.customer_transactions TARGET on SOURCE.transaction_id = TARGET.transaction_id
[2024-07-09T09:10:45.339+0000] {process_utils.py:190} INFO - WHERE (SOURCE.transaction_id IS NOT NULL AND TARGET.transaction_id IS  NULL)
[2024-07-09T09:10:45.340+0000] {process_utils.py:190} INFO - DEBUG  | Query staging.transaction_id.failed_rows[reference]:
[2024-07-09T09:10:45.340+0000] {process_utils.py:190} INFO - 
[2024-07-09T09:10:45.340+0000] {process_utils.py:190} INFO - SELECT SOURCE.*
[2024-07-09T09:10:45.341+0000] {process_utils.py:190} INFO -     FROM AIRBYTE_DATABASE.STAGING.labeled_transactions  SOURCE
[2024-07-09T09:10:45.341+0000] {process_utils.py:190} INFO -     LEFT JOIN AIRBYTE_DATABASE.STAGING.customer_transactions TARGET on SOURCE.transaction_id = TARGET.transaction_id
[2024-07-09T09:10:45.342+0000] {process_utils.py:190} INFO - WHERE (SOURCE.transaction_id IS NOT NULL AND TARGET.transaction_id IS  NULL)
[2024-07-09T09:10:45.342+0000] {process_utils.py:190} INFO - LIMIT 100
[2024-07-09T09:10:45.342+0000] {process_utils.py:190} INFO - INFO   | Using DefaultSampler
[2024-07-09T09:10:45.343+0000] {process_utils.py:190} INFO - DEBUG  | Query staging.customer_transactions.schema[customer_transactions]:
[2024-07-09T09:10:45.343+0000] {process_utils.py:190} INFO - SELECT column_name, data_type, is_nullable
[2024-07-09T09:10:45.344+0000] {process_utils.py:190} INFO - FROM information_schema.columns
[2024-07-09T09:10:45.345+0000] {process_utils.py:190} INFO - WHERE upper(table_name) = 'CUSTOMER_TRANSACTIONS'
[2024-07-09T09:10:45.345+0000] {process_utils.py:190} INFO -   AND upper(table_catalog) = 'AIRBYTE_DATABASE'
[2024-07-09T09:10:45.345+0000] {process_utils.py:190} INFO -   AND upper(table_schema) = 'STAGING'
[2024-07-09T09:10:45.346+0000] {process_utils.py:190} INFO - ORDER BY ORDINAL_POSITION
[2024-07-09T09:10:45.346+0000] {process_utils.py:190} INFO - INFO   | Scan summary:
[2024-07-09T09:10:45.347+0000] {process_utils.py:190} INFO - DEBUG  | 10/10 queries OK
[2024-07-09T09:10:45.347+0000] {process_utils.py:190} INFO - DEBUG  |   staging.labeled_transactions.aggregation[0] [OK] 0:00:00.103973
[2024-07-09T09:10:45.347+0000] {process_utils.py:190} INFO - DEBUG  |   staging.labeled_transactions.transaction_id.duplicate_count [OK] 0:00:00.183432
[2024-07-09T09:10:45.348+0000] {process_utils.py:190} INFO - DEBUG  |   staging.labeled_transactions.duplicate_count[transaction_id].failed_rows.aggregated [OK] 0:00:00.119305
[2024-07-09T09:10:45.348+0000] {process_utils.py:190} INFO - DEBUG  |   staging.customer_transactions.aggregation[0] [OK] 0:00:00.092224
[2024-07-09T09:10:45.349+0000] {process_utils.py:190} INFO - DEBUG  |   staging.customer_transactions.transaction_id.duplicate_count [OK] 0:00:00.081089
[2024-07-09T09:10:45.349+0000] {process_utils.py:190} INFO - DEBUG  |   staging.customer_transactions.duplicate_count[transaction_id].failed_rows.aggregated [OK] 0:00:00.067034
[2024-07-09T09:10:45.350+0000] {process_utils.py:190} INFO - DEBUG  |   staging.labeled_transactions.schema[labeled_transactions] [OK] 0:00:00.873052
[2024-07-09T09:10:45.350+0000] {process_utils.py:190} INFO - DEBUG  |   staging.reference[transaction_id] [OK] 0:00:00.066188
[2024-07-09T09:10:45.351+0000] {process_utils.py:190} INFO - DEBUG  |   staging.transaction_id.failed_rows[reference] [OK] 0:00:00.089534
[2024-07-09T09:10:45.351+0000] {process_utils.py:190} INFO - DEBUG  |   staging.customer_transactions.schema[customer_transactions] [OK] 0:00:00.907395
[2024-07-09T09:10:45.352+0000] {process_utils.py:190} INFO - INFO   | 11/13 checks PASSED:
[2024-07-09T09:10:45.352+0000] {process_utils.py:190} INFO - INFO   |     labeled_transactions in staging
[2024-07-09T09:10:45.353+0000] {process_utils.py:190} INFO - INFO   |       Table is empty [include/soda/checks/tables/labeled_transactions.yml] [PASSED]
[2024-07-09T09:10:45.353+0000] {process_utils.py:190} INFO - INFO   |         check_value: 250
[2024-07-09T09:10:45.354+0000] {process_utils.py:190} INFO - INFO   |       Schema Check [include/soda/checks/tables/labeled_transactions.yml] [PASSED]
[2024-07-09T09:10:45.355+0000] {process_utils.py:190} INFO - INFO   |         schema_measured = [_AIRBYTE_RAW_ID TEXT, _AIRBYTE_EXTRACTED_AT TIMESTAMP_TZ, _AIRBYTE_META VARIANT, IS_FRAUDULENT BOOLEAN, TRANSACTION_ID NUMBER, _AB_SOURCE_FILE_URL TEXT, _AB_SOURCE_FILE_LAST_MODIFIED TEXT]
[2024-07-09T09:10:45.355+0000] {process_utils.py:190} INFO - INFO   |       Duplicate transaction ids [include/soda/checks/tables/labeled_transactions.yml] [PASSED]
[2024-07-09T09:10:45.356+0000] {process_utils.py:190} INFO - INFO   |         check_value: 0
[2024-07-09T09:10:45.356+0000] {process_utils.py:190} INFO - INFO   |       Transaction ids cannot be null [include/soda/checks/tables/labeled_transactions.yml] [PASSED]
[2024-07-09T09:10:45.357+0000] {process_utils.py:190} INFO - INFO   |         check_value: 0
[2024-07-09T09:10:45.357+0000] {process_utils.py:190} INFO - INFO   |       Is fraudulent values cannot be null [include/soda/checks/tables/labeled_transactions.yml] [PASSED]
[2024-07-09T09:10:45.358+0000] {process_utils.py:190} INFO - INFO   |         check_value: 0
[2024-07-09T09:10:45.359+0000] {process_utils.py:190} INFO - INFO   |     customer_transactions in staging
[2024-07-09T09:10:45.359+0000] {process_utils.py:190} INFO - INFO   |       Schema Check [include/soda/checks/tables/customer_transactions.yml] [PASSED]
[2024-07-09T09:10:45.360+0000] {process_utils.py:190} INFO - INFO   |         schema_measured = [_AIRBYTE_RAW_ID TEXT, _AIRBYTE_EXTRACTED_AT TIMESTAMP_TZ, _AIRBYTE_META VARIANT, AMOUNT FLOAT, USER_ID NUMBER, TRANSACTION_ID NUMBER, TRANSACTION_DATE TEXT, _AB_SOURCE_FILE_URL TEXT, _AB_SOURCE_FILE_LAST_MODIFIED TEXT]
[2024-07-09T09:10:45.360+0000] {process_utils.py:190} INFO - INFO   |       Duplicate transaction ids [include/soda/checks/tables/customer_transactions.yml] [PASSED]
[2024-07-09T09:10:45.361+0000] {process_utils.py:190} INFO - INFO   |         check_value: 0
[2024-07-09T09:10:45.361+0000] {process_utils.py:190} INFO - INFO   |       Transactions ids missing in customer_transactions [include/soda/checks/tables/customer_transactions.yml] [PASSED]
[2024-07-09T09:10:45.362+0000] {process_utils.py:190} INFO - INFO   |         check_value: 0
[2024-07-09T09:10:45.363+0000] {process_utils.py:190} INFO - INFO   |       User ids missing in customer_transactions [include/soda/checks/tables/customer_transactions.yml] [PASSED]
[2024-07-09T09:10:45.363+0000] {process_utils.py:190} INFO - INFO   |         check_value: 0
[2024-07-09T09:10:45.364+0000] {process_utils.py:190} INFO - INFO   |       transaction_date missing in customer_transactions [include/soda/checks/tables/customer_transactions.yml] [PASSED]
[2024-07-09T09:10:45.364+0000] {process_utils.py:190} INFO - INFO   |         check_value: 0
[2024-07-09T09:10:45.365+0000] {process_utils.py:190} INFO - INFO   |       amount missing in customer_transactions [include/soda/checks/tables/customer_transactions.yml] [PASSED]
[2024-07-09T09:10:45.365+0000] {process_utils.py:190} INFO - INFO   |         check_value: 0
[2024-07-09T09:10:45.366+0000] {process_utils.py:190} INFO - INFO   | 2/13 checks FAILED:
[2024-07-09T09:10:45.366+0000] {process_utils.py:190} INFO - INFO   |     labeled_transactions in staging
[2024-07-09T09:10:45.366+0000] {process_utils.py:190} INFO - INFO   |       Transaction IDs don't match with the reference table [include/soda/checks/tables/labeled_transactions.yml] [FAILED]
[2024-07-09T09:10:45.366+0000] {process_utils.py:190} INFO - INFO   |         value: 250
[2024-07-09T09:10:45.367+0000] {process_utils.py:190} INFO - INFO   |     customer_transactions in staging
[2024-07-09T09:10:45.368+0000] {process_utils.py:190} INFO - INFO   |       Table is empty [include/soda/checks/tables/customer_transactions.yml] [FAILED]
[2024-07-09T09:10:45.368+0000] {process_utils.py:190} INFO - INFO   |         check_value: 0
[2024-07-09T09:10:45.369+0000] {process_utils.py:190} INFO - INFO   | Oops! 2 failures. 0 warnings. 0 errors. 11 pass.
[2024-07-09T09:10:45.369+0000] {process_utils.py:190} INFO - Traceback (most recent call last):
[2024-07-09T09:10:45.370+0000] {process_utils.py:190} INFO -   File "/tmp/venv-calla1cqic4t/script.py", line 48, in <module>
[2024-07-09T09:10:45.370+0000] {process_utils.py:190} INFO -     res = audit_labeled_transactions(*arg_dict["args"], **arg_dict["kwargs"])
[2024-07-09T09:10:45.371+0000] {process_utils.py:190} INFO -   File "/tmp/venv-calla1cqic4t/script.py", line 21, in audit_labeled_transactions
[2024-07-09T09:10:45.371+0000] {process_utils.py:190} INFO -     check(scan_name, checks_subpath, data_source)
[2024-07-09T09:10:45.372+0000] {process_utils.py:190} INFO -   File "/opt/airflow/include/soda/helpers.py", line 22, in check
[2024-07-09T09:10:45.372+0000] {process_utils.py:190} INFO -     raise ValueError('Soda Scan failed')
[2024-07-09T09:10:45.373+0000] {process_utils.py:190} INFO - ValueError: Soda Scan failed
[2024-07-09T09:10:45.504+0000] {taskinstance.py:2728} ERROR - Task failed with exception
Traceback (most recent call last):
  File "/home/airflow/.local/lib/python3.8/site-packages/airflow/models/taskinstance.py", line 444, in _execute_task
    result = _execute_callable(context=context, **execute_callable_kwargs)
  File "/home/airflow/.local/lib/python3.8/site-packages/airflow/models/taskinstance.py", line 414, in _execute_callable
    return execute_callable(context=context, **execute_callable_kwargs)
  File "/home/airflow/.local/lib/python3.8/site-packages/airflow/decorators/base.py", line 241, in execute
    return_value = super().execute(context)
  File "/home/airflow/.local/lib/python3.8/site-packages/airflow/operators/python.py", line 401, in execute
    return super().execute(context=serializable_context)
  File "/home/airflow/.local/lib/python3.8/site-packages/airflow/operators/python.py", line 200, in execute
    return_value = self.execute_callable()
  File "/home/airflow/.local/lib/python3.8/site-packages/airflow/operators/python.py", line 861, in execute_callable
    return self._execute_python_callable_in_subprocess(python_path)
  File "/home/airflow/.local/lib/python3.8/site-packages/airflow/operators/python.py", line 478, in _execute_python_callable_in_subprocess
    raise AirflowException(error_msg) from None
airflow.exceptions.AirflowException: Process returned non-zero exit status 1.
Soda Scan failed
[2024-07-09T09:10:45.508+0000] {taskinstance.py:1149} INFO - Marking task as FAILED. dag_id=customer_metrics, task_id=audit_labeled_transactions, execution_date=20240709T090920, start_date=20240709T091040, end_date=20240709T091045
[2024-07-09T09:10:45.525+0000] {standard_task_runner.py:107} ERROR - Failed to execute job 80 for task audit_labeled_transactions (Process returned non-zero exit status 1.
Soda Scan failed; 2978)
[2024-07-09T09:10:45.550+0000] {local_task_job_runner.py:234} INFO - Task exited with return code 1
[2024-07-09T09:10:45.569+0000] {taskinstance.py:3309} INFO - 0 downstream tasks scheduled from follow-on schedule check
