[2024-07-09T10:17:15.144+0000] {taskinstance.py:1979} INFO - Dependencies all met for dep_context=non-requeueable deps ti=<TaskInstance: customer_metrics.load_labeled_transactions_raw manual__2024-07-09T10:17:03.161498+00:00 [queued]>
[2024-07-09T10:17:15.152+0000] {taskinstance.py:1979} INFO - Dependencies all met for dep_context=requeueable deps ti=<TaskInstance: customer_metrics.load_labeled_transactions_raw manual__2024-07-09T10:17:03.161498+00:00 [queued]>
[2024-07-09T10:17:15.153+0000] {taskinstance.py:2193} INFO - Starting attempt 1 of 1
[2024-07-09T10:17:15.169+0000] {taskinstance.py:2214} INFO - Executing <Task(AirbyteTriggerSyncOperator): load_labeled_transactions_raw> on 2024-07-09 10:17:03.161498+00:00
[2024-07-09T10:17:15.175+0000] {standard_task_runner.py:60} INFO - Started process 423 to run task
[2024-07-09T10:17:15.178+0000] {standard_task_runner.py:87} INFO - Running: ['airflow', 'tasks', 'run', 'customer_metrics', 'load_labeled_transactions_raw', 'manual__2024-07-09T10:17:03.161498+00:00', '--job-id', '169', '--raw', '--subdir', 'DAGS_FOLDER/customer_metrics.py', '--cfg-path', '/tmp/tmp7dejtngj']
[2024-07-09T10:17:15.180+0000] {standard_task_runner.py:88} INFO - Job 169: Subtask load_labeled_transactions_raw
[2024-07-09T10:17:15.239+0000] {task_command.py:423} INFO - Running <TaskInstance: customer_metrics.load_labeled_transactions_raw manual__2024-07-09T10:17:03.161498+00:00 [running]> on host 428c62206da4
[2024-07-09T10:17:15.318+0000] {taskinstance.py:2510} INFO - Exporting env vars: AIRFLOW_CTX_DAG_OWNER='airflow' AIRFLOW_CTX_DAG_ID='customer_metrics' AIRFLOW_CTX_TASK_ID='load_labeled_transactions_raw' AIRFLOW_CTX_EXECUTION_DATE='2024-07-09T10:17:03.161498+00:00' AIRFLOW_CTX_TRY_NUMBER='1' AIRFLOW_CTX_DAG_RUN_ID='manual__2024-07-09T10:17:03.161498+00:00'
[2024-07-09T10:17:15.331+0000] {base.py:83} INFO - Using connection ID 'airbyte' for task execution.
[2024-07-09T10:17:23.437+0000] {airbyte.py:86} INFO - Job 133 was submitted to Airbyte Server
[2024-07-09T10:17:23.438+0000] {airbyte.py:88} INFO - Waiting for job 133 to complete
[2024-07-09T10:17:26.459+0000] {base.py:83} INFO - Using connection ID 'airbyte' for task execution.
[2024-07-09T10:17:29.631+0000] {base.py:83} INFO - Using connection ID 'airbyte' for task execution.
[2024-07-09T10:17:32.779+0000] {base.py:83} INFO - Using connection ID 'airbyte' for task execution.
[2024-07-09T10:17:35.825+0000] {base.py:83} INFO - Using connection ID 'airbyte' for task execution.
[2024-07-09T10:17:35.864+0000] {airbyte.py:112} INFO - Job 133 completed successfully
[2024-07-09T10:17:35.897+0000] {taskinstance.py:1149} INFO - Marking task as SUCCESS. dag_id=customer_metrics, task_id=load_labeled_transactions_raw, execution_date=20240709T101703, start_date=20240709T101715, end_date=20240709T101735
[2024-07-09T10:17:35.949+0000] {local_task_job_runner.py:234} INFO - Task exited with return code 0
[2024-07-09T10:17:35.977+0000] {taskinstance.py:3309} INFO - 0 downstream tasks scheduled from follow-on schedule check
