[2024-07-09T09:31:28.644+0000] {taskinstance.py:1979} INFO - Dependencies all met for dep_context=non-requeueable deps ti=<TaskInstance: customer_metrics.write_to_staging manual__2024-07-09T09:30:46.210106+00:00 [queued]>
[2024-07-09T09:31:28.654+0000] {taskinstance.py:1979} INFO - Dependencies all met for dep_context=requeueable deps ti=<TaskInstance: customer_metrics.write_to_staging manual__2024-07-09T09:30:46.210106+00:00 [queued]>
[2024-07-09T09:31:28.655+0000] {taskinstance.py:2193} INFO - Starting attempt 1 of 1
[2024-07-09T09:31:28.672+0000] {taskinstance.py:2214} INFO - Executing <Task(AirbyteTriggerSyncOperator): write_to_staging> on 2024-07-09 09:30:46.210106+00:00
[2024-07-09T09:31:28.681+0000] {standard_task_runner.py:60} INFO - Started process 398 to run task
[2024-07-09T09:31:28.684+0000] {standard_task_runner.py:87} INFO - Running: ['airflow', 'tasks', 'run', 'customer_metrics', 'write_to_staging', 'manual__2024-07-09T09:30:46.210106+00:00', '--job-id', '129', '--raw', '--subdir', 'DAGS_FOLDER/customer_metrics.py', '--cfg-path', '/tmp/tmp1yqrtg7_']
[2024-07-09T09:31:28.687+0000] {standard_task_runner.py:88} INFO - Job 129: Subtask write_to_staging
[2024-07-09T09:31:28.735+0000] {task_command.py:423} INFO - Running <TaskInstance: customer_metrics.write_to_staging manual__2024-07-09T09:30:46.210106+00:00 [running]> on host 3726baa263d6
[2024-07-09T09:31:28.808+0000] {taskinstance.py:2510} INFO - Exporting env vars: AIRFLOW_CTX_DAG_OWNER='airflow' AIRFLOW_CTX_DAG_ID='customer_metrics' AIRFLOW_CTX_TASK_ID='write_to_staging' AIRFLOW_CTX_EXECUTION_DATE='2024-07-09T09:30:46.210106+00:00' AIRFLOW_CTX_TRY_NUMBER='1' AIRFLOW_CTX_DAG_RUN_ID='manual__2024-07-09T09:30:46.210106+00:00'
[2024-07-09T09:31:28.818+0000] {base.py:83} INFO - Using connection ID 'airbyte' for task execution.
[2024-07-09T09:31:33.680+0000] {airbyte.py:86} INFO - Job 120 was submitted to Airbyte Server
[2024-07-09T09:31:33.680+0000] {airbyte.py:88} INFO - Waiting for job 120 to complete
[2024-07-09T09:31:36.691+0000] {base.py:83} INFO - Using connection ID 'airbyte' for task execution.
[2024-07-09T09:31:39.721+0000] {base.py:83} INFO - Using connection ID 'airbyte' for task execution.
[2024-07-09T09:31:42.746+0000] {base.py:83} INFO - Using connection ID 'airbyte' for task execution.
[2024-07-09T09:31:45.772+0000] {base.py:83} INFO - Using connection ID 'airbyte' for task execution.
[2024-07-09T09:31:48.809+0000] {base.py:83} INFO - Using connection ID 'airbyte' for task execution.
[2024-07-09T09:31:51.839+0000] {base.py:83} INFO - Using connection ID 'airbyte' for task execution.
[2024-07-09T09:31:51.879+0000] {airbyte.py:112} INFO - Job 120 completed successfully
[2024-07-09T09:31:51.912+0000] {taskinstance.py:1149} INFO - Marking task as SUCCESS. dag_id=customer_metrics, task_id=write_to_staging, execution_date=20240709T093046, start_date=20240709T093128, end_date=20240709T093151
[2024-07-09T09:31:51.936+0000] {local_task_job_runner.py:234} INFO - Task exited with return code 0
[2024-07-09T09:31:51.964+0000] {taskinstance.py:3309} INFO - 1 downstream tasks scheduled from follow-on schedule check
