[2024-07-09T09:35:39.760+0000] {taskinstance.py:1979} INFO - Dependencies all met for dep_context=non-requeueable deps ti=<TaskInstance: customer_metrics.write_to_staging manual__2024-07-09T09:35:02.454752+00:00 [queued]>
[2024-07-09T09:35:39.773+0000] {taskinstance.py:1979} INFO - Dependencies all met for dep_context=requeueable deps ti=<TaskInstance: customer_metrics.write_to_staging manual__2024-07-09T09:35:02.454752+00:00 [queued]>
[2024-07-09T09:35:39.775+0000] {taskinstance.py:2193} INFO - Starting attempt 1 of 1
[2024-07-09T09:35:39.791+0000] {taskinstance.py:2214} INFO - Executing <Task(AirbyteTriggerSyncOperator): write_to_staging> on 2024-07-09 09:35:02.454752+00:00
[2024-07-09T09:35:39.798+0000] {standard_task_runner.py:60} INFO - Started process 1175 to run task
[2024-07-09T09:35:39.801+0000] {standard_task_runner.py:87} INFO - Running: ['airflow', 'tasks', 'run', 'customer_metrics', 'write_to_staging', 'manual__2024-07-09T09:35:02.454752+00:00', '--job-id', '137', '--raw', '--subdir', 'DAGS_FOLDER/customer_metrics.py', '--cfg-path', '/tmp/tmpn4tynjpd']
[2024-07-09T09:35:39.803+0000] {standard_task_runner.py:88} INFO - Job 137: Subtask write_to_staging
[2024-07-09T09:35:39.854+0000] {task_command.py:423} INFO - Running <TaskInstance: customer_metrics.write_to_staging manual__2024-07-09T09:35:02.454752+00:00 [running]> on host 3726baa263d6
[2024-07-09T09:35:39.935+0000] {taskinstance.py:2510} INFO - Exporting env vars: AIRFLOW_CTX_DAG_OWNER='airflow' AIRFLOW_CTX_DAG_ID='customer_metrics' AIRFLOW_CTX_TASK_ID='write_to_staging' AIRFLOW_CTX_EXECUTION_DATE='2024-07-09T09:35:02.454752+00:00' AIRFLOW_CTX_TRY_NUMBER='1' AIRFLOW_CTX_DAG_RUN_ID='manual__2024-07-09T09:35:02.454752+00:00'
[2024-07-09T09:35:39.946+0000] {base.py:83} INFO - Using connection ID 'airbyte' for task execution.
[2024-07-09T09:35:45.663+0000] {airbyte.py:86} INFO - Job 123 was submitted to Airbyte Server
[2024-07-09T09:35:45.663+0000] {airbyte.py:88} INFO - Waiting for job 123 to complete
[2024-07-09T09:35:48.677+0000] {base.py:83} INFO - Using connection ID 'airbyte' for task execution.
[2024-07-09T09:35:51.703+0000] {base.py:83} INFO - Using connection ID 'airbyte' for task execution.
[2024-07-09T09:35:54.724+0000] {base.py:83} INFO - Using connection ID 'airbyte' for task execution.
[2024-07-09T09:35:57.761+0000] {base.py:83} INFO - Using connection ID 'airbyte' for task execution.
[2024-07-09T09:36:00.789+0000] {base.py:83} INFO - Using connection ID 'airbyte' for task execution.
[2024-07-09T09:36:03.822+0000] {base.py:83} INFO - Using connection ID 'airbyte' for task execution.
[2024-07-09T09:36:06.854+0000] {base.py:83} INFO - Using connection ID 'airbyte' for task execution.
[2024-07-09T09:36:09.884+0000] {base.py:83} INFO - Using connection ID 'airbyte' for task execution.
[2024-07-09T09:36:09.897+0000] {airbyte.py:112} INFO - Job 123 completed successfully
[2024-07-09T09:36:09.921+0000] {taskinstance.py:1149} INFO - Marking task as SUCCESS. dag_id=customer_metrics, task_id=write_to_staging, execution_date=20240709T093502, start_date=20240709T093539, end_date=20240709T093609
[2024-07-09T09:36:09.968+0000] {local_task_job_runner.py:234} INFO - Task exited with return code 0
[2024-07-09T09:36:09.997+0000] {taskinstance.py:3309} INFO - 1 downstream tasks scheduled from follow-on schedule check
