[2024-07-09T09:05:41.726+0000] {taskinstance.py:1979} INFO - Dependencies all met for dep_context=non-requeueable deps ti=<TaskInstance: customer_metrics.publish.customer_transactions_run manual__2024-07-09T09:04:08.631974+00:00 [queued]>
[2024-07-09T09:05:41.738+0000] {taskinstance.py:1979} INFO - Dependencies all met for dep_context=requeueable deps ti=<TaskInstance: customer_metrics.publish.customer_transactions_run manual__2024-07-09T09:04:08.631974+00:00 [queued]>
[2024-07-09T09:05:41.739+0000] {taskinstance.py:2193} INFO - Starting attempt 1 of 1
[2024-07-09T09:05:41.757+0000] {taskinstance.py:2214} INFO - Executing <Task(DbtRunLocalOperator): publish.customer_transactions_run> on 2024-07-09 09:04:08.631974+00:00
[2024-07-09T09:05:41.765+0000] {standard_task_runner.py:60} INFO - Started process 1499 to run task
[2024-07-09T09:05:41.769+0000] {standard_task_runner.py:87} INFO - Running: ['airflow', 'tasks', 'run', 'customer_metrics', 'publish.customer_transactions_run', 'manual__2024-07-09T09:04:08.631974+00:00', '--job-id', '62', '--raw', '--subdir', 'DAGS_FOLDER/customer_metrics.py', '--cfg-path', '/tmp/tmp0o8ci74v']
[2024-07-09T09:05:41.771+0000] {standard_task_runner.py:88} INFO - Job 62: Subtask publish.customer_transactions_run
[2024-07-09T09:05:41.831+0000] {task_command.py:423} INFO - Running <TaskInstance: customer_metrics.publish.customer_transactions_run manual__2024-07-09T09:04:08.631974+00:00 [running]> on host 3726baa263d6
[2024-07-09T09:05:41.911+0000] {taskinstance.py:2510} INFO - Exporting env vars: AIRFLOW_CTX_DAG_OWNER='airflow' AIRFLOW_CTX_DAG_ID='customer_metrics' AIRFLOW_CTX_TASK_ID='publish.customer_transactions_run' AIRFLOW_CTX_EXECUTION_DATE='2024-07-09T09:04:08.631974+00:00' AIRFLOW_CTX_TRY_NUMBER='1' AIRFLOW_CTX_DAG_RUN_ID='manual__2024-07-09T09:04:08.631974+00:00'
[2024-07-09T09:05:41.913+0000] {local.py:202} INFO - Cloning project to writable temp directory /tmp/tmpzml8a1fh from /opt/airflow/include/dbt/fraud
[2024-07-09T09:05:41.917+0000] {config.py:253} INFO - Using user-supplied profiles.yml at /opt/airflow/include/dbt/fraud/profiles.yml
[2024-07-09T09:05:41.917+0000] {local.py:235} INFO - Trying to run the command:
 ['/home/airflow/.local/bin/dbt', 'run', '--models', 'customer_transactions', '--profiles-dir', '/opt/airflow/include/dbt/fraud', '--profile', 'fraud', '--target', 'dev']
From /tmp/tmpzml8a1fh
[2024-07-09T09:05:41.918+0000] {local.py:236} INFO - Using environment variables keys: dict_keys(['AIRFLOW_CTX_DAG_OWNER', 'AIRFLOW_CTX_DAG_ID', 'AIRFLOW_CTX_TASK_ID', 'AIRFLOW_CTX_EXECUTION_DATE', 'AIRFLOW_CTX_TRY_NUMBER', 'AIRFLOW_CTX_DAG_RUN_ID'])
[2024-07-09T09:05:41.918+0000] {subprocess.py:60} INFO - Tmp dir root location: 
 /tmp
[2024-07-09T09:05:41.919+0000] {subprocess.py:73} INFO - Running command: ['/home/airflow/.local/bin/dbt', 'run', '--models', 'customer_transactions', '--profiles-dir', '/opt/airflow/include/dbt/fraud', '--profile', 'fraud', '--target', 'dev']
[2024-07-09T09:05:41.928+0000] {subprocess.py:84} INFO - Command output:
[2024-07-09T09:05:43.247+0000] {subprocess.py:94} INFO - [0m09:05:43  Running with dbt=1.8.1
[2024-07-09T09:05:44.135+0000] {subprocess.py:94} INFO - [0m09:05:44  Registered adapter: snowflake=1.8.2
[2024-07-09T09:05:44.167+0000] {subprocess.py:94} INFO - [0m09:05:44  Unable to do partial parsing because saved manifest not found. Starting full parse.
[2024-07-09T09:05:45.457+0000] {subprocess.py:94} INFO - [0m09:05:45  Found 3 models, 444 macros
[2024-07-09T09:05:45.460+0000] {subprocess.py:94} INFO - [0m09:05:45
[2024-07-09T09:05:46.879+0000] {subprocess.py:94} INFO - [0m09:05:46  Concurrency: 1 threads (target='dev')
[2024-07-09T09:05:46.880+0000] {subprocess.py:94} INFO - [0m09:05:46
[2024-07-09T09:05:46.889+0000] {subprocess.py:94} INFO - [0m09:05:46  1 of 1 START sql table model prod.customer_transactions ........................ [RUN]
[2024-07-09T09:05:47.445+0000] {subprocess.py:94} INFO - [0m09:05:47  1 of 1 OK created sql table model prod.customer_transactions ................... [[32mSUCCESS 1[0m in 0.55s]
[2024-07-09T09:05:47.448+0000] {subprocess.py:94} INFO - [0m09:05:47
[2024-07-09T09:05:47.448+0000] {subprocess.py:94} INFO - [0m09:05:47  Finished running 1 table model in 0 hours 0 minutes and 1.99 seconds (1.99s).
[2024-07-09T09:05:47.479+0000] {subprocess.py:94} INFO - [0m09:05:47
[2024-07-09T09:05:47.479+0000] {subprocess.py:94} INFO - [0m09:05:47  [32mCompleted successfully[0m
[2024-07-09T09:05:47.480+0000] {subprocess.py:94} INFO - [0m09:05:47
[2024-07-09T09:05:47.480+0000] {subprocess.py:94} INFO - [0m09:05:47  Done. PASS=1 WARN=0 ERROR=0 SKIP=0 TOTAL=1
[2024-07-09T09:05:49.092+0000] {subprocess.py:98} INFO - Command exited with return code 0
[2024-07-09T09:05:49.103+0000] {local.py:138} WARNING - Artifact schema version: https://schemas.getdbt.com/dbt/manifest/v12.json is above dbt-ol supported version 7. This might cause errors.
[2024-07-09T09:05:49.104+0000] {local.py:138} WARNING - Artifact schema version: https://schemas.getdbt.com/dbt/run-results/v6.json is above dbt-ol supported version 5. This might cause errors.
[2024-07-09T09:05:49.109+0000] {local.py:252} INFO - Inlets: []
[2024-07-09T09:05:49.110+0000] {local.py:253} INFO - Outlets: [Dataset(uri='snowflake://wn29403.ap-southeast-3.aws/AIRBYTE_DATABASE.prod.customer_transactions', extra=None)]
[2024-07-09T09:05:49.111+0000] {dag.py:3047} INFO - Sync 1 DAGs
[2024-07-09T09:05:49.135+0000] {dag.py:3834} INFO - Setting next_dagrun for customer_metrics to 2024-07-09 00:00:00+00:00, run_after=2024-07-10 00:00:00+00:00
[2024-07-09T09:05:49.161+0000] {local.py:371} INFO - [0m09:05:47  Done. PASS=1 WARN=0 ERROR=0 SKIP=0 TOTAL=1
[2024-07-09T09:05:49.167+0000] {logging_mixin.py:188} WARNING - /home/airflow/.local/lib/python3.8/site-packages/airflow/models/baseoperator.py:1469 RemovedInAirflow3Warning: Passing 'execution_date' to 'TaskInstance.xcom_push()' is deprecated.
[2024-07-09T09:05:49.188+0000] {taskinstance.py:1149} INFO - Marking task as SUCCESS. dag_id=customer_metrics, task_id=publish.customer_transactions_run, execution_date=20240709T090408, start_date=20240709T090541, end_date=20240709T090549
[2024-07-09T09:05:49.233+0000] {local_task_job_runner.py:234} INFO - Task exited with return code 0
[2024-07-09T09:05:49.254+0000] {taskinstance.py:3309} INFO - 0 downstream tasks scheduled from follow-on schedule check
