[2024-07-09T09:09:41.335+0000] {taskinstance.py:1979} INFO - Dependencies all met for dep_context=non-requeueable deps ti=<TaskInstance: customer_metrics.audit_customer_transactions manual__2024-07-09T09:08:24.416870+00:00 [queued]>
[2024-07-09T09:09:41.344+0000] {taskinstance.py:1979} INFO - Dependencies all met for dep_context=requeueable deps ti=<TaskInstance: customer_metrics.audit_customer_transactions manual__2024-07-09T09:08:24.416870+00:00 [queued]>
[2024-07-09T09:09:41.345+0000] {taskinstance.py:2193} INFO - Starting attempt 1 of 1
[2024-07-09T09:09:41.359+0000] {taskinstance.py:2214} INFO - Executing <Task(_PythonExternalDecoratedOperator): audit_customer_transactions> on 2024-07-09 09:08:24.416870+00:00
[2024-07-09T09:09:41.365+0000] {standard_task_runner.py:60} INFO - Started process 2396 to run task
[2024-07-09T09:09:41.368+0000] {standard_task_runner.py:87} INFO - Running: ['airflow', 'tasks', 'run', 'customer_metrics', 'audit_customer_transactions', 'manual__2024-07-09T09:08:24.416870+00:00', '--job-id', '72', '--raw', '--subdir', 'DAGS_FOLDER/customer_metrics.py', '--cfg-path', '/tmp/tmpoickcb86']
[2024-07-09T09:09:41.370+0000] {standard_task_runner.py:88} INFO - Job 72: Subtask audit_customer_transactions
[2024-07-09T09:09:41.422+0000] {task_command.py:423} INFO - Running <TaskInstance: customer_metrics.audit_customer_transactions manual__2024-07-09T09:08:24.416870+00:00 [running]> on host 3726baa263d6
[2024-07-09T09:09:41.507+0000] {taskinstance.py:2510} INFO - Exporting env vars: AIRFLOW_CTX_DAG_OWNER='airflow' AIRFLOW_CTX_DAG_ID='customer_metrics' AIRFLOW_CTX_TASK_ID='audit_customer_transactions' AIRFLOW_CTX_EXECUTION_DATE='2024-07-09T09:08:24.416870+00:00' AIRFLOW_CTX_TRY_NUMBER='1' AIRFLOW_CTX_DAG_RUN_ID='manual__2024-07-09T09:08:24.416870+00:00'
[2024-07-09T09:09:41.553+0000] {python.py:913} WARNING - When checking for Airflow installed in virtual environment got Command '['/opt/airflow/soda_venv/bin/python', '-c', 'from airflow import __version__; print(__version__)']' returned non-zero exit status 1.
[2024-07-09T09:09:41.554+0000] {python.py:914} WARNING - This means that Airflow is not properly installed by  /opt/airflow/soda_venv/bin/python. Airflow context keys will not be available. Please Install Airflow 2.8.2 in your environment to access them.
[2024-07-09T09:09:41.615+0000] {process_utils.py:182} INFO - Executing cmd: /opt/airflow/soda_venv/bin/python /tmp/venv-callgohp98et/script.py /tmp/venv-callgohp98et/script.in /tmp/venv-callgohp98et/script.out /tmp/venv-callgohp98et/string_args.txt /tmp/venv-callgohp98et/termination.log
[2024-07-09T09:09:41.623+0000] {process_utils.py:186} INFO - Output:
[2024-07-09T09:09:47.038+0000] {process_utils.py:190} INFO - Running Soda Scan ...
[2024-07-09T09:09:47.038+0000] {process_utils.py:190} INFO - INFO   | Soda Core 3.2.2
[2024-07-09T09:09:47.039+0000] {process_utils.py:190} INFO - DEBUG  | Reading configuration file "include/soda/configuration.yml"
[2024-07-09T09:09:47.039+0000] {process_utils.py:190} INFO - DEBUG  | Reading SodaCL file "include/soda/checks/tables/labeled_transactions.yml"
[2024-07-09T09:09:47.039+0000] {process_utils.py:190} INFO - DEBUG  | Reading SodaCL file "include/soda/checks/tables/customer_transactions.yml"
[2024-07-09T09:09:47.040+0000] {process_utils.py:190} INFO - DEBUG  | Scan execution starts
[2024-07-09T09:09:47.040+0000] {process_utils.py:190} INFO - DEBUG  | Query staging.labeled_transactions.aggregation[0]:
[2024-07-09T09:09:47.041+0000] {process_utils.py:190} INFO - SELECT
[2024-07-09T09:09:47.041+0000] {process_utils.py:190} INFO -   COUNT(*),
[2024-07-09T09:09:47.041+0000] {process_utils.py:190} INFO -   COUNT(CASE WHEN transaction_id IS NULL THEN 1 END),
[2024-07-09T09:09:47.041+0000] {process_utils.py:190} INFO -   COUNT(CASE WHEN is_fraudulent IS NULL THEN 1 END)
[2024-07-09T09:09:47.042+0000] {process_utils.py:190} INFO - FROM AIRBYTE_DATABASE.STAGING.labeled_transactions
[2024-07-09T09:09:47.042+0000] {process_utils.py:190} INFO - DEBUG  | Query staging.labeled_transactions.transaction_id.duplicate_count:
[2024-07-09T09:09:47.042+0000] {process_utils.py:190} INFO - 
[2024-07-09T09:09:47.043+0000] {process_utils.py:190} INFO - WITH frequencies AS (
[2024-07-09T09:09:47.043+0000] {process_utils.py:190} INFO -     SELECT COUNT(*) AS frequency
[2024-07-09T09:09:47.043+0000] {process_utils.py:190} INFO -     FROM AIRBYTE_DATABASE.STAGING.labeled_transactions
[2024-07-09T09:09:47.044+0000] {process_utils.py:190} INFO -     WHERE transaction_id IS NOT NULL
[2024-07-09T09:09:47.044+0000] {process_utils.py:190} INFO -     GROUP BY transaction_id)
[2024-07-09T09:09:47.045+0000] {process_utils.py:190} INFO - SELECT COUNT(*)
[2024-07-09T09:09:47.045+0000] {process_utils.py:190} INFO - FROM frequencies
[2024-07-09T09:09:47.046+0000] {process_utils.py:190} INFO - WHERE frequency > 1
[2024-07-09T09:09:47.046+0000] {process_utils.py:190} INFO - DEBUG  | Query staging.labeled_transactions.duplicate_count[transaction_id].failed_rows.aggregated:
[2024-07-09T09:09:47.047+0000] {process_utils.py:190} INFO - 
[2024-07-09T09:09:47.048+0000] {process_utils.py:190} INFO - WITH frequencies AS (
[2024-07-09T09:09:47.048+0000] {process_utils.py:190} INFO -     SELECT transaction_id, COUNT(*) AS frequency
[2024-07-09T09:09:47.049+0000] {process_utils.py:190} INFO -     FROM AIRBYTE_DATABASE.STAGING.labeled_transactions
[2024-07-09T09:09:47.049+0000] {process_utils.py:190} INFO -     WHERE transaction_id IS NOT NULL
[2024-07-09T09:09:47.050+0000] {process_utils.py:190} INFO -     GROUP BY transaction_id)
[2024-07-09T09:09:47.051+0000] {process_utils.py:190} INFO - SELECT *
[2024-07-09T09:09:47.051+0000] {process_utils.py:190} INFO - FROM frequencies
[2024-07-09T09:09:47.051+0000] {process_utils.py:190} INFO - WHERE frequency > 1
[2024-07-09T09:09:47.052+0000] {process_utils.py:190} INFO - ORDER BY frequency DESC
[2024-07-09T09:09:47.052+0000] {process_utils.py:190} INFO - LIMIT 100
[2024-07-09T09:09:47.052+0000] {process_utils.py:190} INFO - DEBUG  | Query staging.customer_transactions.aggregation[0]:
[2024-07-09T09:09:47.053+0000] {process_utils.py:190} INFO - SELECT
[2024-07-09T09:09:47.053+0000] {process_utils.py:190} INFO -   COUNT(*),
[2024-07-09T09:09:47.054+0000] {process_utils.py:190} INFO -   COUNT(CASE WHEN transaction_id IS NULL THEN 1 END),
[2024-07-09T09:09:47.054+0000] {process_utils.py:190} INFO -   COUNT(CASE WHEN user_id IS NULL THEN 1 END),
[2024-07-09T09:09:47.054+0000] {process_utils.py:190} INFO -   COUNT(CASE WHEN transaction_date IS NULL THEN 1 END),
[2024-07-09T09:09:47.055+0000] {process_utils.py:190} INFO -   COUNT(CASE WHEN amount IS NULL THEN 1 END)
[2024-07-09T09:09:47.055+0000] {process_utils.py:190} INFO - FROM AIRBYTE_DATABASE.STAGING.customer_transactions
[2024-07-09T09:09:47.056+0000] {process_utils.py:190} INFO - DEBUG  | Query staging.customer_transactions.transaction_id.duplicate_count:
[2024-07-09T09:09:47.056+0000] {process_utils.py:190} INFO - 
[2024-07-09T09:09:47.056+0000] {process_utils.py:190} INFO - WITH frequencies AS (
[2024-07-09T09:09:47.057+0000] {process_utils.py:190} INFO -     SELECT COUNT(*) AS frequency
[2024-07-09T09:09:47.057+0000] {process_utils.py:190} INFO -     FROM AIRBYTE_DATABASE.STAGING.customer_transactions
[2024-07-09T09:09:47.057+0000] {process_utils.py:190} INFO -     WHERE transaction_id IS NOT NULL
[2024-07-09T09:09:47.058+0000] {process_utils.py:190} INFO -     GROUP BY transaction_id)
[2024-07-09T09:09:47.058+0000] {process_utils.py:190} INFO - SELECT COUNT(*)
[2024-07-09T09:09:47.059+0000] {process_utils.py:190} INFO - FROM frequencies
[2024-07-09T09:09:47.059+0000] {process_utils.py:190} INFO - WHERE frequency > 1
[2024-07-09T09:09:47.059+0000] {process_utils.py:190} INFO - DEBUG  | Query staging.customer_transactions.duplicate_count[transaction_id].failed_rows.aggregated:
[2024-07-09T09:09:47.060+0000] {process_utils.py:190} INFO - 
[2024-07-09T09:09:47.060+0000] {process_utils.py:190} INFO - WITH frequencies AS (
[2024-07-09T09:09:47.060+0000] {process_utils.py:190} INFO -     SELECT transaction_id, COUNT(*) AS frequency
[2024-07-09T09:09:47.061+0000] {process_utils.py:190} INFO -     FROM AIRBYTE_DATABASE.STAGING.customer_transactions
[2024-07-09T09:09:47.061+0000] {process_utils.py:190} INFO -     WHERE transaction_id IS NOT NULL
[2024-07-09T09:09:47.061+0000] {process_utils.py:190} INFO -     GROUP BY transaction_id)
[2024-07-09T09:09:47.061+0000] {process_utils.py:190} INFO - SELECT *
[2024-07-09T09:09:47.062+0000] {process_utils.py:190} INFO - FROM frequencies
[2024-07-09T09:09:47.062+0000] {process_utils.py:190} INFO - WHERE frequency > 1
[2024-07-09T09:09:47.063+0000] {process_utils.py:190} INFO - ORDER BY frequency DESC
[2024-07-09T09:09:47.063+0000] {process_utils.py:190} INFO - LIMIT 100
[2024-07-09T09:09:47.063+0000] {process_utils.py:190} INFO - DEBUG  | Query staging.labeled_transactions.schema[labeled_transactions]:
[2024-07-09T09:09:47.064+0000] {process_utils.py:190} INFO - SELECT column_name, data_type, is_nullable
[2024-07-09T09:09:47.064+0000] {process_utils.py:190} INFO - FROM information_schema.columns
[2024-07-09T09:09:47.064+0000] {process_utils.py:190} INFO - WHERE upper(table_name) = 'LABELED_TRANSACTIONS'
[2024-07-09T09:09:47.065+0000] {process_utils.py:190} INFO -   AND upper(table_catalog) = 'AIRBYTE_DATABASE'
[2024-07-09T09:09:47.065+0000] {process_utils.py:190} INFO -   AND upper(table_schema) = 'STAGING'
[2024-07-09T09:09:47.065+0000] {process_utils.py:190} INFO - ORDER BY ORDINAL_POSITION
[2024-07-09T09:09:47.066+0000] {process_utils.py:190} INFO - DEBUG  | Query staging.reference[transaction_id]:
[2024-07-09T09:09:47.066+0000] {process_utils.py:190} INFO - 
[2024-07-09T09:09:47.066+0000] {process_utils.py:190} INFO - SELECT COUNT(*)
[2024-07-09T09:09:47.067+0000] {process_utils.py:190} INFO -     FROM AIRBYTE_DATABASE.STAGING.labeled_transactions  SOURCE
[2024-07-09T09:09:47.067+0000] {process_utils.py:190} INFO -     LEFT JOIN AIRBYTE_DATABASE.STAGING.customer_transactions TARGET on SOURCE.transaction_id = TARGET.transaction_id
[2024-07-09T09:09:47.068+0000] {process_utils.py:190} INFO - WHERE (SOURCE.transaction_id IS NOT NULL AND TARGET.transaction_id IS  NULL)
[2024-07-09T09:09:47.068+0000] {process_utils.py:190} INFO - DEBUG  | Query staging.customer_transactions.schema[customer_transactions]:
[2024-07-09T09:09:47.068+0000] {process_utils.py:190} INFO - SELECT column_name, data_type, is_nullable
[2024-07-09T09:09:47.069+0000] {process_utils.py:190} INFO - FROM information_schema.columns
[2024-07-09T09:09:47.069+0000] {process_utils.py:190} INFO - WHERE upper(table_name) = 'CUSTOMER_TRANSACTIONS'
[2024-07-09T09:09:47.069+0000] {process_utils.py:190} INFO -   AND upper(table_catalog) = 'AIRBYTE_DATABASE'
[2024-07-09T09:09:47.070+0000] {process_utils.py:190} INFO -   AND upper(table_schema) = 'STAGING'
[2024-07-09T09:09:47.070+0000] {process_utils.py:190} INFO - ORDER BY ORDINAL_POSITION
[2024-07-09T09:09:47.070+0000] {process_utils.py:190} INFO - INFO   | Scan summary:
[2024-07-09T09:09:47.070+0000] {process_utils.py:190} INFO - DEBUG  | 9/9 queries OK
[2024-07-09T09:09:47.071+0000] {process_utils.py:190} INFO - DEBUG  |   staging.labeled_transactions.aggregation[0] [OK] 0:00:00.135927
[2024-07-09T09:09:47.071+0000] {process_utils.py:190} INFO - DEBUG  |   staging.labeled_transactions.transaction_id.duplicate_count [OK] 0:00:00.104332
[2024-07-09T09:09:47.072+0000] {process_utils.py:190} INFO - DEBUG  |   staging.labeled_transactions.duplicate_count[transaction_id].failed_rows.aggregated [OK] 0:00:00.069906
[2024-07-09T09:09:47.072+0000] {process_utils.py:190} INFO - DEBUG  |   staging.customer_transactions.aggregation[0] [OK] 0:00:00.093781
[2024-07-09T09:09:47.073+0000] {process_utils.py:190} INFO - DEBUG  |   staging.customer_transactions.transaction_id.duplicate_count [OK] 0:00:00.082311
[2024-07-09T09:09:47.073+0000] {process_utils.py:190} INFO - DEBUG  |   staging.customer_transactions.duplicate_count[transaction_id].failed_rows.aggregated [OK] 0:00:00.070978
[2024-07-09T09:09:47.074+0000] {process_utils.py:190} INFO - DEBUG  |   staging.labeled_transactions.schema[labeled_transactions] [OK] 0:00:00.918531
[2024-07-09T09:09:47.074+0000] {process_utils.py:190} INFO - DEBUG  |   staging.reference[transaction_id] [OK] 0:00:00.056711
[2024-07-09T09:09:47.074+0000] {process_utils.py:190} INFO - DEBUG  |   staging.customer_transactions.schema[customer_transactions] [OK] 0:00:00.894749
[2024-07-09T09:09:47.075+0000] {process_utils.py:190} INFO - INFO   | 13/13 checks PASSED:
[2024-07-09T09:09:47.075+0000] {process_utils.py:190} INFO - INFO   |     labeled_transactions in staging
[2024-07-09T09:09:47.076+0000] {process_utils.py:190} INFO - INFO   |       Table is empty [include/soda/checks/tables/labeled_transactions.yml] [PASSED]
[2024-07-09T09:09:47.076+0000] {process_utils.py:190} INFO - INFO   |         check_value: 250
[2024-07-09T09:09:47.076+0000] {process_utils.py:190} INFO - INFO   |       Schema Check [include/soda/checks/tables/labeled_transactions.yml] [PASSED]
[2024-07-09T09:09:47.077+0000] {process_utils.py:190} INFO - INFO   |         schema_measured = [_AIRBYTE_RAW_ID TEXT, _AIRBYTE_EXTRACTED_AT TIMESTAMP_TZ, _AIRBYTE_META VARIANT, IS_FRAUDULENT BOOLEAN, TRANSACTION_ID NUMBER, _AB_SOURCE_FILE_URL TEXT, _AB_SOURCE_FILE_LAST_MODIFIED TEXT]
[2024-07-09T09:09:47.077+0000] {process_utils.py:190} INFO - INFO   |       Transaction IDs don't match with the reference table [include/soda/checks/tables/labeled_transactions.yml] [PASSED]
[2024-07-09T09:09:47.077+0000] {process_utils.py:190} INFO - INFO   |         value: 0
[2024-07-09T09:09:47.078+0000] {process_utils.py:190} INFO - INFO   |       Duplicate transaction ids [include/soda/checks/tables/labeled_transactions.yml] [PASSED]
[2024-07-09T09:09:47.078+0000] {process_utils.py:190} INFO - INFO   |         check_value: 0
[2024-07-09T09:09:47.078+0000] {process_utils.py:190} INFO - INFO   |       Transaction ids cannot be null [include/soda/checks/tables/labeled_transactions.yml] [PASSED]
[2024-07-09T09:09:47.079+0000] {process_utils.py:190} INFO - INFO   |         check_value: 0
[2024-07-09T09:09:47.079+0000] {process_utils.py:190} INFO - INFO   |       Is fraudulent values cannot be null [include/soda/checks/tables/labeled_transactions.yml] [PASSED]
[2024-07-09T09:09:47.079+0000] {process_utils.py:190} INFO - INFO   |         check_value: 0
[2024-07-09T09:09:47.080+0000] {process_utils.py:190} INFO - INFO   |     customer_transactions in staging
[2024-07-09T09:09:47.080+0000] {process_utils.py:190} INFO - INFO   |       Table is empty [include/soda/checks/tables/customer_transactions.yml] [PASSED]
[2024-07-09T09:09:47.081+0000] {process_utils.py:190} INFO - INFO   |         check_value: 382
[2024-07-09T09:09:47.081+0000] {process_utils.py:190} INFO - INFO   |       Schema Check [include/soda/checks/tables/customer_transactions.yml] [PASSED]
[2024-07-09T09:09:47.082+0000] {process_utils.py:190} INFO - INFO   |         schema_measured = [_AIRBYTE_RAW_ID TEXT, _AIRBYTE_EXTRACTED_AT TIMESTAMP_TZ, _AIRBYTE_META VARIANT, AMOUNT FLOAT, USER_ID NUMBER, TRANSACTION_ID NUMBER, TRANSACTION_DATE TEXT, _AB_SOURCE_FILE_URL TEXT, _AB_SOURCE_FILE_LAST_MODIFIED TEXT]
[2024-07-09T09:09:47.083+0000] {process_utils.py:190} INFO - INFO   |       Duplicate transaction ids [include/soda/checks/tables/customer_transactions.yml] [PASSED]
[2024-07-09T09:09:47.083+0000] {process_utils.py:190} INFO - INFO   |         check_value: 0
[2024-07-09T09:09:47.084+0000] {process_utils.py:190} INFO - INFO   |       Transactions ids missing in customer_transactions [include/soda/checks/tables/customer_transactions.yml] [PASSED]
[2024-07-09T09:09:47.084+0000] {process_utils.py:190} INFO - INFO   |         check_value: 0
[2024-07-09T09:09:47.085+0000] {process_utils.py:190} INFO - INFO   |       User ids missing in customer_transactions [include/soda/checks/tables/customer_transactions.yml] [PASSED]
[2024-07-09T09:09:47.085+0000] {process_utils.py:190} INFO - INFO   |         check_value: 0
[2024-07-09T09:09:47.086+0000] {process_utils.py:190} INFO - INFO   |       transaction_date missing in customer_transactions [include/soda/checks/tables/customer_transactions.yml] [PASSED]
[2024-07-09T09:09:47.086+0000] {process_utils.py:190} INFO - INFO   |         check_value: 0
[2024-07-09T09:09:47.087+0000] {process_utils.py:190} INFO - INFO   |       amount missing in customer_transactions [include/soda/checks/tables/customer_transactions.yml] [PASSED]
[2024-07-09T09:09:47.088+0000] {process_utils.py:190} INFO - INFO   |         check_value: 0
[2024-07-09T09:09:47.088+0000] {process_utils.py:190} INFO - INFO   | All is good. No failures. No warnings. No errors.
[2024-07-09T09:09:47.196+0000] {python.py:202} INFO - Done. Returned value was: None
[2024-07-09T09:09:47.207+0000] {taskinstance.py:1149} INFO - Marking task as SUCCESS. dag_id=customer_metrics, task_id=audit_customer_transactions, execution_date=20240709T090824, start_date=20240709T090941, end_date=20240709T090947
[2024-07-09T09:09:47.238+0000] {local_task_job_runner.py:234} INFO - Task exited with return code 0
[2024-07-09T09:09:47.260+0000] {taskinstance.py:3309} INFO - 1 downstream tasks scheduled from follow-on schedule check
