[2024-07-09T10:17:55.912+0000] {taskinstance.py:1979} INFO - Dependencies all met for dep_context=non-requeueable deps ti=<TaskInstance: customer_metrics.write_to_staging manual__2024-07-09T10:17:03.161498+00:00 [queued]>
[2024-07-09T10:17:55.921+0000] {taskinstance.py:1979} INFO - Dependencies all met for dep_context=requeueable deps ti=<TaskInstance: customer_metrics.write_to_staging manual__2024-07-09T10:17:03.161498+00:00 [queued]>
[2024-07-09T10:17:55.922+0000] {taskinstance.py:2193} INFO - Starting attempt 1 of 1
[2024-07-09T10:17:55.937+0000] {taskinstance.py:2214} INFO - Executing <Task(AirbyteTriggerSyncOperator): write_to_staging> on 2024-07-09 10:17:03.161498+00:00
[2024-07-09T10:17:55.945+0000] {standard_task_runner.py:60} INFO - Started process 520 to run task
[2024-07-09T10:17:55.948+0000] {standard_task_runner.py:87} INFO - Running: ['airflow', 'tasks', 'run', 'customer_metrics', 'write_to_staging', 'manual__2024-07-09T10:17:03.161498+00:00', '--job-id', '171', '--raw', '--subdir', 'DAGS_FOLDER/customer_metrics.py', '--cfg-path', '/tmp/tmp9c65mqgp']
[2024-07-09T10:17:55.951+0000] {standard_task_runner.py:88} INFO - Job 171: Subtask write_to_staging
[2024-07-09T10:17:56.006+0000] {task_command.py:423} INFO - Running <TaskInstance: customer_metrics.write_to_staging manual__2024-07-09T10:17:03.161498+00:00 [running]> on host 428c62206da4
[2024-07-09T10:17:56.111+0000] {taskinstance.py:2510} INFO - Exporting env vars: AIRFLOW_CTX_DAG_OWNER='airflow' AIRFLOW_CTX_DAG_ID='customer_metrics' AIRFLOW_CTX_TASK_ID='write_to_staging' AIRFLOW_CTX_EXECUTION_DATE='2024-07-09T10:17:03.161498+00:00' AIRFLOW_CTX_TRY_NUMBER='1' AIRFLOW_CTX_DAG_RUN_ID='manual__2024-07-09T10:17:03.161498+00:00'
[2024-07-09T10:17:56.122+0000] {base.py:83} INFO - Using connection ID 'airbyte' for task execution.
[2024-07-09T10:17:56.713+0000] {airbyte.py:86} INFO - Job 135 was submitted to Airbyte Server
[2024-07-09T10:17:56.714+0000] {airbyte.py:88} INFO - Waiting for job 135 to complete
[2024-07-09T10:17:59.725+0000] {base.py:83} INFO - Using connection ID 'airbyte' for task execution.
[2024-07-09T10:18:02.748+0000] {base.py:83} INFO - Using connection ID 'airbyte' for task execution.
[2024-07-09T10:18:05.771+0000] {base.py:83} INFO - Using connection ID 'airbyte' for task execution.
[2024-07-09T10:18:08.795+0000] {base.py:83} INFO - Using connection ID 'airbyte' for task execution.
[2024-07-09T10:18:11.826+0000] {base.py:83} INFO - Using connection ID 'airbyte' for task execution.
[2024-07-09T10:18:14.854+0000] {base.py:83} INFO - Using connection ID 'airbyte' for task execution.
[2024-07-09T10:18:17.887+0000] {base.py:83} INFO - Using connection ID 'airbyte' for task execution.
[2024-07-09T10:18:17.907+0000] {airbyte.py:112} INFO - Job 135 completed successfully
[2024-07-09T10:18:17.933+0000] {taskinstance.py:1149} INFO - Marking task as SUCCESS. dag_id=customer_metrics, task_id=write_to_staging, execution_date=20240709T101703, start_date=20240709T101755, end_date=20240709T101817
[2024-07-09T10:18:18.005+0000] {local_task_job_runner.py:234} INFO - Task exited with return code 0
[2024-07-09T10:18:18.031+0000] {taskinstance.py:3309} INFO - 0 downstream tasks scheduled from follow-on schedule check
