[2024-07-09T09:45:06.511+0000] {taskinstance.py:1979} INFO - Dependencies all met for dep_context=non-requeueable deps ti=<TaskInstance: customer_metrics.write_to_staging manual__2024-07-09T09:44:31.700438+00:00 [queued]>
[2024-07-09T09:45:06.520+0000] {taskinstance.py:1979} INFO - Dependencies all met for dep_context=requeueable deps ti=<TaskInstance: customer_metrics.write_to_staging manual__2024-07-09T09:44:31.700438+00:00 [queued]>
[2024-07-09T09:45:06.521+0000] {taskinstance.py:2193} INFO - Starting attempt 1 of 1
[2024-07-09T09:45:06.535+0000] {taskinstance.py:2214} INFO - Executing <Task(AirbyteTriggerSyncOperator): write_to_staging> on 2024-07-09 09:44:31.700438+00:00
[2024-07-09T09:45:06.542+0000] {standard_task_runner.py:60} INFO - Started process 2842 to run task
[2024-07-09T09:45:06.545+0000] {standard_task_runner.py:87} INFO - Running: ['airflow', 'tasks', 'run', 'customer_metrics', 'write_to_staging', 'manual__2024-07-09T09:44:31.700438+00:00', '--job-id', '153', '--raw', '--subdir', 'DAGS_FOLDER/customer_metrics.py', '--cfg-path', '/tmp/tmpcf_ntxak']
[2024-07-09T09:45:06.547+0000] {standard_task_runner.py:88} INFO - Job 153: Subtask write_to_staging
[2024-07-09T09:45:06.595+0000] {task_command.py:423} INFO - Running <TaskInstance: customer_metrics.write_to_staging manual__2024-07-09T09:44:31.700438+00:00 [running]> on host 3726baa263d6
[2024-07-09T09:45:06.669+0000] {taskinstance.py:2510} INFO - Exporting env vars: AIRFLOW_CTX_DAG_OWNER='airflow' AIRFLOW_CTX_DAG_ID='customer_metrics' AIRFLOW_CTX_TASK_ID='write_to_staging' AIRFLOW_CTX_EXECUTION_DATE='2024-07-09T09:44:31.700438+00:00' AIRFLOW_CTX_TRY_NUMBER='1' AIRFLOW_CTX_DAG_RUN_ID='manual__2024-07-09T09:44:31.700438+00:00'
[2024-07-09T09:45:06.680+0000] {base.py:83} INFO - Using connection ID 'airbyte' for task execution.
[2024-07-09T09:45:07.032+0000] {airbyte.py:86} INFO - Job 129 was submitted to Airbyte Server
[2024-07-09T09:45:07.032+0000] {airbyte.py:88} INFO - Waiting for job 129 to complete
[2024-07-09T09:45:10.048+0000] {base.py:83} INFO - Using connection ID 'airbyte' for task execution.
[2024-07-09T09:45:13.073+0000] {base.py:83} INFO - Using connection ID 'airbyte' for task execution.
[2024-07-09T09:45:16.104+0000] {base.py:83} INFO - Using connection ID 'airbyte' for task execution.
[2024-07-09T09:45:19.129+0000] {base.py:83} INFO - Using connection ID 'airbyte' for task execution.
[2024-07-09T09:45:22.156+0000] {base.py:83} INFO - Using connection ID 'airbyte' for task execution.
[2024-07-09T09:45:25.182+0000] {base.py:83} INFO - Using connection ID 'airbyte' for task execution.
[2024-07-09T09:45:28.212+0000] {base.py:83} INFO - Using connection ID 'airbyte' for task execution.
[2024-07-09T09:45:31.241+0000] {base.py:83} INFO - Using connection ID 'airbyte' for task execution.
[2024-07-09T09:45:34.269+0000] {base.py:83} INFO - Using connection ID 'airbyte' for task execution.
[2024-07-09T09:45:34.282+0000] {airbyte.py:112} INFO - Job 129 completed successfully
[2024-07-09T09:45:34.310+0000] {taskinstance.py:1149} INFO - Marking task as SUCCESS. dag_id=customer_metrics, task_id=write_to_staging, execution_date=20240709T094431, start_date=20240709T094506, end_date=20240709T094534
[2024-07-09T09:45:34.348+0000] {local_task_job_runner.py:234} INFO - Task exited with return code 0
[2024-07-09T09:45:34.378+0000] {taskinstance.py:3309} INFO - 1 downstream tasks scheduled from follow-on schedule check
