[2024-07-09T09:09:41.354+0000] {taskinstance.py:1979} INFO - Dependencies all met for dep_context=non-requeueable deps ti=<TaskInstance: customer_metrics.audit_labeled_transactions manual__2024-07-09T09:08:24.416870+00:00 [queued]>
[2024-07-09T09:09:41.363+0000] {taskinstance.py:1979} INFO - Dependencies all met for dep_context=requeueable deps ti=<TaskInstance: customer_metrics.audit_labeled_transactions manual__2024-07-09T09:08:24.416870+00:00 [queued]>
[2024-07-09T09:09:41.363+0000] {taskinstance.py:2193} INFO - Starting attempt 1 of 1
[2024-07-09T09:09:41.377+0000] {taskinstance.py:2214} INFO - Executing <Task(_PythonExternalDecoratedOperator): audit_labeled_transactions> on 2024-07-09 09:08:24.416870+00:00
[2024-07-09T09:09:41.384+0000] {standard_task_runner.py:60} INFO - Started process 2397 to run task
[2024-07-09T09:09:41.387+0000] {standard_task_runner.py:87} INFO - Running: ['airflow', 'tasks', 'run', 'customer_metrics', 'audit_labeled_transactions', 'manual__2024-07-09T09:08:24.416870+00:00', '--job-id', '73', '--raw', '--subdir', 'DAGS_FOLDER/customer_metrics.py', '--cfg-path', '/tmp/tmpz77xpe2s']
[2024-07-09T09:09:41.390+0000] {standard_task_runner.py:88} INFO - Job 73: Subtask audit_labeled_transactions
[2024-07-09T09:09:41.440+0000] {task_command.py:423} INFO - Running <TaskInstance: customer_metrics.audit_labeled_transactions manual__2024-07-09T09:08:24.416870+00:00 [running]> on host 3726baa263d6
[2024-07-09T09:09:41.530+0000] {taskinstance.py:2510} INFO - Exporting env vars: AIRFLOW_CTX_DAG_OWNER='airflow' AIRFLOW_CTX_DAG_ID='customer_metrics' AIRFLOW_CTX_TASK_ID='audit_labeled_transactions' AIRFLOW_CTX_EXECUTION_DATE='2024-07-09T09:08:24.416870+00:00' AIRFLOW_CTX_TRY_NUMBER='1' AIRFLOW_CTX_DAG_RUN_ID='manual__2024-07-09T09:08:24.416870+00:00'
[2024-07-09T09:09:41.566+0000] {python.py:913} WARNING - When checking for Airflow installed in virtual environment got Command '['/opt/airflow/soda_venv/bin/python', '-c', 'from airflow import __version__; print(__version__)']' returned non-zero exit status 1.
[2024-07-09T09:09:41.568+0000] {python.py:914} WARNING - This means that Airflow is not properly installed by  /opt/airflow/soda_venv/bin/python. Airflow context keys will not be available. Please Install Airflow 2.8.2 in your environment to access them.
[2024-07-09T09:09:41.631+0000] {process_utils.py:182} INFO - Executing cmd: /opt/airflow/soda_venv/bin/python /tmp/venv-callp41p_44g/script.py /tmp/venv-callp41p_44g/script.in /tmp/venv-callp41p_44g/script.out /tmp/venv-callp41p_44g/string_args.txt /tmp/venv-callp41p_44g/termination.log
[2024-07-09T09:09:41.641+0000] {process_utils.py:186} INFO - Output:
[2024-07-09T09:09:46.975+0000] {process_utils.py:190} INFO - Running Soda Scan ...
[2024-07-09T09:09:46.976+0000] {process_utils.py:190} INFO - INFO   | Soda Core 3.2.2
[2024-07-09T09:09:46.977+0000] {process_utils.py:190} INFO - DEBUG  | Reading configuration file "include/soda/configuration.yml"
[2024-07-09T09:09:46.978+0000] {process_utils.py:190} INFO - DEBUG  | Reading SodaCL file "include/soda/checks/tables/labeled_transactions.yml"
[2024-07-09T09:09:46.979+0000] {process_utils.py:190} INFO - DEBUG  | Reading SodaCL file "include/soda/checks/tables/customer_transactions.yml"
[2024-07-09T09:09:46.980+0000] {process_utils.py:190} INFO - DEBUG  | Scan execution starts
[2024-07-09T09:09:46.981+0000] {process_utils.py:190} INFO - DEBUG  | Query staging.labeled_transactions.aggregation[0]:
[2024-07-09T09:09:46.981+0000] {process_utils.py:190} INFO - SELECT
[2024-07-09T09:09:46.982+0000] {process_utils.py:190} INFO -   COUNT(*),
[2024-07-09T09:09:46.982+0000] {process_utils.py:190} INFO -   COUNT(CASE WHEN transaction_id IS NULL THEN 1 END),
[2024-07-09T09:09:46.983+0000] {process_utils.py:190} INFO -   COUNT(CASE WHEN is_fraudulent IS NULL THEN 1 END)
[2024-07-09T09:09:46.983+0000] {process_utils.py:190} INFO - FROM AIRBYTE_DATABASE.STAGING.labeled_transactions
[2024-07-09T09:09:46.983+0000] {process_utils.py:190} INFO - DEBUG  | Query staging.labeled_transactions.transaction_id.duplicate_count:
[2024-07-09T09:09:46.984+0000] {process_utils.py:190} INFO - 
[2024-07-09T09:09:46.985+0000] {process_utils.py:190} INFO - WITH frequencies AS (
[2024-07-09T09:09:46.985+0000] {process_utils.py:190} INFO -     SELECT COUNT(*) AS frequency
[2024-07-09T09:09:46.986+0000] {process_utils.py:190} INFO -     FROM AIRBYTE_DATABASE.STAGING.labeled_transactions
[2024-07-09T09:09:46.986+0000] {process_utils.py:190} INFO -     WHERE transaction_id IS NOT NULL
[2024-07-09T09:09:46.986+0000] {process_utils.py:190} INFO -     GROUP BY transaction_id)
[2024-07-09T09:09:46.987+0000] {process_utils.py:190} INFO - SELECT COUNT(*)
[2024-07-09T09:09:46.987+0000] {process_utils.py:190} INFO - FROM frequencies
[2024-07-09T09:09:46.988+0000] {process_utils.py:190} INFO - WHERE frequency > 1
[2024-07-09T09:09:46.988+0000] {process_utils.py:190} INFO - DEBUG  | Query staging.labeled_transactions.duplicate_count[transaction_id].failed_rows.aggregated:
[2024-07-09T09:09:46.988+0000] {process_utils.py:190} INFO - 
[2024-07-09T09:09:46.989+0000] {process_utils.py:190} INFO - WITH frequencies AS (
[2024-07-09T09:09:46.990+0000] {process_utils.py:190} INFO -     SELECT transaction_id, COUNT(*) AS frequency
[2024-07-09T09:09:46.992+0000] {process_utils.py:190} INFO -     FROM AIRBYTE_DATABASE.STAGING.labeled_transactions
[2024-07-09T09:09:46.994+0000] {process_utils.py:190} INFO -     WHERE transaction_id IS NOT NULL
[2024-07-09T09:09:46.995+0000] {process_utils.py:190} INFO -     GROUP BY transaction_id)
[2024-07-09T09:09:46.996+0000] {process_utils.py:190} INFO - SELECT *
[2024-07-09T09:09:46.997+0000] {process_utils.py:190} INFO - FROM frequencies
[2024-07-09T09:09:46.998+0000] {process_utils.py:190} INFO - WHERE frequency > 1
[2024-07-09T09:09:46.999+0000] {process_utils.py:190} INFO - ORDER BY frequency DESC
[2024-07-09T09:09:47.000+0000] {process_utils.py:190} INFO - LIMIT 100
[2024-07-09T09:09:47.000+0000] {process_utils.py:190} INFO - DEBUG  | Query staging.customer_transactions.aggregation[0]:
[2024-07-09T09:09:47.001+0000] {process_utils.py:190} INFO - SELECT
[2024-07-09T09:09:47.001+0000] {process_utils.py:190} INFO -   COUNT(*),
[2024-07-09T09:09:47.002+0000] {process_utils.py:190} INFO -   COUNT(CASE WHEN transaction_id IS NULL THEN 1 END),
[2024-07-09T09:09:47.002+0000] {process_utils.py:190} INFO -   COUNT(CASE WHEN user_id IS NULL THEN 1 END),
[2024-07-09T09:09:47.003+0000] {process_utils.py:190} INFO -   COUNT(CASE WHEN transaction_date IS NULL THEN 1 END),
[2024-07-09T09:09:47.003+0000] {process_utils.py:190} INFO -   COUNT(CASE WHEN amount IS NULL THEN 1 END)
[2024-07-09T09:09:47.004+0000] {process_utils.py:190} INFO - FROM AIRBYTE_DATABASE.STAGING.customer_transactions
[2024-07-09T09:09:47.005+0000] {process_utils.py:190} INFO - DEBUG  | Query staging.customer_transactions.transaction_id.duplicate_count:
[2024-07-09T09:09:47.006+0000] {process_utils.py:190} INFO - 
[2024-07-09T09:09:47.006+0000] {process_utils.py:190} INFO - WITH frequencies AS (
[2024-07-09T09:09:47.007+0000] {process_utils.py:190} INFO -     SELECT COUNT(*) AS frequency
[2024-07-09T09:09:47.008+0000] {process_utils.py:190} INFO -     FROM AIRBYTE_DATABASE.STAGING.customer_transactions
[2024-07-09T09:09:47.009+0000] {process_utils.py:190} INFO -     WHERE transaction_id IS NOT NULL
[2024-07-09T09:09:47.010+0000] {process_utils.py:190} INFO -     GROUP BY transaction_id)
[2024-07-09T09:09:47.010+0000] {process_utils.py:190} INFO - SELECT COUNT(*)
[2024-07-09T09:09:47.011+0000] {process_utils.py:190} INFO - FROM frequencies
[2024-07-09T09:09:47.011+0000] {process_utils.py:190} INFO - WHERE frequency > 1
[2024-07-09T09:09:47.012+0000] {process_utils.py:190} INFO - DEBUG  | Query staging.customer_transactions.duplicate_count[transaction_id].failed_rows.aggregated:
[2024-07-09T09:09:47.013+0000] {process_utils.py:190} INFO - 
[2024-07-09T09:09:47.014+0000] {process_utils.py:190} INFO - WITH frequencies AS (
[2024-07-09T09:09:47.014+0000] {process_utils.py:190} INFO -     SELECT transaction_id, COUNT(*) AS frequency
[2024-07-09T09:09:47.015+0000] {process_utils.py:190} INFO -     FROM AIRBYTE_DATABASE.STAGING.customer_transactions
[2024-07-09T09:09:47.015+0000] {process_utils.py:190} INFO -     WHERE transaction_id IS NOT NULL
[2024-07-09T09:09:47.016+0000] {process_utils.py:190} INFO -     GROUP BY transaction_id)
[2024-07-09T09:09:47.017+0000] {process_utils.py:190} INFO - SELECT *
[2024-07-09T09:09:47.017+0000] {process_utils.py:190} INFO - FROM frequencies
[2024-07-09T09:09:47.018+0000] {process_utils.py:190} INFO - WHERE frequency > 1
[2024-07-09T09:09:47.018+0000] {process_utils.py:190} INFO - ORDER BY frequency DESC
[2024-07-09T09:09:47.019+0000] {process_utils.py:190} INFO - LIMIT 100
[2024-07-09T09:09:47.020+0000] {process_utils.py:190} INFO - DEBUG  | Query staging.labeled_transactions.schema[labeled_transactions]:
[2024-07-09T09:09:47.020+0000] {process_utils.py:190} INFO - SELECT column_name, data_type, is_nullable
[2024-07-09T09:09:47.022+0000] {process_utils.py:190} INFO - FROM information_schema.columns
[2024-07-09T09:09:47.022+0000] {process_utils.py:190} INFO - WHERE upper(table_name) = 'LABELED_TRANSACTIONS'
[2024-07-09T09:09:47.023+0000] {process_utils.py:190} INFO -   AND upper(table_catalog) = 'AIRBYTE_DATABASE'
[2024-07-09T09:09:47.023+0000] {process_utils.py:190} INFO -   AND upper(table_schema) = 'STAGING'
[2024-07-09T09:09:47.024+0000] {process_utils.py:190} INFO - ORDER BY ORDINAL_POSITION
[2024-07-09T09:09:47.024+0000] {process_utils.py:190} INFO - DEBUG  | Query staging.reference[transaction_id]:
[2024-07-09T09:09:47.025+0000] {process_utils.py:190} INFO - 
[2024-07-09T09:09:47.025+0000] {process_utils.py:190} INFO - SELECT COUNT(*)
[2024-07-09T09:09:47.025+0000] {process_utils.py:190} INFO -     FROM AIRBYTE_DATABASE.STAGING.labeled_transactions  SOURCE
[2024-07-09T09:09:47.026+0000] {process_utils.py:190} INFO -     LEFT JOIN AIRBYTE_DATABASE.STAGING.customer_transactions TARGET on SOURCE.transaction_id = TARGET.transaction_id
[2024-07-09T09:09:47.027+0000] {process_utils.py:190} INFO - WHERE (SOURCE.transaction_id IS NOT NULL AND TARGET.transaction_id IS  NULL)
[2024-07-09T09:09:47.027+0000] {process_utils.py:190} INFO - DEBUG  | Query staging.customer_transactions.schema[customer_transactions]:
[2024-07-09T09:09:47.028+0000] {process_utils.py:190} INFO - SELECT column_name, data_type, is_nullable
[2024-07-09T09:09:47.028+0000] {process_utils.py:190} INFO - FROM information_schema.columns
[2024-07-09T09:09:47.029+0000] {process_utils.py:190} INFO - WHERE upper(table_name) = 'CUSTOMER_TRANSACTIONS'
[2024-07-09T09:09:47.029+0000] {process_utils.py:190} INFO -   AND upper(table_catalog) = 'AIRBYTE_DATABASE'
[2024-07-09T09:09:47.030+0000] {process_utils.py:190} INFO -   AND upper(table_schema) = 'STAGING'
[2024-07-09T09:09:47.030+0000] {process_utils.py:190} INFO - ORDER BY ORDINAL_POSITION
[2024-07-09T09:09:47.030+0000] {process_utils.py:190} INFO - INFO   | Scan summary:
[2024-07-09T09:09:47.031+0000] {process_utils.py:190} INFO - DEBUG  | 9/9 queries OK
[2024-07-09T09:09:47.031+0000] {process_utils.py:190} INFO - DEBUG  |   staging.labeled_transactions.aggregation[0] [OK] 0:00:00.138763
[2024-07-09T09:09:47.032+0000] {process_utils.py:190} INFO - DEBUG  |   staging.labeled_transactions.transaction_id.duplicate_count [OK] 0:00:00.162239
[2024-07-09T09:09:47.032+0000] {process_utils.py:190} INFO - DEBUG  |   staging.labeled_transactions.duplicate_count[transaction_id].failed_rows.aggregated [OK] 0:00:00.035647
[2024-07-09T09:09:47.032+0000] {process_utils.py:190} INFO - DEBUG  |   staging.customer_transactions.aggregation[0] [OK] 0:00:00.066782
[2024-07-09T09:09:47.033+0000] {process_utils.py:190} INFO - DEBUG  |   staging.customer_transactions.transaction_id.duplicate_count [OK] 0:00:00.073061
[2024-07-09T09:09:47.033+0000] {process_utils.py:190} INFO - DEBUG  |   staging.customer_transactions.duplicate_count[transaction_id].failed_rows.aggregated [OK] 0:00:00.070103
[2024-07-09T09:09:47.034+0000] {process_utils.py:190} INFO - DEBUG  |   staging.labeled_transactions.schema[labeled_transactions] [OK] 0:00:00.865084
[2024-07-09T09:09:47.034+0000] {process_utils.py:190} INFO - DEBUG  |   staging.reference[transaction_id] [OK] 0:00:00.084338
[2024-07-09T09:09:47.034+0000] {process_utils.py:190} INFO - DEBUG  |   staging.customer_transactions.schema[customer_transactions] [OK] 0:00:00.867121
[2024-07-09T09:09:47.035+0000] {process_utils.py:190} INFO - INFO   | 13/13 checks PASSED:
[2024-07-09T09:09:47.035+0000] {process_utils.py:190} INFO - INFO   |     labeled_transactions in staging
[2024-07-09T09:09:47.035+0000] {process_utils.py:190} INFO - INFO   |       Table is empty [include/soda/checks/tables/labeled_transactions.yml] [PASSED]
[2024-07-09T09:09:47.036+0000] {process_utils.py:190} INFO - INFO   |         check_value: 250
[2024-07-09T09:09:47.036+0000] {process_utils.py:190} INFO - INFO   |       Schema Check [include/soda/checks/tables/labeled_transactions.yml] [PASSED]
[2024-07-09T09:09:47.036+0000] {process_utils.py:190} INFO - INFO   |         schema_measured = [_AIRBYTE_RAW_ID TEXT, _AIRBYTE_EXTRACTED_AT TIMESTAMP_TZ, _AIRBYTE_META VARIANT, IS_FRAUDULENT BOOLEAN, TRANSACTION_ID NUMBER, _AB_SOURCE_FILE_URL TEXT, _AB_SOURCE_FILE_LAST_MODIFIED TEXT]
[2024-07-09T09:09:47.037+0000] {process_utils.py:190} INFO - INFO   |       Transaction IDs don't match with the reference table [include/soda/checks/tables/labeled_transactions.yml] [PASSED]
[2024-07-09T09:09:47.037+0000] {process_utils.py:190} INFO - INFO   |         value: 0
[2024-07-09T09:09:47.038+0000] {process_utils.py:190} INFO - INFO   |       Duplicate transaction ids [include/soda/checks/tables/labeled_transactions.yml] [PASSED]
[2024-07-09T09:09:47.038+0000] {process_utils.py:190} INFO - INFO   |         check_value: 0
[2024-07-09T09:09:47.039+0000] {process_utils.py:190} INFO - INFO   |       Transaction ids cannot be null [include/soda/checks/tables/labeled_transactions.yml] [PASSED]
[2024-07-09T09:09:47.039+0000] {process_utils.py:190} INFO - INFO   |         check_value: 0
[2024-07-09T09:09:47.040+0000] {process_utils.py:190} INFO - INFO   |       Is fraudulent values cannot be null [include/soda/checks/tables/labeled_transactions.yml] [PASSED]
[2024-07-09T09:09:47.040+0000] {process_utils.py:190} INFO - INFO   |         check_value: 0
[2024-07-09T09:09:47.041+0000] {process_utils.py:190} INFO - INFO   |     customer_transactions in staging
[2024-07-09T09:09:47.041+0000] {process_utils.py:190} INFO - INFO   |       Table is empty [include/soda/checks/tables/customer_transactions.yml] [PASSED]
[2024-07-09T09:09:47.041+0000] {process_utils.py:190} INFO - INFO   |         check_value: 382
[2024-07-09T09:09:47.042+0000] {process_utils.py:190} INFO - INFO   |       Schema Check [include/soda/checks/tables/customer_transactions.yml] [PASSED]
[2024-07-09T09:09:47.042+0000] {process_utils.py:190} INFO - INFO   |         schema_measured = [_AIRBYTE_RAW_ID TEXT, _AIRBYTE_EXTRACTED_AT TIMESTAMP_TZ, _AIRBYTE_META VARIANT, AMOUNT FLOAT, USER_ID NUMBER, TRANSACTION_ID NUMBER, TRANSACTION_DATE TEXT, _AB_SOURCE_FILE_URL TEXT, _AB_SOURCE_FILE_LAST_MODIFIED TEXT]
[2024-07-09T09:09:47.042+0000] {process_utils.py:190} INFO - INFO   |       Duplicate transaction ids [include/soda/checks/tables/customer_transactions.yml] [PASSED]
[2024-07-09T09:09:47.042+0000] {process_utils.py:190} INFO - INFO   |         check_value: 0
[2024-07-09T09:09:47.043+0000] {process_utils.py:190} INFO - INFO   |       Transactions ids missing in customer_transactions [include/soda/checks/tables/customer_transactions.yml] [PASSED]
[2024-07-09T09:09:47.043+0000] {process_utils.py:190} INFO - INFO   |         check_value: 0
[2024-07-09T09:09:47.043+0000] {process_utils.py:190} INFO - INFO   |       User ids missing in customer_transactions [include/soda/checks/tables/customer_transactions.yml] [PASSED]
[2024-07-09T09:09:47.044+0000] {process_utils.py:190} INFO - INFO   |         check_value: 0
[2024-07-09T09:09:47.045+0000] {process_utils.py:190} INFO - INFO   |       transaction_date missing in customer_transactions [include/soda/checks/tables/customer_transactions.yml] [PASSED]
[2024-07-09T09:09:47.045+0000] {process_utils.py:190} INFO - INFO   |         check_value: 0
[2024-07-09T09:09:47.046+0000] {process_utils.py:190} INFO - INFO   |       amount missing in customer_transactions [include/soda/checks/tables/customer_transactions.yml] [PASSED]
[2024-07-09T09:09:47.046+0000] {process_utils.py:190} INFO - INFO   |         check_value: 0
[2024-07-09T09:09:47.047+0000] {process_utils.py:190} INFO - INFO   | All is good. No failures. No warnings. No errors.
[2024-07-09T09:09:47.152+0000] {python.py:202} INFO - Done. Returned value was: None
[2024-07-09T09:09:47.162+0000] {taskinstance.py:1149} INFO - Marking task as SUCCESS. dag_id=customer_metrics, task_id=audit_labeled_transactions, execution_date=20240709T090824, start_date=20240709T090941, end_date=20240709T090947
[2024-07-09T09:09:47.182+0000] {local_task_job_runner.py:234} INFO - Task exited with return code 0
[2024-07-09T09:09:47.205+0000] {taskinstance.py:3309} INFO - 0 downstream tasks scheduled from follow-on schedule check
