[2024-07-09T09:05:41.671+0000] {taskinstance.py:1979} INFO - Dependencies all met for dep_context=non-requeueable deps ti=<TaskInstance: customer_metrics.publish.labeled_transactions_run manual__2024-07-09T09:04:08.631974+00:00 [queued]>
[2024-07-09T09:05:41.684+0000] {taskinstance.py:1979} INFO - Dependencies all met for dep_context=requeueable deps ti=<TaskInstance: customer_metrics.publish.labeled_transactions_run manual__2024-07-09T09:04:08.631974+00:00 [queued]>
[2024-07-09T09:05:41.685+0000] {taskinstance.py:2193} INFO - Starting attempt 1 of 1
[2024-07-09T09:05:41.704+0000] {taskinstance.py:2214} INFO - Executing <Task(DbtRunLocalOperator): publish.labeled_transactions_run> on 2024-07-09 09:04:08.631974+00:00
[2024-07-09T09:05:41.713+0000] {standard_task_runner.py:60} INFO - Started process 1498 to run task
[2024-07-09T09:05:41.717+0000] {standard_task_runner.py:87} INFO - Running: ['airflow', 'tasks', 'run', 'customer_metrics', 'publish.labeled_transactions_run', 'manual__2024-07-09T09:04:08.631974+00:00', '--job-id', '61', '--raw', '--subdir', 'DAGS_FOLDER/customer_metrics.py', '--cfg-path', '/tmp/tmp1jkgxqdw']
[2024-07-09T09:05:41.719+0000] {standard_task_runner.py:88} INFO - Job 61: Subtask publish.labeled_transactions_run
[2024-07-09T09:05:41.779+0000] {task_command.py:423} INFO - Running <TaskInstance: customer_metrics.publish.labeled_transactions_run manual__2024-07-09T09:04:08.631974+00:00 [running]> on host 3726baa263d6
[2024-07-09T09:05:41.871+0000] {taskinstance.py:2510} INFO - Exporting env vars: AIRFLOW_CTX_DAG_OWNER='airflow' AIRFLOW_CTX_DAG_ID='customer_metrics' AIRFLOW_CTX_TASK_ID='publish.labeled_transactions_run' AIRFLOW_CTX_EXECUTION_DATE='2024-07-09T09:04:08.631974+00:00' AIRFLOW_CTX_TRY_NUMBER='1' AIRFLOW_CTX_DAG_RUN_ID='manual__2024-07-09T09:04:08.631974+00:00'
[2024-07-09T09:05:41.873+0000] {local.py:202} INFO - Cloning project to writable temp directory /tmp/tmpvfj_tzp3 from /opt/airflow/include/dbt/fraud
[2024-07-09T09:05:41.876+0000] {config.py:253} INFO - Using user-supplied profiles.yml at /opt/airflow/include/dbt/fraud/profiles.yml
[2024-07-09T09:05:41.877+0000] {local.py:235} INFO - Trying to run the command:
 ['/home/airflow/.local/bin/dbt', 'run', '--models', 'labeled_transactions', '--profiles-dir', '/opt/airflow/include/dbt/fraud', '--profile', 'fraud', '--target', 'dev']
From /tmp/tmpvfj_tzp3
[2024-07-09T09:05:41.878+0000] {local.py:236} INFO - Using environment variables keys: dict_keys(['AIRFLOW_CTX_DAG_OWNER', 'AIRFLOW_CTX_DAG_ID', 'AIRFLOW_CTX_TASK_ID', 'AIRFLOW_CTX_EXECUTION_DATE', 'AIRFLOW_CTX_TRY_NUMBER', 'AIRFLOW_CTX_DAG_RUN_ID'])
[2024-07-09T09:05:41.878+0000] {subprocess.py:60} INFO - Tmp dir root location: 
 /tmp
[2024-07-09T09:05:41.879+0000] {subprocess.py:73} INFO - Running command: ['/home/airflow/.local/bin/dbt', 'run', '--models', 'labeled_transactions', '--profiles-dir', '/opt/airflow/include/dbt/fraud', '--profile', 'fraud', '--target', 'dev']
[2024-07-09T09:05:41.889+0000] {subprocess.py:84} INFO - Command output:
[2024-07-09T09:05:43.198+0000] {subprocess.py:94} INFO - [0m09:05:43  Running with dbt=1.8.1
[2024-07-09T09:05:44.054+0000] {subprocess.py:94} INFO - [0m09:05:44  Registered adapter: snowflake=1.8.2
[2024-07-09T09:05:44.083+0000] {subprocess.py:94} INFO - [0m09:05:44  Unable to do partial parsing because saved manifest not found. Starting full parse.
[2024-07-09T09:05:45.372+0000] {subprocess.py:94} INFO - [0m09:05:45  Found 3 models, 444 macros
[2024-07-09T09:05:45.374+0000] {subprocess.py:94} INFO - [0m09:05:45
[2024-07-09T09:05:46.650+0000] {subprocess.py:94} INFO - [0m09:05:46  Concurrency: 1 threads (target='dev')
[2024-07-09T09:05:46.651+0000] {subprocess.py:94} INFO - [0m09:05:46
[2024-07-09T09:05:46.660+0000] {subprocess.py:94} INFO - [0m09:05:46  1 of 1 START sql table model prod.labeled_transactions ......................... [RUN]
[2024-07-09T09:05:48.104+0000] {subprocess.py:94} INFO - [0m09:05:48  1 of 1 OK created sql table model prod.labeled_transactions .................... [[32mSUCCESS 1[0m in 1.44s]
[2024-07-09T09:05:48.108+0000] {subprocess.py:94} INFO - [0m09:05:48
[2024-07-09T09:05:48.109+0000] {subprocess.py:94} INFO - [0m09:05:48  Finished running 1 table model in 0 hours 0 minutes and 2.73 seconds (2.73s).
[2024-07-09T09:05:48.139+0000] {subprocess.py:94} INFO - [0m09:05:48
[2024-07-09T09:05:48.140+0000] {subprocess.py:94} INFO - [0m09:05:48  [32mCompleted successfully[0m
[2024-07-09T09:05:48.140+0000] {subprocess.py:94} INFO - [0m09:05:48
[2024-07-09T09:05:48.141+0000] {subprocess.py:94} INFO - [0m09:05:48  Done. PASS=1 WARN=0 ERROR=0 SKIP=0 TOTAL=1
[2024-07-09T09:05:49.540+0000] {subprocess.py:98} INFO - Command exited with return code 0
[2024-07-09T09:05:49.550+0000] {local.py:138} WARNING - Artifact schema version: https://schemas.getdbt.com/dbt/manifest/v12.json is above dbt-ol supported version 7. This might cause errors.
[2024-07-09T09:05:49.551+0000] {local.py:138} WARNING - Artifact schema version: https://schemas.getdbt.com/dbt/run-results/v6.json is above dbt-ol supported version 5. This might cause errors.
[2024-07-09T09:05:49.556+0000] {local.py:252} INFO - Inlets: []
[2024-07-09T09:05:49.557+0000] {local.py:253} INFO - Outlets: [Dataset(uri='snowflake://wn29403.ap-southeast-3.aws/AIRBYTE_DATABASE.prod.labeled_transactions', extra=None)]
[2024-07-09T09:05:49.574+0000] {dag.py:3047} INFO - Sync 1 DAGs
[2024-07-09T09:05:49.609+0000] {dag.py:3834} INFO - Setting next_dagrun for customer_metrics to 2024-07-09 00:00:00+00:00, run_after=2024-07-10 00:00:00+00:00
[2024-07-09T09:05:49.643+0000] {local.py:371} INFO - [0m09:05:48  Done. PASS=1 WARN=0 ERROR=0 SKIP=0 TOTAL=1
[2024-07-09T09:05:49.649+0000] {logging_mixin.py:188} WARNING - /home/airflow/.local/lib/python3.8/site-packages/airflow/models/baseoperator.py:1469 RemovedInAirflow3Warning: Passing 'execution_date' to 'TaskInstance.xcom_push()' is deprecated.
[2024-07-09T09:05:49.671+0000] {taskinstance.py:1149} INFO - Marking task as SUCCESS. dag_id=customer_metrics, task_id=publish.labeled_transactions_run, execution_date=20240709T090408, start_date=20240709T090541, end_date=20240709T090549
[2024-07-09T09:05:49.695+0000] {local_task_job_runner.py:234} INFO - Task exited with return code 0
[2024-07-09T09:05:49.715+0000] {taskinstance.py:3309} INFO - 1 downstream tasks scheduled from follow-on schedule check
