[2024-07-09T04:43:06.500+0000] {taskinstance.py:1979} INFO - Dependencies all met for dep_context=non-requeueable deps ti=<TaskInstance: customer_metrics.load_labeled_transactions_raw scheduled__2024-07-08T00:00:00+00:00 [queued]>
[2024-07-09T04:43:06.508+0000] {taskinstance.py:1979} INFO - Dependencies all met for dep_context=requeueable deps ti=<TaskInstance: customer_metrics.load_labeled_transactions_raw scheduled__2024-07-08T00:00:00+00:00 [queued]>
[2024-07-09T04:43:06.509+0000] {taskinstance.py:2193} INFO - Starting attempt 1 of 1
[2024-07-09T04:43:06.522+0000] {taskinstance.py:2214} INFO - Executing <Task(AirbyteTriggerSyncOperator): load_labeled_transactions_raw> on 2024-07-08 00:00:00+00:00
[2024-07-09T04:43:06.528+0000] {standard_task_runner.py:60} INFO - Started process 458 to run task
[2024-07-09T04:43:06.531+0000] {standard_task_runner.py:87} INFO - Running: ['airflow', 'tasks', 'run', 'customer_metrics', 'load_labeled_transactions_raw', 'scheduled__2024-07-08T00:00:00+00:00', '--job-id', '22', '--raw', '--subdir', 'DAGS_FOLDER/customer_metrics.py', '--cfg-path', '/tmp/tmp_4_5hgdk']
[2024-07-09T04:43:06.532+0000] {standard_task_runner.py:88} INFO - Job 22: Subtask load_labeled_transactions_raw
[2024-07-09T04:43:06.583+0000] {task_command.py:423} INFO - Running <TaskInstance: customer_metrics.load_labeled_transactions_raw scheduled__2024-07-08T00:00:00+00:00 [running]> on host 3726baa263d6
[2024-07-09T04:43:06.669+0000] {taskinstance.py:2510} INFO - Exporting env vars: AIRFLOW_CTX_DAG_OWNER='airflow' AIRFLOW_CTX_DAG_ID='customer_metrics' AIRFLOW_CTX_TASK_ID='load_labeled_transactions_raw' AIRFLOW_CTX_EXECUTION_DATE='2024-07-08T00:00:00+00:00' AIRFLOW_CTX_TRY_NUMBER='1' AIRFLOW_CTX_DAG_RUN_ID='scheduled__2024-07-08T00:00:00+00:00'
[2024-07-09T04:43:06.678+0000] {base.py:83} INFO - Using connection ID 'airbyte' for task execution.
[2024-07-09T04:43:13.550+0000] {airbyte.py:86} INFO - Job 61 was submitted to Airbyte Server
[2024-07-09T04:43:13.550+0000] {airbyte.py:88} INFO - Waiting for job 61 to complete
[2024-07-09T04:43:16.575+0000] {base.py:83} INFO - Using connection ID 'airbyte' for task execution.
[2024-07-09T04:43:19.716+0000] {base.py:83} INFO - Using connection ID 'airbyte' for task execution.
[2024-07-09T04:43:22.797+0000] {base.py:83} INFO - Using connection ID 'airbyte' for task execution.
[2024-07-09T04:43:25.829+0000] {base.py:83} INFO - Using connection ID 'airbyte' for task execution.
[2024-07-09T04:43:28.871+0000] {base.py:83} INFO - Using connection ID 'airbyte' for task execution.
[2024-07-09T04:43:31.927+0000] {base.py:83} INFO - Using connection ID 'airbyte' for task execution.
[2024-07-09T04:43:31.952+0000] {airbyte.py:112} INFO - Job 61 completed successfully
[2024-07-09T04:43:31.977+0000] {taskinstance.py:1149} INFO - Marking task as SUCCESS. dag_id=customer_metrics, task_id=load_labeled_transactions_raw, execution_date=20240708T000000, start_date=20240709T044306, end_date=20240709T044331
[2024-07-09T04:43:32.020+0000] {local_task_job_runner.py:234} INFO - Task exited with return code 0
[2024-07-09T04:43:32.046+0000] {taskinstance.py:3309} INFO - 1 downstream tasks scheduled from follow-on schedule check
[2024-07-09T09:16:57.211+0000] {taskinstance.py:1979} INFO - Dependencies all met for dep_context=non-requeueable deps ti=<TaskInstance: customer_metrics.load_labeled_transactions_raw scheduled__2024-07-08T00:00:00+00:00 [queued]>
[2024-07-09T09:16:57.221+0000] {taskinstance.py:1979} INFO - Dependencies all met for dep_context=requeueable deps ti=<TaskInstance: customer_metrics.load_labeled_transactions_raw scheduled__2024-07-08T00:00:00+00:00 [queued]>
[2024-07-09T09:16:57.222+0000] {taskinstance.py:2193} INFO - Starting attempt 1 of 1
[2024-07-09T09:16:57.240+0000] {taskinstance.py:2214} INFO - Executing <Task(AirbyteTriggerSyncOperator): load_labeled_transactions_raw> on 2024-07-08 00:00:00+00:00
[2024-07-09T09:16:57.248+0000] {standard_task_runner.py:60} INFO - Started process 725 to run task
[2024-07-09T09:16:57.251+0000] {standard_task_runner.py:87} INFO - Running: ['airflow', 'tasks', 'run', 'customer_metrics', 'load_labeled_transactions_raw', 'scheduled__2024-07-08T00:00:00+00:00', '--job-id', '86', '--raw', '--subdir', 'DAGS_FOLDER/customer_metrics.py', '--cfg-path', '/tmp/tmpte6_mli0']
[2024-07-09T09:16:57.255+0000] {standard_task_runner.py:88} INFO - Job 86: Subtask load_labeled_transactions_raw
[2024-07-09T09:16:57.320+0000] {task_command.py:423} INFO - Running <TaskInstance: customer_metrics.load_labeled_transactions_raw scheduled__2024-07-08T00:00:00+00:00 [running]> on host 3726baa263d6
[2024-07-09T09:16:57.421+0000] {taskinstance.py:2510} INFO - Exporting env vars: AIRFLOW_CTX_DAG_OWNER='airflow' AIRFLOW_CTX_DAG_ID='customer_metrics' AIRFLOW_CTX_TASK_ID='load_labeled_transactions_raw' AIRFLOW_CTX_EXECUTION_DATE='2024-07-08T00:00:00+00:00' AIRFLOW_CTX_TRY_NUMBER='1' AIRFLOW_CTX_DAG_RUN_ID='scheduled__2024-07-08T00:00:00+00:00'
[2024-07-09T09:16:57.432+0000] {base.py:83} INFO - Using connection ID 'airbyte' for task execution.
[2024-07-09T09:17:00.865+0000] {airbyte.py:86} INFO - Job 83 was submitted to Airbyte Server
[2024-07-09T09:17:00.866+0000] {airbyte.py:88} INFO - Waiting for job 83 to complete
[2024-07-09T09:17:03.890+0000] {base.py:83} INFO - Using connection ID 'airbyte' for task execution.
[2024-07-09T09:17:07.075+0000] {base.py:83} INFO - Using connection ID 'airbyte' for task execution.
[2024-07-09T09:17:10.141+0000] {base.py:83} INFO - Using connection ID 'airbyte' for task execution.
[2024-07-09T09:17:13.187+0000] {base.py:83} INFO - Using connection ID 'airbyte' for task execution.
[2024-07-09T09:17:13.227+0000] {airbyte.py:112} INFO - Job 83 completed successfully
[2024-07-09T09:17:13.261+0000] {taskinstance.py:1149} INFO - Marking task as SUCCESS. dag_id=customer_metrics, task_id=load_labeled_transactions_raw, execution_date=20240708T000000, start_date=20240709T091657, end_date=20240709T091713
[2024-07-09T09:17:13.319+0000] {local_task_job_runner.py:234} INFO - Task exited with return code 0
[2024-07-09T09:17:13.353+0000] {taskinstance.py:3309} INFO - 0 downstream tasks scheduled from follow-on schedule check
[2024-07-09T09:59:57.042+0000] {taskinstance.py:1979} INFO - Dependencies all met for dep_context=non-requeueable deps ti=<TaskInstance: customer_metrics.load_labeled_transactions_raw scheduled__2024-07-08T00:00:00+00:00 [queued]>
[2024-07-09T09:59:57.052+0000] {taskinstance.py:1979} INFO - Dependencies all met for dep_context=requeueable deps ti=<TaskInstance: customer_metrics.load_labeled_transactions_raw scheduled__2024-07-08T00:00:00+00:00 [queued]>
[2024-07-09T09:59:57.053+0000] {taskinstance.py:2193} INFO - Starting attempt 1 of 1
[2024-07-09T09:59:57.068+0000] {taskinstance.py:2214} INFO - Executing <Task(AirbyteTriggerSyncOperator): load_labeled_transactions_raw> on 2024-07-08 00:00:00+00:00
[2024-07-09T09:59:57.073+0000] {standard_task_runner.py:60} INFO - Started process 4600 to run task
[2024-07-09T09:59:57.077+0000] {standard_task_runner.py:87} INFO - Running: ['airflow', 'tasks', 'run', 'customer_metrics', 'load_labeled_transactions_raw', 'scheduled__2024-07-08T00:00:00+00:00', '--job-id', '160', '--raw', '--subdir', 'DAGS_FOLDER/customer_metrics.py', '--cfg-path', '/tmp/tmpk868slw3']
[2024-07-09T09:59:57.080+0000] {standard_task_runner.py:88} INFO - Job 160: Subtask load_labeled_transactions_raw
[2024-07-09T09:59:57.135+0000] {task_command.py:423} INFO - Running <TaskInstance: customer_metrics.load_labeled_transactions_raw scheduled__2024-07-08T00:00:00+00:00 [running]> on host 3726baa263d6
[2024-07-09T09:59:57.222+0000] {taskinstance.py:2510} INFO - Exporting env vars: AIRFLOW_CTX_DAG_OWNER='airflow' AIRFLOW_CTX_DAG_ID='customer_metrics' AIRFLOW_CTX_TASK_ID='load_labeled_transactions_raw' AIRFLOW_CTX_EXECUTION_DATE='2024-07-08T00:00:00+00:00' AIRFLOW_CTX_TRY_NUMBER='1' AIRFLOW_CTX_DAG_RUN_ID='scheduled__2024-07-08T00:00:00+00:00'
[2024-07-09T09:59:57.233+0000] {base.py:83} INFO - Using connection ID 'airbyte' for task execution.
[2024-07-09T09:59:57.909+0000] {airbyte.py:86} INFO - Job 130 was submitted to Airbyte Server
[2024-07-09T09:59:57.910+0000] {airbyte.py:88} INFO - Waiting for job 130 to complete
[2024-07-09T10:00:00.935+0000] {base.py:83} INFO - Using connection ID 'airbyte' for task execution.
[2024-07-09T10:00:04.019+0000] {base.py:83} INFO - Using connection ID 'airbyte' for task execution.
[2024-07-09T10:00:07.055+0000] {base.py:83} INFO - Using connection ID 'airbyte' for task execution.
[2024-07-09T10:00:07.072+0000] {airbyte.py:112} INFO - Job 130 completed successfully
[2024-07-09T10:00:07.103+0000] {taskinstance.py:1149} INFO - Marking task as SUCCESS. dag_id=customer_metrics, task_id=load_labeled_transactions_raw, execution_date=20240708T000000, start_date=20240709T095957, end_date=20240709T100007
[2024-07-09T10:00:07.155+0000] {local_task_job_runner.py:234} INFO - Task exited with return code 0
[2024-07-09T10:00:07.185+0000] {taskinstance.py:3309} INFO - 0 downstream tasks scheduled from follow-on schedule check
